<?xml version="1.0" encoding="UTF-8"?>
<coverage generated="1593022251964" clover="3.2.0">
  <project timestamp="1593022251964" name="All files">
    <metrics statements="181" coveredstatements="82" conditionals="19" coveredconditionals="8" methods="45" coveredmethods="27" elements="245" coveredelements="117" complexity="0" loc="181" ncloc="181" packages="4" files="18" classes="18"/>
    <package name="client.src">
      <metrics statements="8" coveredstatements="0" conditionals="0" coveredconditionals="0" methods="1" coveredmethods="0"/>
      <file name="index.jsx" path="/Users/chelseaschmidt/Documents/Galvanize_Coding_Bootcamp/tripadvisor_reviews_chelsea/client/src/index.jsx">
        <metrics statements="8" coveredstatements="0" conditionals="0" coveredconditionals="0" methods="1" coveredmethods="0"/>
        <line num="6" count="0" type="stmt"/>
        <line num="7" count="0" type="stmt"/>
        <line num="8" count="0" type="stmt"/>
        <line num="9" count="0" type="stmt"/>
        <line num="10" count="0" type="stmt"/>
        <line num="11" count="0" type="stmt"/>
        <line num="14" count="0" type="stmt"/>
        <line num="16" count="0" type="stmt"/>
      </file>
    </package>
    <package name="client.src.components">
      <metrics statements="60" coveredstatements="58" conditionals="6" coveredconditionals="6" methods="22" coveredmethods="20"/>
      <file name="App.jsx" path="/Users/chelseaschmidt/Documents/Galvanize_Coding_Bootcamp/tripadvisor_reviews_chelsea/client/src/components/App.jsx">
        <metrics statements="24" coveredstatements="22" conditionals="6" coveredconditionals="6" methods="7" coveredmethods="5"/>
        <line num="16" count="6" type="stmt"/>
        <line num="17" count="6" type="stmt"/>
        <line num="29" count="6" type="stmt"/>
        <line num="30" count="6" type="stmt"/>
        <line num="34" count="6" type="stmt"/>
        <line num="35" count="6" type="stmt"/>
        <line num="37" count="0" type="stmt"/>
        <line num="46" count="0" type="stmt"/>
        <line num="55" count="9" type="stmt"/>
        <line num="57" count="9" type="stmt"/>
        <line num="59" count="9" type="cond" truecount="2" falsecount="0"/>
        <line num="60" count="7" type="stmt"/>
        <line num="76" count="2" type="stmt"/>
        <line num="86" count="5" type="stmt"/>
        <line num="88" count="5" type="stmt"/>
        <line num="89" count="5" type="stmt"/>
        <line num="91" count="5" type="cond" truecount="2" falsecount="0"/>
        <line num="92" count="2" type="stmt"/>
        <line num="94" count="3" type="stmt"/>
        <line num="97" count="5" type="cond" truecount="2" falsecount="0"/>
        <line num="98" count="3" type="stmt"/>
        <line num="109" count="9" type="stmt"/>
        <line num="110" count="9" type="stmt"/>
        <line num="126" count="1" type="stmt"/>
      </file>
      <file name="Checklist.jsx" path="/Users/chelseaschmidt/Documents/Galvanize_Coding_Bootcamp/tripadvisor_reviews_chelsea/client/src/components/Checklist.jsx">
        <metrics statements="3" coveredstatements="3" conditionals="0" coveredconditionals="0" methods="1" coveredmethods="1"/>
        <line num="4" count="1" type="stmt"/>
        <line num="5" count="14" type="stmt"/>
        <line num="10" count="1" type="stmt"/>
      </file>
      <file name="Header.jsx" path="/Users/chelseaschmidt/Documents/Galvanize_Coding_Bootcamp/tripadvisor_reviews_chelsea/client/src/components/Header.jsx">
        <metrics statements="3" coveredstatements="3" conditionals="0" coveredconditionals="0" methods="1" coveredmethods="1"/>
        <line num="4" count="1" type="stmt"/>
        <line num="11" count="9" type="stmt"/>
        <line num="18" count="1" type="stmt"/>
      </file>
      <file name="Mentions.jsx" path="/Users/chelseaschmidt/Documents/Galvanize_Coding_Bootcamp/tripadvisor_reviews_chelsea/client/src/components/Mentions.jsx">
        <metrics statements="2" coveredstatements="2" conditionals="0" coveredconditionals="0" methods="1" coveredmethods="1"/>
        <line num="3" count="1" type="stmt"/>
        <line num="4" count="7" type="stmt"/>
      </file>
      <file name="NavBar.jsx" path="/Users/chelseaschmidt/Documents/Galvanize_Coding_Bootcamp/tripadvisor_reviews_chelsea/client/src/components/NavBar.jsx">
        <metrics statements="2" coveredstatements="2" conditionals="0" coveredconditionals="0" methods="1" coveredmethods="1"/>
        <line num="3" count="1" type="stmt"/>
        <line num="4" count="9" type="stmt"/>
      </file>
      <file name="RadioList.jsx" path="/Users/chelseaschmidt/Documents/Galvanize_Coding_Bootcamp/tripadvisor_reviews_chelsea/client/src/components/RadioList.jsx">
        <metrics statements="3" coveredstatements="3" conditionals="0" coveredconditionals="0" methods="1" coveredmethods="1"/>
        <line num="4" count="1" type="stmt"/>
        <line num="5" count="7" type="stmt"/>
        <line num="10" count="1" type="stmt"/>
      </file>
      <file name="RateBar.jsx" path="/Users/chelseaschmidt/Documents/Galvanize_Coding_Bootcamp/tripadvisor_reviews_chelsea/client/src/components/RateBar.jsx">
        <metrics statements="3" coveredstatements="3" conditionals="0" coveredconditionals="0" methods="1" coveredmethods="1"/>
        <line num="4" count="1" type="stmt"/>
        <line num="5" count="35" type="stmt"/>
        <line num="8" count="1" type="stmt"/>
      </file>
      <file name="Ratings.jsx" path="/Users/chelseaschmidt/Documents/Galvanize_Coding_Bootcamp/tripadvisor_reviews_chelsea/client/src/components/Ratings.jsx">
        <metrics statements="4" coveredstatements="4" conditionals="0" coveredconditionals="0" methods="2" coveredmethods="2"/>
        <line num="5" count="1" type="stmt"/>
        <line num="6" count="7" type="stmt"/>
        <line num="8" count="35" type="stmt"/>
        <line num="12" count="1" type="stmt"/>
      </file>
      <file name="Review.jsx" path="/Users/chelseaschmidt/Documents/Galvanize_Coding_Bootcamp/tripadvisor_reviews_chelsea/client/src/components/Review.jsx">
        <metrics statements="5" coveredstatements="5" conditionals="0" coveredconditionals="0" methods="2" coveredmethods="2"/>
        <line num="6" count="7" type="stmt"/>
        <line num="7" count="7" type="stmt"/>
        <line num="13" count="7" type="stmt"/>
        <line num="14" count="7" type="stmt"/>
        <line num="23" count="1" type="stmt"/>
      </file>
      <file name="ReviewPage.jsx" path="/Users/chelseaschmidt/Documents/Galvanize_Coding_Bootcamp/tripadvisor_reviews_chelsea/client/src/components/ReviewPage.jsx">
        <metrics statements="4" coveredstatements="4" conditionals="0" coveredconditionals="0" methods="2" coveredmethods="2"/>
        <line num="5" count="1" type="stmt"/>
        <line num="6" count="7" type="stmt"/>
        <line num="7" count="7" type="stmt"/>
        <line num="11" count="1" type="stmt"/>
      </file>
      <file name="Search.jsx" path="/Users/chelseaschmidt/Documents/Galvanize_Coding_Bootcamp/tripadvisor_reviews_chelsea/client/src/components/Search.jsx">
        <metrics statements="4" coveredstatements="4" conditionals="0" coveredconditionals="0" methods="2" coveredmethods="2"/>
        <line num="5" count="7" type="stmt"/>
        <line num="6" count="7" type="stmt"/>
        <line num="12" count="7" type="stmt"/>
        <line num="13" count="7" type="stmt"/>
      </file>
      <file name="Tab.jsx" path="/Users/chelseaschmidt/Documents/Galvanize_Coding_Bootcamp/tripadvisor_reviews_chelsea/client/src/components/Tab.jsx">
        <metrics statements="3" coveredstatements="3" conditionals="0" coveredconditionals="0" methods="1" coveredmethods="1"/>
        <line num="4" count="1" type="stmt"/>
        <line num="10" count="18" type="stmt"/>
        <line num="17" count="1" type="stmt"/>
      </file>
    </package>
    <package name="database">
      <metrics statements="72" coveredstatements="6" conditionals="6" coveredconditionals="0" methods="9" coveredmethods="0"/>
      <file name="Reviews.js" path="/Users/chelseaschmidt/Documents/Galvanize_Coding_Bootcamp/tripadvisor_reviews_chelsea/database/Reviews.js">
        <metrics statements="6" coveredstatements="6" conditionals="0" coveredconditionals="0" methods="0" coveredmethods="0"/>
        <line num="1" count="1" type="stmt"/>
        <line num="3" count="1" type="stmt"/>
        <line num="4" count="1" type="stmt"/>
        <line num="6" count="1" type="stmt"/>
        <line num="27" count="1" type="stmt"/>
        <line num="29" count="1" type="stmt"/>
      </file>
      <file name="getImages.js" path="/Users/chelseaschmidt/Documents/Galvanize_Coding_Bootcamp/tripadvisor_reviews_chelsea/database/getImages.js">
        <metrics statements="13" coveredstatements="0" conditionals="0" coveredconditionals="0" methods="4" coveredmethods="0"/>
        <line num="1" count="0" type="stmt"/>
        <line num="2" count="0" type="stmt"/>
        <line num="3" count="0" type="stmt"/>
        <line num="5" count="0" type="stmt"/>
        <line num="6" count="0" type="stmt"/>
        <line num="8" count="0" type="stmt"/>
        <line num="9" count="0" type="stmt"/>
        <line num="15" count="0" type="stmt"/>
        <line num="18" count="0" type="stmt"/>
        <line num="22" count="0" type="stmt"/>
        <line num="23" count="0" type="stmt"/>
        <line num="29" count="0" type="stmt"/>
        <line num="32" count="0" type="stmt"/>
      </file>
      <file name="seed.js" path="/Users/chelseaschmidt/Documents/Galvanize_Coding_Bootcamp/tripadvisor_reviews_chelsea/database/seed.js">
        <metrics statements="53" coveredstatements="0" conditionals="6" coveredconditionals="0" methods="5" coveredmethods="0"/>
        <line num="1" count="0" type="stmt"/>
        <line num="2" count="0" type="stmt"/>
        <line num="4" count="0" type="stmt"/>
        <line num="6" count="0" type="stmt"/>
        <line num="8" count="0" type="stmt"/>
        <line num="9" count="0" type="stmt"/>
        <line num="10" count="0" type="cond" truecount="0" falsecount="2"/>
        <line num="11" count="0" type="stmt"/>
        <line num="13" count="0" type="stmt"/>
        <line num="14" count="0" type="stmt"/>
        <line num="17" count="0" type="stmt"/>
        <line num="29" count="0" type="stmt"/>
        <line num="41" count="0" type="stmt"/>
        <line num="53" count="0" type="stmt"/>
        <line num="54" count="0" type="stmt"/>
        <line num="56" count="0" type="stmt"/>
        <line num="57" count="0" type="stmt"/>
        <line num="58" count="0" type="stmt"/>
        <line num="61" count="0" type="stmt"/>
        <line num="62" count="0" type="stmt"/>
        <line num="63" count="0" type="stmt"/>
        <line num="66" count="0" type="stmt"/>
        <line num="68" count="0" type="stmt"/>
        <line num="70" count="0" type="stmt"/>
        <line num="71" count="0" type="stmt"/>
        <line num="73" count="0" type="cond" truecount="0" falsecount="2"/>
        <line num="74" count="0" type="stmt"/>
        <line num="75" count="0" type="cond" truecount="0" falsecount="2"/>
        <line num="76" count="0" type="stmt"/>
        <line num="78" count="0" type="stmt"/>
        <line num="80" count="0" type="stmt"/>
        <line num="83" count="0" type="stmt"/>
        <line num="85" count="0" type="stmt"/>
        <line num="86" count="0" type="stmt"/>
        <line num="88" count="0" type="stmt"/>
        <line num="89" count="0" type="stmt"/>
        <line num="90" count="0" type="stmt"/>
        <line num="91" count="0" type="stmt"/>
        <line num="92" count="0" type="stmt"/>
        <line num="93" count="0" type="stmt"/>
        <line num="94" count="0" type="stmt"/>
        <line num="95" count="0" type="stmt"/>
        <line num="96" count="0" type="stmt"/>
        <line num="97" count="0" type="stmt"/>
        <line num="98" count="0" type="stmt"/>
        <line num="99" count="0" type="stmt"/>
        <line num="101" count="0" type="stmt"/>
        <line num="122" count="0" type="stmt"/>
        <line num="123" count="0" type="stmt"/>
        <line num="134" count="0" type="stmt"/>
        <line num="138" count="0" type="stmt"/>
        <line num="140" count="0" type="stmt"/>
        <line num="143" count="0" type="stmt"/>
      </file>
    </package>
    <package name="server">
      <metrics statements="41" coveredstatements="18" conditionals="7" coveredconditionals="2" methods="13" coveredmethods="7"/>
      <file name="index.js" path="/Users/chelseaschmidt/Documents/Galvanize_Coding_Bootcamp/tripadvisor_reviews_chelsea/server/index.js">
        <metrics statements="15" coveredstatements="0" conditionals="0" coveredconditionals="0" methods="1" coveredmethods="0"/>
        <line num="1" count="0" type="stmt"/>
        <line num="2" count="0" type="stmt"/>
        <line num="3" count="0" type="stmt"/>
        <line num="4" count="0" type="stmt"/>
        <line num="5" count="0" type="stmt"/>
        <line num="7" count="0" type="stmt"/>
        <line num="9" count="0" type="stmt"/>
        <line num="11" count="0" type="stmt"/>
        <line num="12" count="0" type="stmt"/>
        <line num="13" count="0" type="stmt"/>
        <line num="15" count="0" type="stmt"/>
        <line num="16" count="0" type="stmt"/>
        <line num="17" count="0" type="stmt"/>
        <line num="19" count="0" type="stmt"/>
        <line num="20" count="0" type="stmt"/>
      </file>
      <file name="routeHandlers.js" path="/Users/chelseaschmidt/Documents/Galvanize_Coding_Bootcamp/tripadvisor_reviews_chelsea/server/routeHandlers.js">
        <metrics statements="26" coveredstatements="18" conditionals="7" coveredconditionals="2" methods="12" coveredmethods="7"/>
        <line num="1" count="1" type="stmt"/>
        <line num="3" count="1" type="cond" truecount="0" falsecount="1"/>
        <line num="4" count="1" type="stmt"/>
        <line num="5" count="1" type="cond" truecount="1" falsecount="1"/>
        <line num="6" count="0" type="stmt"/>
        <line num="7" count="0" type="stmt"/>
        <line num="9" count="1" type="stmt"/>
        <line num="10" count="1" type="stmt"/>
        <line num="11" count="1" type="stmt"/>
        <line num="16" count="1" type="cond" truecount="0" falsecount="1"/>
        <line num="17" count="1" type="stmt"/>
        <line num="18" count="1" type="cond" truecount="1" falsecount="1"/>
        <line num="19" count="0" type="stmt"/>
        <line num="20" count="0" type="stmt"/>
        <line num="22" count="1" type="stmt"/>
        <line num="23" count="1" type="stmt"/>
        <line num="25" count="1" type="stmt"/>
        <line num="26" count="1" type="stmt"/>
        <line num="29" count="0" type="stmt"/>
        <line num="30" count="0" type="stmt"/>
        <line num="36" count="1" type="cond" truecount="0" falsecount="1"/>
        <line num="37" count="1" type="stmt"/>
        <line num="43" count="1" type="stmt"/>
        <line num="44" count="1" type="stmt"/>
        <line num="47" count="0" type="stmt"/>
        <line num="48" count="0" type="stmt"/>
      </file>
    </package>
  </project>
</coverage>
