{"/Users/chelseaschmidt/Documents/Galvanize_Coding_Bootcamp/tripadvisor_reviews_chelsea/client/src/index.jsx": {"path":"/Users/chelseaschmidt/Documents/Galvanize_Coding_Bootcamp/tripadvisor_reviews_chelsea/client/src/index.jsx","statementMap":{"0":{"start":{"line":6,"column":24},"end":{"line":12,"column":1}},"1":{"start":{"line":7,"column":14},"end":{"line":7,"column":26}},"2":{"start":{"line":8,"column":15},"end":{"line":8,"column":27}},"3":{"start":{"line":9,"column":19},"end":{"line":9,"column":28}},"4":{"start":{"line":10,"column":25},"end":{"line":10,"column":45}},"5":{"start":{"line":11,"column":2},"end":{"line":11,"column":22}},"6":{"start":{"line":14,"column":21},"end":{"line":14,"column":58}},"7":{"start":{"line":16,"column":0},"end":{"line":16,"column":85}}},"fnMap":{"0":{"name":"(anonymous_0)","decl":{"start":{"line":6,"column":24},"end":{"line":6,"column":25}},"loc":{"start":{"line":6,"column":33},"end":{"line":12,"column":1}},"line":6}},"branchMap":{},"s":{"0":0,"1":0,"2":0,"3":0,"4":0,"5":0,"6":0,"7":0},"f":{"0":0},"b":{}}
,"/Users/chelseaschmidt/Documents/Galvanize_Coding_Bootcamp/tripadvisor_reviews_chelsea/client/src/components/App.jsx": {"path":"/Users/chelseaschmidt/Documents/Galvanize_Coding_Bootcamp/tripadvisor_reviews_chelsea/client/src/components/App.jsx","statementMap":{"0":{"start":{"line":16,"column":4},"end":{"line":16,"column":17}},"1":{"start":{"line":17,"column":4},"end":{"line":28,"column":6}},"2":{"start":{"line":29,"column":4},"end":{"line":29,"column":57}},"3":{"start":{"line":30,"column":4},"end":{"line":30,"column":61}},"4":{"start":{"line":34,"column":35},"end":{"line":34,"column":45}},"5":{"start":{"line":35,"column":4},"end":{"line":47,"column":9}},"6":{"start":{"line":37,"column":8},"end":{"line":43,"column":11}},"7":{"start":{"line":46,"column":8},"end":{"line":46,"column":27}},"8":{"start":{"line":55,"column":8},"end":{"line":55,"column":18}},"9":{"start":{"line":57,"column":18},"end":{"line":57,"column":75}},"10":{"start":{"line":59,"column":4},"end":{"line":75,"column":5}},"11":{"start":{"line":60,"column":6},"end":{"line":74,"column":8}},"12":{"start":{"line":76,"column":4},"end":{"line":76,"column":166}},"13":{"start":{"line":86,"column":8},"end":{"line":86,"column":18}},"14":{"start":{"line":88,"column":27},"end":{"line":88,"column":55}},"15":{"start":{"line":89,"column":15},"end":{"line":89,"column":55}},"16":{"start":{"line":91,"column":4},"end":{"line":95,"column":5}},"17":{"start":{"line":92,"column":6},"end":{"line":92,"column":26}},"18":{"start":{"line":94,"column":6},"end":{"line":94,"column":28}},"19":{"start":{"line":97,"column":4},"end":{"line":105,"column":5}},"20":{"start":{"line":98,"column":6},"end":{"line":104,"column":9}},"21":{"start":{"line":109,"column":41},"end":{"line":109,"column":51}},"22":{"start":{"line":110,"column":4},"end":{"line":122,"column":6}},"23":{"start":{"line":126,"column":0},"end":{"line":128,"column":2}}},"fnMap":{"0":{"name":"(anonymous_0)","decl":{"start":{"line":15,"column":2},"end":{"line":15,"column":3}},"loc":{"start":{"line":15,"column":21},"end":{"line":31,"column":3}},"line":15},"1":{"name":"(anonymous_1)","decl":{"start":{"line":33,"column":2},"end":{"line":33,"column":3}},"loc":{"start":{"line":33,"column":22},"end":{"line":48,"column":3}},"line":33},"2":{"name":"(anonymous_2)","decl":{"start":{"line":36,"column":12},"end":{"line":36,"column":13}},"loc":{"start":{"line":36,"column":21},"end":{"line":44,"column":7}},"line":36},"3":{"name":"(anonymous_3)","decl":{"start":{"line":45,"column":13},"end":{"line":45,"column":14}},"loc":{"start":{"line":45,"column":22},"end":{"line":47,"column":7}},"line":45},"4":{"name":"(anonymous_4)","decl":{"start":{"line":50,"column":2},"end":{"line":50,"column":3}},"loc":{"start":{"line":50,"column":19},"end":{"line":77,"column":3}},"line":50},"5":{"name":"(anonymous_5)","decl":{"start":{"line":79,"column":2},"end":{"line":79,"column":3}},"loc":{"start":{"line":79,"column":26},"end":{"line":106,"column":3}},"line":79},"6":{"name":"(anonymous_6)","decl":{"start":{"line":108,"column":2},"end":{"line":108,"column":3}},"loc":{"start":{"line":108,"column":11},"end":{"line":123,"column":3}},"line":108}},"branchMap":{"0":{"loc":{"start":{"line":59,"column":4},"end":{"line":75,"column":5}},"type":"if","locations":[{"start":{"line":59,"column":4},"end":{"line":75,"column":5}},{"start":{"line":59,"column":4},"end":{"line":75,"column":5}}],"line":59},"1":{"loc":{"start":{"line":91,"column":4},"end":{"line":95,"column":5}},"type":"if","locations":[{"start":{"line":91,"column":4},"end":{"line":95,"column":5}},{"start":{"line":91,"column":4},"end":{"line":95,"column":5}}],"line":91},"2":{"loc":{"start":{"line":97,"column":4},"end":{"line":105,"column":5}},"type":"if","locations":[{"start":{"line":97,"column":4},"end":{"line":105,"column":5}},{"start":{"line":97,"column":4},"end":{"line":105,"column":5}}],"line":97}},"s":{"0":6,"1":6,"2":6,"3":6,"4":6,"5":6,"6":0,"7":0,"8":9,"9":9,"10":9,"11":7,"12":2,"13":5,"14":5,"15":5,"16":5,"17":2,"18":3,"19":5,"20":3,"21":9,"22":9,"23":1},"f":{"0":6,"1":6,"2":0,"3":0,"4":9,"5":5,"6":9},"b":{"0":[7,2],"1":[2,3],"2":[3,2]},"_coverageSchema":"1a1c01bbd47fc00a2c39e90264f33305004495a9","hash":"2ce99e38c2156325018418bc92a22703fed8e35f"}
,"/Users/chelseaschmidt/Documents/Galvanize_Coding_Bootcamp/tripadvisor_reviews_chelsea/client/src/components/Checklist.jsx": {"path":"/Users/chelseaschmidt/Documents/Galvanize_Coding_Bootcamp/tripadvisor_reviews_chelsea/client/src/components/Checklist.jsx","statementMap":{"0":{"start":{"line":4,"column":18},"end":{"line":8,"column":1}},"1":{"start":{"line":5,"column":2},"end":{"line":7,"column":8}},"2":{"start":{"line":10,"column":0},"end":{"line":12,"column":2}}},"fnMap":{"0":{"name":"(anonymous_0)","decl":{"start":{"line":4,"column":18},"end":{"line":4,"column":19}},"loc":{"start":{"line":5,"column":2},"end":{"line":7,"column":8}},"line":5}},"branchMap":{},"s":{"0":1,"1":14,"2":1},"f":{"0":14},"b":{},"_coverageSchema":"1a1c01bbd47fc00a2c39e90264f33305004495a9","hash":"6bd488e23e6fb2c7d16f713fc374b10f37f18c84"}
,"/Users/chelseaschmidt/Documents/Galvanize_Coding_Bootcamp/tripadvisor_reviews_chelsea/client/src/components/Header.jsx": {"path":"/Users/chelseaschmidt/Documents/Galvanize_Coding_Bootcamp/tripadvisor_reviews_chelsea/client/src/components/Header.jsx","statementMap":{"0":{"start":{"line":4,"column":15},"end":{"line":16,"column":1}},"1":{"start":{"line":11,"column":2},"end":{"line":15,"column":8}},"2":{"start":{"line":18,"column":0},"end":{"line":24,"column":2}}},"fnMap":{"0":{"name":"(anonymous_0)","decl":{"start":{"line":4,"column":15},"end":{"line":4,"column":16}},"loc":{"start":{"line":11,"column":2},"end":{"line":15,"column":8}},"line":11}},"branchMap":{},"s":{"0":1,"1":9,"2":1},"f":{"0":9},"b":{},"_coverageSchema":"1a1c01bbd47fc00a2c39e90264f33305004495a9","hash":"6bd770c2cd7a9e05488f0ec64488ed423abad1ec"}
,"/Users/chelseaschmidt/Documents/Galvanize_Coding_Bootcamp/tripadvisor_reviews_chelsea/client/src/components/Mentions.jsx": {"path":"/Users/chelseaschmidt/Documents/Galvanize_Coding_Bootcamp/tripadvisor_reviews_chelsea/client/src/components/Mentions.jsx","statementMap":{"0":{"start":{"line":3,"column":17},"end":{"line":8,"column":1}},"1":{"start":{"line":4,"column":2},"end":{"line":7,"column":8}}},"fnMap":{"0":{"name":"(anonymous_0)","decl":{"start":{"line":3,"column":17},"end":{"line":3,"column":18}},"loc":{"start":{"line":4,"column":2},"end":{"line":7,"column":8}},"line":4}},"branchMap":{},"s":{"0":1,"1":7},"f":{"0":7},"b":{},"_coverageSchema":"1a1c01bbd47fc00a2c39e90264f33305004495a9","hash":"48e53e0cfcbe68c852548df8a5df8a015f2a4f3c"}
,"/Users/chelseaschmidt/Documents/Galvanize_Coding_Bootcamp/tripadvisor_reviews_chelsea/client/src/components/NavBar.jsx": {"path":"/Users/chelseaschmidt/Documents/Galvanize_Coding_Bootcamp/tripadvisor_reviews_chelsea/client/src/components/NavBar.jsx","statementMap":{"0":{"start":{"line":3,"column":15},"end":{"line":5,"column":1}},"1":{"start":{"line":4,"column":2},"end":{"line":4,"column":40}}},"fnMap":{"0":{"name":"(anonymous_0)","decl":{"start":{"line":3,"column":15},"end":{"line":3,"column":16}},"loc":{"start":{"line":4,"column":2},"end":{"line":4,"column":40}},"line":4}},"branchMap":{},"s":{"0":1,"1":9},"f":{"0":9},"b":{},"_coverageSchema":"1a1c01bbd47fc00a2c39e90264f33305004495a9","hash":"9b73fb69c78cd901ce22ee01fb8133ade9f92eb6"}
,"/Users/chelseaschmidt/Documents/Galvanize_Coding_Bootcamp/tripadvisor_reviews_chelsea/client/src/components/RadioList.jsx": {"path":"/Users/chelseaschmidt/Documents/Galvanize_Coding_Bootcamp/tripadvisor_reviews_chelsea/client/src/components/RadioList.jsx","statementMap":{"0":{"start":{"line":4,"column":18},"end":{"line":8,"column":1}},"1":{"start":{"line":5,"column":2},"end":{"line":7,"column":8}},"2":{"start":{"line":10,"column":0},"end":{"line":12,"column":2}}},"fnMap":{"0":{"name":"(anonymous_0)","decl":{"start":{"line":4,"column":18},"end":{"line":4,"column":19}},"loc":{"start":{"line":5,"column":2},"end":{"line":7,"column":8}},"line":5}},"branchMap":{},"s":{"0":1,"1":7,"2":1},"f":{"0":7},"b":{},"_coverageSchema":"1a1c01bbd47fc00a2c39e90264f33305004495a9","hash":"3b5cb8f2f4fceafe31d38bbe0bed740d38bfca3d"}
,"/Users/chelseaschmidt/Documents/Galvanize_Coding_Bootcamp/tripadvisor_reviews_chelsea/client/src/components/RateBar.jsx": {"path":"/Users/chelseaschmidt/Documents/Galvanize_Coding_Bootcamp/tripadvisor_reviews_chelsea/client/src/components/RateBar.jsx","statementMap":{"0":{"start":{"line":4,"column":16},"end":{"line":6,"column":1}},"1":{"start":{"line":5,"column":2},"end":{"line":5,"column":40}},"2":{"start":{"line":8,"column":0},"end":{"line":10,"column":2}}},"fnMap":{"0":{"name":"(anonymous_0)","decl":{"start":{"line":4,"column":16},"end":{"line":4,"column":17}},"loc":{"start":{"line":5,"column":2},"end":{"line":5,"column":40}},"line":5}},"branchMap":{},"s":{"0":1,"1":35,"2":1},"f":{"0":35},"b":{},"_coverageSchema":"1a1c01bbd47fc00a2c39e90264f33305004495a9","hash":"b2790e42560a76495e1c27a431428b1fa68dd97f"}
,"/Users/chelseaschmidt/Documents/Galvanize_Coding_Bootcamp/tripadvisor_reviews_chelsea/client/src/components/Ratings.jsx": {"path":"/Users/chelseaschmidt/Documents/Galvanize_Coding_Bootcamp/tripadvisor_reviews_chelsea/client/src/components/Ratings.jsx","statementMap":{"0":{"start":{"line":5,"column":16},"end":{"line":10,"column":1}},"1":{"start":{"line":6,"column":2},"end":{"line":9,"column":8}},"2":{"start":{"line":8,"column":25},"end":{"line":8,"column":68}},"3":{"start":{"line":12,"column":0},"end":{"line":14,"column":2}}},"fnMap":{"0":{"name":"(anonymous_0)","decl":{"start":{"line":5,"column":16},"end":{"line":5,"column":17}},"loc":{"start":{"line":6,"column":2},"end":{"line":9,"column":8}},"line":6},"1":{"name":"(anonymous_1)","decl":{"start":{"line":8,"column":15},"end":{"line":8,"column":16}},"loc":{"start":{"line":8,"column":25},"end":{"line":8,"column":68}},"line":8}},"branchMap":{},"s":{"0":1,"1":7,"2":35,"3":1},"f":{"0":7,"1":35},"b":{},"_coverageSchema":"1a1c01bbd47fc00a2c39e90264f33305004495a9","hash":"7181fc9309f202dfe263ce07d0c9207dc496691a"}
,"/Users/chelseaschmidt/Documents/Galvanize_Coding_Bootcamp/tripadvisor_reviews_chelsea/client/src/components/Review.jsx": {"path":"/Users/chelseaschmidt/Documents/Galvanize_Coding_Bootcamp/tripadvisor_reviews_chelsea/client/src/components/Review.jsx","statementMap":{"0":{"start":{"line":6,"column":4},"end":{"line":6,"column":17}},"1":{"start":{"line":7,"column":4},"end":{"line":9,"column":6}},"2":{"start":{"line":13,"column":24},"end":{"line":13,"column":34}},"3":{"start":{"line":14,"column":4},"end":{"line":19,"column":6}},"4":{"start":{"line":23,"column":0},"end":{"line":25,"column":2}}},"fnMap":{"0":{"name":"(anonymous_0)","decl":{"start":{"line":5,"column":2},"end":{"line":5,"column":3}},"loc":{"start":{"line":5,"column":21},"end":{"line":10,"column":3}},"line":5},"1":{"name":"(anonymous_1)","decl":{"start":{"line":12,"column":2},"end":{"line":12,"column":3}},"loc":{"start":{"line":12,"column":11},"end":{"line":20,"column":3}},"line":12}},"branchMap":{},"s":{"0":7,"1":7,"2":7,"3":7,"4":1},"f":{"0":7,"1":7},"b":{},"_coverageSchema":"1a1c01bbd47fc00a2c39e90264f33305004495a9","hash":"e2f08a5b3b076227adbba9b3fa6c00c61ff0bca6"}
,"/Users/chelseaschmidt/Documents/Galvanize_Coding_Bootcamp/tripadvisor_reviews_chelsea/client/src/components/ReviewPage.jsx": {"path":"/Users/chelseaschmidt/Documents/Galvanize_Coding_Bootcamp/tripadvisor_reviews_chelsea/client/src/components/ReviewPage.jsx","statementMap":{"0":{"start":{"line":5,"column":19},"end":{"line":9,"column":1}},"1":{"start":{"line":6,"column":2},"end":{"line":8,"column":8}},"2":{"start":{"line":7,"column":29},"end":{"line":7,"column":81}},"3":{"start":{"line":11,"column":0},"end":{"line":13,"column":2}}},"fnMap":{"0":{"name":"(anonymous_0)","decl":{"start":{"line":5,"column":19},"end":{"line":5,"column":20}},"loc":{"start":{"line":6,"column":2},"end":{"line":8,"column":8}},"line":6},"1":{"name":"(anonymous_1)","decl":{"start":{"line":7,"column":17},"end":{"line":7,"column":18}},"loc":{"start":{"line":7,"column":29},"end":{"line":7,"column":81}},"line":7}},"branchMap":{},"s":{"0":1,"1":7,"2":7,"3":1},"f":{"0":7,"1":7},"b":{},"_coverageSchema":"1a1c01bbd47fc00a2c39e90264f33305004495a9","hash":"3027d77b32b88e9ffbdd5a61376606460eb5c35c"}
,"/Users/chelseaschmidt/Documents/Galvanize_Coding_Bootcamp/tripadvisor_reviews_chelsea/client/src/components/Search.jsx": {"path":"/Users/chelseaschmidt/Documents/Galvanize_Coding_Bootcamp/tripadvisor_reviews_chelsea/client/src/components/Search.jsx","statementMap":{"0":{"start":{"line":5,"column":4},"end":{"line":5,"column":17}},"1":{"start":{"line":6,"column":4},"end":{"line":8,"column":6}},"2":{"start":{"line":12,"column":22},"end":{"line":12,"column":32}},"3":{"start":{"line":13,"column":4},"end":{"line":18,"column":6}}},"fnMap":{"0":{"name":"(anonymous_0)","decl":{"start":{"line":4,"column":2},"end":{"line":4,"column":3}},"loc":{"start":{"line":4,"column":21},"end":{"line":9,"column":3}},"line":4},"1":{"name":"(anonymous_1)","decl":{"start":{"line":11,"column":2},"end":{"line":11,"column":3}},"loc":{"start":{"line":11,"column":11},"end":{"line":19,"column":3}},"line":11}},"branchMap":{},"s":{"0":7,"1":7,"2":7,"3":7},"f":{"0":7,"1":7},"b":{},"_coverageSchema":"1a1c01bbd47fc00a2c39e90264f33305004495a9","hash":"0acb1cc5c3bb0ef610e6225524b4c2a2624aa1f0"}
,"/Users/chelseaschmidt/Documents/Galvanize_Coding_Bootcamp/tripadvisor_reviews_chelsea/client/src/components/Tab.jsx": {"path":"/Users/chelseaschmidt/Documents/Galvanize_Coding_Bootcamp/tripadvisor_reviews_chelsea/client/src/components/Tab.jsx","statementMap":{"0":{"start":{"line":4,"column":12},"end":{"line":15,"column":1}},"1":{"start":{"line":10,"column":2},"end":{"line":14,"column":8}},"2":{"start":{"line":17,"column":0},"end":{"line":22,"column":2}}},"fnMap":{"0":{"name":"(anonymous_0)","decl":{"start":{"line":4,"column":12},"end":{"line":4,"column":13}},"loc":{"start":{"line":10,"column":2},"end":{"line":14,"column":8}},"line":10}},"branchMap":{},"s":{"0":1,"1":18,"2":1},"f":{"0":18},"b":{},"_coverageSchema":"1a1c01bbd47fc00a2c39e90264f33305004495a9","hash":"f37fd4ad4f29fcbc32ffe4b4b3f293eb75012198"}
,"/Users/chelseaschmidt/Documents/Galvanize_Coding_Bootcamp/tripadvisor_reviews_chelsea/database/Reviews.js": {"path":"/Users/chelseaschmidt/Documents/Galvanize_Coding_Bootcamp/tripadvisor_reviews_chelsea/database/Reviews.js","statementMap":{"0":{"start":{"line":1,"column":17},"end":{"line":1,"column":36}},"1":{"start":{"line":3,"column":0},"end":{"line":3,"column":101}},"2":{"start":{"line":4,"column":0},"end":{"line":4,"column":34}},"3":{"start":{"line":6,"column":21},"end":{"line":25,"column":2}},"4":{"start":{"line":27,"column":15},"end":{"line":27,"column":53}},"5":{"start":{"line":29,"column":0},"end":{"line":29,"column":24}}},"fnMap":{},"branchMap":{},"s":{"0":1,"1":1,"2":1,"3":1,"4":1,"5":1},"f":{},"b":{},"_coverageSchema":"1a1c01bbd47fc00a2c39e90264f33305004495a9","hash":"88d2ec805018b8a3b81c641125c0bb26beac443a"}
,"/Users/chelseaschmidt/Documents/Galvanize_Coding_Bootcamp/tripadvisor_reviews_chelsea/database/getImages.js": {"path":"/Users/chelseaschmidt/Documents/Galvanize_Coding_Bootcamp/tripadvisor_reviews_chelsea/database/getImages.js","statementMap":{"0":{"start":{"line":1,"column":11},"end":{"line":1,"column":24}},"1":{"start":{"line":2,"column":13},"end":{"line":2,"column":28}},"2":{"start":{"line":3,"column":14},"end":{"line":3,"column":30}},"3":{"start":{"line":5,"column":21},"end":{"line":5,"column":71}},"4":{"start":{"line":6,"column":22},"end":{"line":6,"column":73}},"5":{"start":{"line":8,"column":0},"end":{"line":20,"column":1}},"6":{"start":{"line":8,"column":13},"end":{"line":8,"column":14}},"7":{"start":{"line":9,"column":2},"end":{"line":19,"column":7}},"8":{"start":{"line":15,"column":6},"end":{"line":15,"column":73}},"9":{"start":{"line":18,"column":6},"end":{"line":18,"column":41}},"10":{"start":{"line":22,"column":0},"end":{"line":34,"column":1}},"11":{"start":{"line":22,"column":13},"end":{"line":22,"column":14}},"12":{"start":{"line":23,"column":2},"end":{"line":33,"column":7}},"13":{"start":{"line":29,"column":6},"end":{"line":29,"column":74}},"14":{"start":{"line":32,"column":6},"end":{"line":32,"column":41}}},"fnMap":{"0":{"name":"(anonymous_0)","decl":{"start":{"line":14,"column":10},"end":{"line":14,"column":11}},"loc":{"start":{"line":14,"column":19},"end":{"line":16,"column":5}},"line":14},"1":{"name":"(anonymous_1)","decl":{"start":{"line":17,"column":11},"end":{"line":17,"column":12}},"loc":{"start":{"line":17,"column":20},"end":{"line":19,"column":5}},"line":17},"2":{"name":"(anonymous_2)","decl":{"start":{"line":28,"column":10},"end":{"line":28,"column":11}},"loc":{"start":{"line":28,"column":19},"end":{"line":30,"column":5}},"line":28},"3":{"name":"(anonymous_3)","decl":{"start":{"line":31,"column":11},"end":{"line":31,"column":12}},"loc":{"start":{"line":31,"column":20},"end":{"line":33,"column":5}},"line":31}},"branchMap":{},"s":{"0":0,"1":0,"2":0,"3":0,"4":0,"5":0,"6":0,"7":0,"8":0,"9":0,"10":0,"11":0,"12":0,"13":0,"14":0},"f":{"0":0,"1":0,"2":0,"3":0},"b":{}}
,"/Users/chelseaschmidt/Documents/Galvanize_Coding_Bootcamp/tripadvisor_reviews_chelsea/database/seed.js": {"path":"/Users/chelseaschmidt/Documents/Galvanize_Coding_Bootcamp/tripadvisor_reviews_chelsea/database/seed.js","statementMap":{"0":{"start":{"line":1,"column":15},"end":{"line":1,"column":32}},"1":{"start":{"line":2,"column":15},"end":{"line":2,"column":38}},"2":{"start":{"line":4,"column":15},"end":{"line":4,"column":27}},"3":{"start":{"line":6,"column":27},"end":{"line":6,"column":90}},"4":{"start":{"line":6,"column":41},"end":{"line":6,"column":90}},"5":{"start":{"line":8,"column":19},"end":{"line":15,"column":1}},"6":{"start":{"line":9,"column":16},"end":{"line":9,"column":42}},"7":{"start":{"line":10,"column":2},"end":{"line":12,"column":3}},"8":{"start":{"line":11,"column":4},"end":{"line":11,"column":20}},"9":{"start":{"line":13,"column":19},"end":{"line":13,"column":58}},"10":{"start":{"line":14,"column":2},"end":{"line":14,"column":25}},"11":{"start":{"line":17,"column":18},"end":{"line":27,"column":1}},"12":{"start":{"line":29,"column":18},"end":{"line":39,"column":1}},"13":{"start":{"line":41,"column":16},"end":{"line":51,"column":1}},"14":{"start":{"line":53,"column":19},"end":{"line":53,"column":86}},"15":{"start":{"line":54,"column":20},"end":{"line":54,"column":84}},"16":{"start":{"line":56,"column":22},"end":{"line":56,"column":24}},"17":{"start":{"line":57,"column":0},"end":{"line":59,"column":1}},"18":{"start":{"line":57,"column":13},"end":{"line":57,"column":14}},"19":{"start":{"line":58,"column":2},"end":{"line":58,"column":51}},"20":{"start":{"line":61,"column":25},"end":{"line":61,"column":27}},"21":{"start":{"line":62,"column":0},"end":{"line":64,"column":1}},"22":{"start":{"line":62,"column":13},"end":{"line":62,"column":14}},"23":{"start":{"line":63,"column":2},"end":{"line":63,"column":53}},"24":{"start":{"line":66,"column":20},"end":{"line":66,"column":71}},"25":{"start":{"line":68,"column":14},"end":{"line":68,"column":44}},"26":{"start":{"line":70,"column":22},"end":{"line":70,"column":24}},"27":{"start":{"line":71,"column":0},"end":{"line":81,"column":1}},"28":{"start":{"line":71,"column":13},"end":{"line":71,"column":14}},"29":{"start":{"line":73,"column":2},"end":{"line":79,"column":3}},"30":{"start":{"line":74,"column":4},"end":{"line":74,"column":18}},"31":{"start":{"line":75,"column":9},"end":{"line":79,"column":3}},"32":{"start":{"line":76,"column":4},"end":{"line":76,"column":17}},"33":{"start":{"line":78,"column":4},"end":{"line":78,"column":22}},"34":{"start":{"line":80,"column":2},"end":{"line":80,"column":25}},"35":{"start":{"line":83,"column":17},"end":{"line":83,"column":19}},"36":{"start":{"line":85,"column":0},"end":{"line":136,"column":3}},"37":{"start":{"line":86,"column":21},"end":{"line":86,"column":47}},"38":{"start":{"line":88,"column":2},"end":{"line":135,"column":3}},"39":{"start":{"line":88,"column":15},"end":{"line":88,"column":16}},"40":{"start":{"line":89,"column":17},"end":{"line":89,"column":63}},"41":{"start":{"line":90,"column":20},"end":{"line":90,"column":41}},"42":{"start":{"line":91,"column":18},"end":{"line":91,"column":36}},"43":{"start":{"line":92,"column":24},"end":{"line":92,"column":48}},"44":{"start":{"line":93,"column":22},"end":{"line":93,"column":71}},"45":{"start":{"line":94,"column":17},"end":{"line":94,"column":38}},"46":{"start":{"line":95,"column":22},"end":{"line":95,"column":45}},"47":{"start":{"line":96,"column":22},"end":{"line":96,"column":46}},"48":{"start":{"line":97,"column":17},"end":{"line":97,"column":30}},"49":{"start":{"line":98,"column":18},"end":{"line":98,"column":70}},"50":{"start":{"line":99,"column":19},"end":{"line":99,"column":43}},"51":{"start":{"line":101,"column":19},"end":{"line":120,"column":5}},"52":{"start":{"line":122,"column":4},"end":{"line":132,"column":5}},"53":{"start":{"line":122,"column":17},"end":{"line":122,"column":18}},"54":{"start":{"line":123,"column":6},"end":{"line":131,"column":9}},"55":{"start":{"line":134,"column":4},"end":{"line":134,"column":26}},"56":{"start":{"line":138,"column":0},"end":{"line":144,"column":5}},"57":{"start":{"line":140,"column":4},"end":{"line":140,"column":27}},"58":{"start":{"line":143,"column":4},"end":{"line":143,"column":21}}},"fnMap":{"0":{"name":"(anonymous_0)","decl":{"start":{"line":6,"column":27},"end":{"line":6,"column":28}},"loc":{"start":{"line":6,"column":41},"end":{"line":6,"column":90}},"line":6},"1":{"name":"(anonymous_1)","decl":{"start":{"line":8,"column":19},"end":{"line":8,"column":20}},"loc":{"start":{"line":8,"column":30},"end":{"line":15,"column":1}},"line":8},"2":{"name":"(anonymous_2)","decl":{"start":{"line":85,"column":22},"end":{"line":85,"column":23}},"loc":{"start":{"line":85,"column":30},"end":{"line":136,"column":1}},"line":85},"3":{"name":"(anonymous_3)","decl":{"start":{"line":139,"column":8},"end":{"line":139,"column":9}},"loc":{"start":{"line":139,"column":14},"end":{"line":141,"column":3}},"line":139},"4":{"name":"(anonymous_4)","decl":{"start":{"line":142,"column":9},"end":{"line":142,"column":10}},"loc":{"start":{"line":142,"column":18},"end":{"line":144,"column":3}},"line":142}},"branchMap":{"0":{"loc":{"start":{"line":10,"column":2},"end":{"line":12,"column":3}},"type":"if","locations":[{"start":{"line":10,"column":2},"end":{"line":12,"column":3}},{"start":{"line":10,"column":2},"end":{"line":12,"column":3}}],"line":10},"1":{"loc":{"start":{"line":73,"column":2},"end":{"line":79,"column":3}},"type":"if","locations":[{"start":{"line":73,"column":2},"end":{"line":79,"column":3}},{"start":{"line":73,"column":2},"end":{"line":79,"column":3}}],"line":73},"2":{"loc":{"start":{"line":75,"column":9},"end":{"line":79,"column":3}},"type":"if","locations":[{"start":{"line":75,"column":9},"end":{"line":79,"column":3}},{"start":{"line":75,"column":9},"end":{"line":79,"column":3}}],"line":75}},"s":{"0":0,"1":0,"2":0,"3":0,"4":0,"5":0,"6":0,"7":0,"8":0,"9":0,"10":0,"11":0,"12":0,"13":0,"14":0,"15":0,"16":0,"17":0,"18":0,"19":0,"20":0,"21":0,"22":0,"23":0,"24":0,"25":0,"26":0,"27":0,"28":0,"29":0,"30":0,"31":0,"32":0,"33":0,"34":0,"35":0,"36":0,"37":0,"38":0,"39":0,"40":0,"41":0,"42":0,"43":0,"44":0,"45":0,"46":0,"47":0,"48":0,"49":0,"50":0,"51":0,"52":0,"53":0,"54":0,"55":0,"56":0,"57":0,"58":0},"f":{"0":0,"1":0,"2":0,"3":0,"4":0},"b":{"0":[0,0],"1":[0,0],"2":[0,0]}}
,"/Users/chelseaschmidt/Documents/Galvanize_Coding_Bootcamp/tripadvisor_reviews_chelsea/server/index.js": {"path":"/Users/chelseaschmidt/Documents/Galvanize_Coding_Bootcamp/tripadvisor_reviews_chelsea/server/index.js","statementMap":{"0":{"start":{"line":1,"column":16},"end":{"line":1,"column":34}},"1":{"start":{"line":2,"column":15},"end":{"line":2,"column":32}},"2":{"start":{"line":3,"column":19},"end":{"line":3,"column":41}},"3":{"start":{"line":4,"column":13},"end":{"line":4,"column":28}},"4":{"start":{"line":5,"column":49},"end":{"line":5,"column":78}},"5":{"start":{"line":7,"column":13},"end":{"line":7,"column":17}},"6":{"start":{"line":9,"column":12},"end":{"line":9,"column":21}},"7":{"start":{"line":11,"column":0},"end":{"line":11,"column":23}},"8":{"start":{"line":12,"column":0},"end":{"line":12,"column":27}},"9":{"start":{"line":13,"column":0},"end":{"line":13,"column":90}},"10":{"start":{"line":15,"column":0},"end":{"line":15,"column":46}},"11":{"start":{"line":16,"column":0},"end":{"line":16,"column":61}},"12":{"start":{"line":17,"column":0},"end":{"line":17,"column":69}},"13":{"start":{"line":19,"column":0},"end":{"line":21,"column":3}},"14":{"start":{"line":20,"column":2},"end":{"line":20,"column":28}}},"fnMap":{"0":{"name":"(anonymous_0)","decl":{"start":{"line":19,"column":17},"end":{"line":19,"column":18}},"loc":{"start":{"line":19,"column":23},"end":{"line":21,"column":1}},"line":19}},"branchMap":{},"s":{"0":0,"1":0,"2":0,"3":0,"4":0,"5":0,"6":0,"7":0,"8":0,"9":0,"10":0,"11":0,"12":0,"13":0,"14":0},"f":{"0":0},"b":{}}
,"/Users/chelseaschmidt/Documents/Galvanize_Coding_Bootcamp/tripadvisor_reviews_chelsea/server/routeHandlers.js": {"path":"/Users/chelseaschmidt/Documents/Galvanize_Coding_Bootcamp/tripadvisor_reviews_chelsea/server/routeHandlers.js","statementMap":{"0":{"start":{"line":1,"column":15},"end":{"line":1,"column":48}},"1":{"start":{"line":3,"column":0},"end":{"line":14,"column":2}},"2":{"start":{"line":4,"column":2},"end":{"line":13,"column":5}},"3":{"start":{"line":5,"column":4},"end":{"line":12,"column":5}},"4":{"start":{"line":6,"column":6},"end":{"line":6,"column":26}},"5":{"start":{"line":7,"column":6},"end":{"line":7,"column":18}},"6":{"start":{"line":9,"column":6},"end":{"line":9,"column":22}},"7":{"start":{"line":10,"column":6},"end":{"line":10,"column":21}},"8":{"start":{"line":11,"column":6},"end":{"line":11,"column":25}},"9":{"start":{"line":16,"column":0},"end":{"line":34,"column":2}},"10":{"start":{"line":17,"column":2},"end":{"line":33,"column":5}},"11":{"start":{"line":18,"column":4},"end":{"line":32,"column":5}},"12":{"start":{"line":19,"column":6},"end":{"line":19,"column":26}},"13":{"start":{"line":20,"column":6},"end":{"line":20,"column":18}},"14":{"start":{"line":22,"column":6},"end":{"line":22,"column":25}},"15":{"start":{"line":23,"column":6},"end":{"line":31,"column":11}},"16":{"start":{"line":25,"column":10},"end":{"line":25,"column":30}},"17":{"start":{"line":26,"column":10},"end":{"line":26,"column":31}},"18":{"start":{"line":29,"column":10},"end":{"line":29,"column":30}},"19":{"start":{"line":30,"column":10},"end":{"line":30,"column":26}},"20":{"start":{"line":36,"column":0},"end":{"line":50,"column":2}},"21":{"start":{"line":37,"column":2},"end":{"line":49,"column":7}},"22":{"start":{"line":43,"column":6},"end":{"line":43,"column":26}},"23":{"start":{"line":44,"column":6},"end":{"line":44,"column":25}},"24":{"start":{"line":47,"column":6},"end":{"line":47,"column":26}},"25":{"start":{"line":48,"column":6},"end":{"line":48,"column":18}}},"fnMap":{"0":{"name":"(anonymous_0)","decl":{"start":{"line":3,"column":27},"end":{"line":3,"column":28}},"loc":{"start":{"line":3,"column":60},"end":{"line":14,"column":1}},"line":3},"1":{"name":"(anonymous_1)","decl":{"start":{"line":3,"column":47},"end":{"line":3,"column":48}},"loc":{"start":{"line":3,"column":53},"end":{"line":3,"column":55}},"line":3},"2":{"name":"(anonymous_2)","decl":{"start":{"line":4,"column":54},"end":{"line":4,"column":55}},"loc":{"start":{"line":4,"column":69},"end":{"line":13,"column":3}},"line":4},"3":{"name":"(anonymous_3)","decl":{"start":{"line":16,"column":30},"end":{"line":16,"column":31}},"loc":{"start":{"line":16,"column":63},"end":{"line":34,"column":1}},"line":16},"4":{"name":"(anonymous_4)","decl":{"start":{"line":16,"column":50},"end":{"line":16,"column":51}},"loc":{"start":{"line":16,"column":56},"end":{"line":16,"column":58}},"line":16},"5":{"name":"(anonymous_5)","decl":{"start":{"line":17,"column":47},"end":{"line":17,"column":48}},"loc":{"start":{"line":17,"column":61},"end":{"line":33,"column":3}},"line":17},"6":{"name":"(anonymous_6)","decl":{"start":{"line":24,"column":14},"end":{"line":24,"column":15}},"loc":{"start":{"line":24,"column":26},"end":{"line":27,"column":9}},"line":24},"7":{"name":"(anonymous_7)","decl":{"start":{"line":28,"column":15},"end":{"line":28,"column":16}},"loc":{"start":{"line":28,"column":28},"end":{"line":31,"column":9}},"line":28},"8":{"name":"(anonymous_8)","decl":{"start":{"line":36,"column":29},"end":{"line":36,"column":30}},"loc":{"start":{"line":36,"column":62},"end":{"line":50,"column":1}},"line":36},"9":{"name":"(anonymous_9)","decl":{"start":{"line":36,"column":49},"end":{"line":36,"column":50}},"loc":{"start":{"line":36,"column":55},"end":{"line":36,"column":57}},"line":36},"10":{"name":"(anonymous_10)","decl":{"start":{"line":42,"column":10},"end":{"line":42,"column":11}},"loc":{"start":{"line":42,"column":20},"end":{"line":45,"column":5}},"line":42},"11":{"name":"(anonymous_11)","decl":{"start":{"line":46,"column":11},"end":{"line":46,"column":12}},"loc":{"start":{"line":46,"column":20},"end":{"line":49,"column":5}},"line":46}},"branchMap":{"0":{"loc":{"start":{"line":3,"column":38},"end":{"line":3,"column":55}},"type":"default-arg","locations":[{"start":{"line":3,"column":47},"end":{"line":3,"column":55}}],"line":3},"1":{"loc":{"start":{"line":5,"column":4},"end":{"line":12,"column":5}},"type":"if","locations":[{"start":{"line":5,"column":4},"end":{"line":12,"column":5}},{"start":{"line":5,"column":4},"end":{"line":12,"column":5}}],"line":5},"2":{"loc":{"start":{"line":16,"column":41},"end":{"line":16,"column":58}},"type":"default-arg","locations":[{"start":{"line":16,"column":50},"end":{"line":16,"column":58}}],"line":16},"3":{"loc":{"start":{"line":18,"column":4},"end":{"line":32,"column":5}},"type":"if","locations":[{"start":{"line":18,"column":4},"end":{"line":32,"column":5}},{"start":{"line":18,"column":4},"end":{"line":32,"column":5}}],"line":18},"4":{"loc":{"start":{"line":36,"column":40},"end":{"line":36,"column":57}},"type":"default-arg","locations":[{"start":{"line":36,"column":49},"end":{"line":36,"column":57}}],"line":36}},"s":{"0":1,"1":1,"2":1,"3":1,"4":0,"5":0,"6":1,"7":1,"8":1,"9":1,"10":1,"11":1,"12":0,"13":0,"14":1,"15":1,"16":1,"17":1,"18":0,"19":0,"20":1,"21":1,"22":1,"23":1,"24":0,"25":0},"f":{"0":1,"1":0,"2":1,"3":1,"4":0,"5":1,"6":1,"7":0,"8":1,"9":0,"10":1,"11":0},"b":{"0":[0],"1":[0,1],"2":[0],"3":[0,1],"4":[0]},"_coverageSchema":"1a1c01bbd47fc00a2c39e90264f33305004495a9","hash":"62375c8e3af6faee2f4d74ef64c455398d949e65"}
}
