TN:
SF:webpack.config.js
FNF:0
FNH:0
DA:1,0
DA:3,0
LF:2
LH:0
BRF:0
BRH:0
end_of_record
TN:
SF:client/public/webpack:/client/src/index.jsx
FN:6,getAttractionId
FNF:1
FNH:0
FNDA:0,getAttractionId
DA:6,0
DA:7,0
DA:8,0
DA:9,0
DA:10,0
DA:11,0
DA:14,0
DA:16,0
LF:8
LH:0
BRF:0
BRH:0
end_of_record
TN:
SF:client/public/webpack:/client/src/style.css
FNF:0
FNH:0
DA:2,0
DA:3,0
DA:5,0
DA:7,0
LF:4
LH:0
BRF:0
BRH:0
end_of_record
TN:
SF:client/public/webpack:/client/src/style.css?dbcf
FNF:0
FNH:0
DA:1,0
DA:2,0
DA:4,0
DA:6,0
DA:7,0
DA:10,0
DA:12,0
DA:13,0
DA:15,0
DA:19,0
LF:10
LH:0
BRDA:4,0,0,0
BRDA:4,0,1,0
BRDA:6,1,0,0
BRDA:6,1,1,0
BRDA:19,2,0,0
BRDA:19,2,1,0
BRF:6
BRH:0
end_of_record
TN:
SF:client/public/webpack:/client/src/components/App.jsx
FN:15,App
FN:33,componentDidMount
FN:36,(anonymous_32)
FN:45,(anonymous_33)
FN:50,getCurrentView
FN:79,handleViewSwitch
FN:108,render
FNF:7
FNH:0
FNDA:0,App
FNDA:0,componentDidMount
FNDA:0,(anonymous_32)
FNDA:0,(anonymous_33)
FNDA:0,getCurrentView
FNDA:0,handleViewSwitch
FNDA:0,render
DA:15,0
DA:16,0
DA:17,0
DA:29,0
DA:30,0
DA:33,0
DA:34,0
DA:35,0
DA:37,0
DA:46,0
DA:50,0
DA:55,0
DA:57,0
DA:59,0
DA:60,0
DA:76,0
DA:79,0
DA:86,0
DA:88,0
DA:89,0
DA:91,0
DA:92,0
DA:94,0
DA:97,0
DA:98,0
DA:108,0
DA:109,0
DA:110,0
DA:126,0
LF:29
LH:0
BRDA:59,0,0,0
BRDA:59,0,1,0
BRDA:91,1,0,0
BRDA:91,1,1,0
BRDA:97,2,0,0
BRDA:97,2,1,0
BRF:6
BRH:0
end_of_record
TN:
SF:client/public/webpack:/client/src/components/Checklist.jsx
FN:4,Checklist
FNF:1
FNH:0
FNDA:0,Checklist
DA:1,0
DA:4,0
DA:10,0
DA:14,0
LF:4
LH:0
BRF:0
BRH:0
end_of_record
TN:
SF:client/public/webpack:/client/src/components/Header.jsx
FN:4,Header
FNF:1
FNH:0
FNDA:0,Header
DA:1,0
DA:4,0
DA:18,0
DA:26,0
LF:4
LH:0
BRF:0
BRH:0
end_of_record
TN:
SF:client/public/webpack:/client/src/components/Mentions.jsx
FN:3,Mentions
FNF:1
FNH:0
FNDA:0,Mentions
DA:1,0
DA:3,0
DA:10,0
LF:3
LH:0
BRF:0
BRH:0
end_of_record
TN:
SF:client/public/webpack:/client/src/components/NavBar.jsx
FN:3,NavBar
FNF:1
FNH:0
FNDA:0,NavBar
DA:1,0
DA:3,0
DA:7,0
LF:3
LH:0
BRF:0
BRH:0
end_of_record
TN:
SF:client/public/webpack:/client/src/components/RadioList.jsx
FN:4,RadioList
FNF:1
FNH:0
FNDA:0,RadioList
DA:1,0
DA:4,0
DA:10,0
DA:14,0
LF:4
LH:0
BRF:0
BRH:0
end_of_record
TN:
SF:client/public/webpack:/client/src/components/RateBar.jsx
FN:4,RateBar
FNF:1
FNH:0
FNDA:0,RateBar
DA:1,0
DA:4,0
DA:8,0
DA:12,0
LF:4
LH:0
BRF:0
BRH:0
end_of_record
TN:
SF:client/public/webpack:/client/src/components/Ratings.jsx
FN:5,Ratings
FN:8,(anonymous_51)
FNF:2
FNH:0
FNDA:0,Ratings
FNDA:0,(anonymous_51)
DA:1,0
DA:5,0
DA:8,0
DA:12,0
DA:16,0
LF:5
LH:0
BRF:0
BRH:0
end_of_record
TN:
SF:client/public/webpack:/client/src/components/Review.jsx
FN:5,Review
FN:12,render
FNF:2
FNH:0
FNDA:0,Review
FNDA:0,render
DA:5,0
DA:6,0
DA:7,0
DA:13,0
DA:14,0
DA:23,0
LF:6
LH:0
BRF:0
BRH:0
end_of_record
TN:
SF:client/public/webpack:/client/src/components/ReviewPage.jsx
FN:5,ReviewPage
FN:7,(anonymous_76)
FNF:2
FNH:0
FNDA:0,ReviewPage
FNDA:0,(anonymous_76)
DA:1,0
DA:5,0
DA:7,0
DA:11,0
DA:15,0
LF:5
LH:0
BRF:0
BRH:0
end_of_record
TN:
SF:client/public/webpack:/client/src/components/Search.jsx
FN:4,Search
FN:11,render
FNF:2
FNH:0
FNDA:0,Search
FNDA:0,render
DA:4,0
DA:5,0
DA:6,0
DA:12,0
DA:13,0
LF:5
LH:0
BRF:0
BRH:0
end_of_record
TN:
SF:client/public/webpack:/client/src/components/Tab.jsx
FN:4,Tab
FNF:1
FNH:0
FNDA:0,Tab
DA:1,0
DA:4,0
DA:17,0
DA:24,0
LF:4
LH:0
BRF:0
BRH:0
end_of_record
TN:
SF:client/public/webpack:/node_modules/axios/index.js
FNF:0
FNH:0
DA:1,0
LF:1
LH:0
BRF:0
BRH:0
end_of_record
TN:
SF:client/public/webpack:/node_modules/axios/lib/axios.js
FN:15,createInstance
FN:35,create
FN:45,all
FNF:3
FNH:0
FNDA:0,createInstance
FNDA:0,create
FNDA:0,all
DA:3,0
DA:4,0
DA:5,0
DA:6,0
DA:7,0
DA:16,0
DA:17,0
DA:20,0
DA:23,0
DA:25,0
DA:29,0
DA:32,0
DA:35,0
DA:36,0
DA:40,0
DA:41,0
DA:42,0
DA:45,0
DA:46,0
DA:48,0
DA:50,0
DA:53,0
LF:22
LH:0
BRF:0
BRH:0
end_of_record
TN:
SF:client/public/webpack:/node_modules/axios/lib/defaults.js
FN:10,setContentTypeIfUnset
FN:16,getDefaultAdapter
FN:31,transformRequest
FN:57,transformResponse
FN:78,validateStatus
FN:89,forEachMethodNoData
FN:93,forEachMethodWithData
FNF:7
FNH:0
FNDA:0,setContentTypeIfUnset
FNDA:0,getDefaultAdapter
FNDA:0,transformRequest
FNDA:0,transformResponse
FNDA:0,validateStatus
FNDA:0,forEachMethodNoData
FNDA:0,forEachMethodWithData
DA:3,0
DA:4,0
DA:6,0
DA:11,0
DA:12,0
DA:18,0
DA:20,0
DA:21,0
DA:23,0
DA:25,0
DA:28,0
DA:32,0
DA:33,0
DA:34,0
DA:41,0
DA:43,0
DA:44,0
DA:46,0
DA:47,0
DA:48,0
DA:50,0
DA:51,0
DA:52,0
DA:54,0
DA:59,0
DA:60,0
DA:61,0
DA:64,0
DA:79,0
DA:83,0
DA:89,0
DA:90,0
DA:93,0
DA:94,0
DA:97,0
LF:35
LH:0
BRDA:11,0,0,0
BRDA:11,0,1,0
BRDA:11,1,0,0
BRDA:11,1,1,0
BRDA:18,2,0,0
BRDA:18,2,1,0
BRDA:21,3,0,0
BRDA:21,3,1,0
BRDA:21,4,0,0
BRDA:21,4,1,0
BRDA:34,5,0,0
BRDA:34,5,1,0
BRDA:34,6,0,0
BRDA:34,6,1,0
BRDA:34,6,2,0
BRDA:34,6,3,0
BRDA:34,6,4,0
BRDA:34,6,5,0
BRDA:43,7,0,0
BRDA:43,7,1,0
BRDA:46,8,0,0
BRDA:46,8,1,0
BRDA:50,9,0,0
BRDA:50,9,1,0
BRDA:59,10,0,0
BRDA:59,10,1,0
BRDA:79,11,0,0
BRDA:79,11,1,0
BRF:28
BRH:0
end_of_record
TN:
SF:client/public/webpack:/node_modules/axios/lib/utils.js
FN:17,isArray
FN:27,isUndefined
FN:37,isBuffer
FN:48,isArrayBuffer
FN:58,isFormData
FN:68,isArrayBufferView
FN:84,isString
FN:94,isNumber
FN:104,isObject
FN:114,isDate
FN:124,isFile
FN:134,isBlob
FN:144,isFunction
FN:154,isStream
FN:164,isURLSearchParams
FN:174,trim
FN:193,isStandardBrowserEnv
FN:217,forEach
FN:261,merge
FN:263,assignValue
FN:285,deepMerge
FN:287,assignValue
FN:311,extend
FN:312,assignValue
FNF:24
FNH:0
FNDA:0,isArray
FNDA:0,isUndefined
FNDA:0,isBuffer
FNDA:0,isArrayBuffer
FNDA:0,isFormData
FNDA:0,isArrayBufferView
FNDA:0,isString
FNDA:0,isNumber
FNDA:0,isObject
FNDA:0,isDate
FNDA:0,isFile
FNDA:0,isBlob
FNDA:0,isFunction
FNDA:0,isStream
FNDA:0,isURLSearchParams
FNDA:0,trim
FNDA:0,isStandardBrowserEnv
FNDA:0,forEach
FNDA:0,merge
FNDA:0,assignValue
FNDA:0,deepMerge
FNDA:0,assignValue
FNDA:0,extend
FNDA:0,assignValue
DA:3,0
DA:9,0
DA:18,0
DA:28,0
DA:38,0
DA:49,0
DA:59,0
DA:70,0
DA:71,0
DA:73,0
DA:75,0
DA:85,0
DA:95,0
DA:105,0
DA:115,0
DA:125,0
DA:135,0
DA:145,0
DA:155,0
DA:165,0
DA:175,0
DA:194,0
DA:197,0
DA:199,0
DA:219,0
DA:220,0
DA:224,0
DA:226,0
DA:229,0
DA:231,0
DA:232,0
DA:236,0
DA:237,0
DA:238,0
DA:262,0
DA:264,0
DA:265,0
DA:267,0
DA:271,0
DA:272,0
DA:274,0
DA:286,0
DA:288,0
DA:289,0
DA:290,0
DA:291,0
DA:293,0
DA:297,0
DA:298,0
DA:300,0
DA:312,0
DA:313,0
DA:314,0
DA:316,0
DA:319,0
DA:322,0
LF:56
LH:0
BRDA:38,0,0,0
BRDA:38,0,1,0
BRDA:38,0,2,0
BRDA:38,0,3,0
BRDA:38,0,4,0
BRDA:38,0,5,0
BRDA:59,1,0,0
BRDA:59,1,1,0
BRDA:70,2,0,0
BRDA:70,2,1,0
BRDA:70,3,0,0
BRDA:70,3,1,0
BRDA:73,4,0,0
BRDA:73,4,1,0
BRDA:73,4,2,0
BRDA:105,5,0,0
BRDA:105,5,1,0
BRDA:155,6,0,0
BRDA:155,6,1,0
BRDA:165,7,0,0
BRDA:165,7,1,0
BRDA:194,8,0,0
BRDA:194,8,1,0
BRDA:194,9,0,0
BRDA:194,9,1,0
BRDA:194,9,2,0
BRDA:194,9,3,0
BRDA:200,10,0,0
BRDA:200,10,1,0
BRDA:219,11,0,0
BRDA:219,11,1,0
BRDA:219,12,0,0
BRDA:219,12,1,0
BRDA:224,13,0,0
BRDA:224,13,1,0
BRDA:229,14,0,0
BRDA:229,14,1,0
BRDA:237,15,0,0
BRDA:237,15,1,0
BRDA:264,16,0,0
BRDA:264,16,1,0
BRDA:264,17,0,0
BRDA:264,17,1,0
BRDA:288,18,0,0
BRDA:288,18,1,0
BRDA:288,19,0,0
BRDA:288,19,1,0
BRDA:290,20,0,0
BRDA:290,20,1,0
BRDA:313,21,0,0
BRDA:313,21,1,0
BRDA:313,22,0,0
BRDA:313,22,1,0
BRF:53
BRH:0
end_of_record
TN:
SF:client/public/webpack:/node_modules/axios/lib/adapters/xhr.js
FN:11,xhrAdapter
FN:12,dispatchXhrRequest
FN:36,handleLoad
FN:68,handleAbort
FN:80,handleError
FN:90,handleTimeout
FN:120,setRequestHeader
FN:161,onCanceled
FNF:8
FNH:0
FNDA:0,xhrAdapter
FNDA:0,dispatchXhrRequest
FNDA:0,handleLoad
FNDA:0,handleAbort
FNDA:0,handleError
FNDA:0,handleTimeout
FNDA:0,setRequestHeader
FNDA:0,onCanceled
DA:3,0
DA:4,0
DA:5,0
DA:6,0
DA:7,0
DA:8,0
DA:9,0
DA:11,0
DA:12,0
DA:13,0
DA:14,0
DA:16,0
DA:17,0
DA:20,0
DA:23,0
DA:24,0
DA:25,0
DA:26,0
DA:29,0
DA:30,0
DA:33,0
DA:36,0
DA:37,0
DA:38,0
DA:45,0
DA:46,0
DA:50,0
DA:51,0
DA:52,0
DA:61,0
DA:64,0
DA:68,0
DA:69,0
DA:70,0
DA:73,0
DA:76,0
DA:80,0
DA:83,0
DA:86,0
DA:90,0
DA:91,0
DA:92,0
DA:93,0
DA:95,0
DA:99,0
DA:105,0
DA:106,0
DA:109,0
DA:113,0
DA:114,0
DA:119,0
DA:120,0
DA:121,0
DA:123,0
DA:126,0
DA:132,0
DA:133,0
DA:137,0
DA:138,0
DA:139,0
DA:143,0
DA:144,0
DA:150,0
DA:151,0
DA:155,0
DA:156,0
DA:159,0
DA:161,0
DA:162,0
DA:163,0
DA:166,0
DA:167,0
DA:169,0
DA:173,0
DA:174,0
DA:178,0
LF:76
LH:0
BRDA:16,0,0,0
BRDA:16,0,1,0
BRDA:23,1,0,0
BRDA:23,1,1,0
BRDA:24,2,0,0
BRDA:24,2,1,0
BRDA:25,3,0,0
BRDA:25,3,1,0
BRDA:37,4,0,0
BRDA:37,4,1,0
BRDA:37,5,0,0
BRDA:37,5,1,0
BRDA:45,6,0,0
BRDA:45,6,1,0
BRDA:45,7,0,0
BRDA:45,7,1,0
BRDA:50,8,0,0
BRDA:50,8,1,0
BRDA:51,9,0,0
BRDA:51,9,1,0
BRDA:69,10,0,0
BRDA:69,10,1,0
BRDA:92,11,0,0
BRDA:92,11,1,0
BRDA:105,12,0,0
BRDA:105,12,1,0
BRDA:110,13,0,0
BRDA:110,13,1,0
BRDA:109,14,0,0
BRDA:109,14,1,0
BRDA:109,14,2,0
BRDA:113,15,0,0
BRDA:113,15,1,0
BRDA:119,16,0,0
BRDA:119,16,1,0
BRDA:121,17,0,0
BRDA:121,17,1,0
BRDA:121,18,0,0
BRDA:121,18,1,0
BRDA:132,19,0,0
BRDA:132,19,1,0
BRDA:137,20,0,0
BRDA:137,20,1,0
BRDA:143,21,0,0
BRDA:143,21,1,0
BRDA:150,22,0,0
BRDA:150,22,1,0
BRDA:155,23,0,0
BRDA:155,23,1,0
BRDA:155,24,0,0
BRDA:155,24,1,0
BRDA:159,25,0,0
BRDA:159,25,1,0
BRDA:162,26,0,0
BRDA:162,26,1,0
BRDA:173,27,0,0
BRDA:173,27,1,0
BRF:57
BRH:0
end_of_record
TN:
SF:client/public/webpack:/node_modules/axios/lib/cancel/Cancel.js
FN:9,Cancel
FN:13,toString
FNF:2
FNH:0
FNDA:0,Cancel
FNDA:0,toString
DA:10,0
DA:13,0
DA:14,0
DA:17,0
DA:19,0
LF:5
LH:0
BRDA:14,0,0,0
BRDA:14,0,1,0
BRF:2
BRH:0
end_of_record
TN:
SF:client/public/webpack:/node_modules/axios/lib/cancel/CancelToken.js
FN:11,CancelToken
FN:17,promiseExecutor
FN:22,cancel
FN:36,throwIfRequested
FN:46,source
FN:48,executor
FNF:6
FNH:0
FNDA:0,CancelToken
FNDA:0,promiseExecutor
FNDA:0,cancel
FNDA:0,throwIfRequested
FNDA:0,source
FNDA:0,executor
DA:3,0
DA:12,0
DA:13,0
DA:17,0
DA:18,0
DA:21,0
DA:22,0
DA:23,0
DA:25,0
DA:28,0
DA:29,0
DA:36,0
DA:37,0
DA:38,0
DA:46,0
DA:48,0
DA:49,0
DA:51,0
DA:57,0
LF:19
LH:0
BRDA:12,0,0,0
BRDA:12,0,1,0
BRDA:23,1,0,0
BRDA:23,1,1,0
BRDA:37,2,0,0
BRDA:37,2,1,0
BRF:6
BRH:0
end_of_record
TN:
SF:client/public/webpack:/node_modules/axios/lib/cancel/isCancel.js
FN:3,isCancel
FNF:1
FNH:0
FNDA:0,isCancel
DA:3,0
DA:4,0
LF:2
LH:0
BRDA:4,0,0,0
BRDA:4,0,1,0
BRF:2
BRH:0
end_of_record
TN:
SF:client/public/webpack:/node_modules/axios/lib/core/Axios.js
FN:14,Axios
FN:27,request
FN:52,unshiftRequestInterceptors
FN:56,pushResponseInterceptors
FN:67,getUri
FN:73,forEachMethodNoData
FN:75,(anonymous_143)
FN:83,forEachMethodWithData
FN:85,(anonymous_145)
FNF:9
FNH:0
FNDA:0,Axios
FNDA:0,request
FNDA:0,unshiftRequestInterceptors
FNDA:0,pushResponseInterceptors
FNDA:0,getUri
FNDA:0,forEachMethodNoData
FNDA:0,(anonymous_143)
FNDA:0,forEachMethodWithData
FNDA:0,(anonymous_145)
DA:3,0
DA:4,0
DA:5,0
DA:6,0
DA:7,0
DA:15,0
DA:16,0
DA:27,0
DA:30,0
DA:31,0
DA:32,0
DA:34,0
DA:37,0
DA:40,0
DA:41,0
DA:42,0
DA:43,0
DA:45,0
DA:49,0
DA:50,0
DA:52,0
DA:53,0
DA:56,0
DA:57,0
DA:60,0
DA:61,0
DA:64,0
DA:67,0
DA:68,0
DA:69,0
DA:73,0
DA:75,0
DA:76,0
DA:83,0
DA:85,0
DA:86,0
DA:94,0
LF:37
LH:0
BRDA:30,0,0,0
BRDA:30,0,1,0
BRDA:31,1,0,0
BRDA:31,1,1,0
BRDA:34,2,0,0
BRDA:34,2,1,0
BRDA:40,3,0,0
BRDA:40,3,1,0
BRDA:42,4,0,0
BRDA:42,4,1,0
BRDA:76,5,0,0
BRDA:76,5,1,0
BRDA:86,6,0,0
BRDA:86,6,1,0
BRF:14
BRH:0
end_of_record
TN:
SF:client/public/webpack:/node_modules/axios/lib/core/InterceptorManager.js
FN:5,InterceptorManager
FN:17,use
FN:30,eject
FN:44,forEach
FN:45,forEachHandler
FNF:5
FNH:0
FNDA:0,InterceptorManager
FNDA:0,use
FNDA:0,eject
FNDA:0,forEach
FNDA:0,forEachHandler
DA:3,0
DA:6,0
DA:17,0
DA:18,0
DA:22,0
DA:30,0
DA:31,0
DA:32,0
DA:44,0
DA:45,0
DA:46,0
DA:47,0
DA:52,0
LF:13
LH:0
BRDA:31,0,0,0
BRDA:31,0,1,0
BRDA:46,1,0,0
BRDA:46,1,1,0
BRF:4
BRH:0
end_of_record
TN:
SF:client/public/webpack:/node_modules/axios/lib/core/buildFullPath.js
FN:15,buildFullPath
FNF:1
FNH:0
FNDA:0,buildFullPath
DA:3,0
DA:4,0
DA:15,0
DA:16,0
DA:17,0
DA:19,0
LF:6
LH:0
BRDA:16,0,0,0
BRDA:16,0,1,0
BRDA:16,1,0,0
BRDA:16,1,1,0
BRF:4
BRH:0
end_of_record
TN:
SF:client/public/webpack:/node_modules/axios/lib/core/createError.js
FN:15,createError
FNF:1
FNH:0
FNDA:0,createError
DA:3,0
DA:15,0
DA:16,0
DA:17,0
LF:4
LH:0
BRF:0
BRH:0
end_of_record
TN:
SF:client/public/webpack:/node_modules/axios/lib/core/dispatchRequest.js
FN:11,throwIfCancellationRequested
FN:23,dispatchRequest
FN:45,cleanHeaderConfig
FN:52,onAdapterResolution
FN:63,onAdapterRejection
FNF:5
FNH:0
FNDA:0,throwIfCancellationRequested
FNDA:0,dispatchRequest
FNDA:0,cleanHeaderConfig
FNDA:0,onAdapterResolution
FNDA:0,onAdapterRejection
DA:3,0
DA:4,0
DA:5,0
DA:6,0
DA:12,0
DA:13,0
DA:23,0
DA:24,0
DA:27,0
DA:30,0
DA:37,0
DA:43,0
DA:46,0
DA:50,0
DA:52,0
DA:53,0
DA:56,0
DA:62,0
DA:64,0
DA:65,0
DA:68,0
DA:69,0
DA:77,0
LF:23
LH:0
BRDA:12,0,0,0
BRDA:12,0,1,0
BRDA:27,1,0,0
BRDA:27,1,1,0
BRDA:38,2,0,0
BRDA:38,2,1,0
BRDA:39,3,0,0
BRDA:39,3,1,0
BRDA:50,4,0,0
BRDA:50,4,1,0
BRDA:64,5,0,0
BRDA:64,5,1,0
BRDA:68,6,0,0
BRDA:68,6,1,0
BRDA:68,7,0,0
BRDA:68,7,1,0
BRF:16
BRH:0
end_of_record
TN:
SF:client/public/webpack:/node_modules/axios/lib/core/enhanceError.js
FN:13,enhanceError
FN:23,(anonymous_164)
FNF:2
FNH:0
FNDA:0,enhanceError
FNDA:0,(anonymous_164)
DA:13,0
DA:14,0
DA:15,0
DA:16,0
DA:19,0
DA:20,0
DA:21,0
DA:23,0
DA:24,0
DA:41,0
LF:10
LH:0
BRDA:15,0,0,0
BRDA:15,0,1,0
BRF:2
BRH:0
end_of_record
TN:
SF:client/public/webpack:/node_modules/axios/lib/core/mergeConfig.js
FN:13,mergeConfig
FN:28,valueFromConfig2
FN:34,mergeDeepProperties
FN:46,defaultToConfig2
FN:60,filterAxiosKeys
FN:64,otherKeysDefaultToConfig2
FNF:6
FNH:0
FNDA:0,mergeConfig
FNDA:0,valueFromConfig2
FNDA:0,mergeDeepProperties
FNDA:0,defaultToConfig2
FNDA:0,filterAxiosKeys
FNDA:0,otherKeysDefaultToConfig2
DA:3,0
DA:13,0
DA:15,0
DA:16,0
DA:18,0
DA:19,0
DA:20,0
DA:28,0
DA:29,0
DA:30,0
DA:34,0
DA:35,0
DA:36,0
DA:37,0
DA:38,0
DA:39,0
DA:40,0
DA:41,0
DA:42,0
DA:46,0
DA:47,0
DA:48,0
DA:49,0
DA:50,0
DA:54,0
DA:58,0
DA:61,0
DA:64,0
DA:65,0
DA:66,0
DA:67,0
DA:68,0
DA:72,0
LF:33
LH:0
BRDA:15,0,0,0
BRDA:15,0,1,0
BRDA:29,1,0,0
BRDA:29,1,1,0
BRDA:35,2,0,0
BRDA:35,2,1,0
BRDA:37,3,0,0
BRDA:37,3,1,0
BRDA:39,4,0,0
BRDA:39,4,1,0
BRDA:41,5,0,0
BRDA:41,5,1,0
BRDA:47,6,0,0
BRDA:47,6,1,0
BRDA:49,7,0,0
BRDA:49,7,1,0
BRDA:65,8,0,0
BRDA:65,8,1,0
BRDA:67,9,0,0
BRDA:67,9,1,0
BRF:20
BRH:0
end_of_record
TN:
SF:client/public/webpack:/node_modules/axios/lib/core/settle.js
FN:12,settle
FNF:1
FNH:0
FNDA:0,settle
DA:3,0
DA:12,0
DA:13,0
DA:14,0
DA:15,0
DA:17,0
LF:6
LH:0
BRDA:14,0,0,0
BRDA:14,0,1,0
BRDA:14,1,0,0
BRDA:14,1,1,0
BRF:4
BRH:0
end_of_record
TN:
SF:client/public/webpack:/node_modules/axios/lib/core/transformData.js
FN:13,transformData
FN:15,transform
FNF:2
FNH:0
FNDA:0,transformData
FNDA:0,transform
DA:3,0
DA:13,0
DA:15,0
DA:16,0
DA:19,0
LF:5
LH:0
BRF:0
BRH:0
end_of_record
TN:
SF:client/public/webpack:/node_modules/axios/lib/helpers/bind.js
FN:3,bind
FN:4,wrap
FNF:2
FNH:0
FNDA:0,bind
FNDA:0,wrap
DA:3,0
DA:4,0
DA:5,0
DA:6,0
DA:7,0
DA:9,0
LF:6
LH:0
BRF:0
BRH:0
end_of_record
TN:
SF:client/public/webpack:/node_modules/axios/lib/helpers/buildURL.js
FN:5,encode
FN:23,buildURL
FN:37,serialize
FN:48,parseValue
FNF:4
FNH:0
FNDA:0,encode
FNDA:0,buildURL
FNDA:0,serialize
FNDA:0,parseValue
DA:3,0
DA:6,0
DA:23,0
DA:25,0
DA:26,0
DA:30,0
DA:31,0
DA:32,0
DA:33,0
DA:35,0
DA:37,0
DA:38,0
DA:39,0
DA:42,0
DA:43,0
DA:45,0
DA:48,0
DA:49,0
DA:50,0
DA:51,0
DA:52,0
DA:54,0
DA:58,0
DA:61,0
DA:62,0
DA:63,0
DA:64,0
DA:67,0
DA:70,0
LF:29
LH:0
BRDA:25,0,0,0
BRDA:25,0,1,0
BRDA:30,1,0,0
BRDA:30,1,1,0
BRDA:32,2,0,0
BRDA:32,2,1,0
BRDA:38,3,0,0
BRDA:38,3,1,0
BRDA:38,4,0,0
BRDA:38,4,1,0
BRDA:42,5,0,0
BRDA:42,5,1,0
BRDA:49,6,0,0
BRDA:49,6,1,0
BRDA:51,7,0,0
BRDA:51,7,1,0
BRDA:61,8,0,0
BRDA:61,8,1,0
BRDA:63,9,0,0
BRDA:63,9,1,0
BRDA:67,10,0,0
BRDA:67,10,1,0
BRF:22
BRH:0
end_of_record
TN:
SF:client/public/webpack:/node_modules/axios/lib/helpers/combineURLs.js
FN:10,combineURLs
FNF:1
FNH:0
FNDA:0,combineURLs
DA:10,0
DA:11,0
LF:2
LH:0
BRDA:12,0,0,0
BRDA:12,0,1,0
BRF:2
BRH:0
end_of_record
TN:
SF:client/public/webpack:/node_modules/axios/lib/helpers/cookies.js
FN:9,standardBrowserEnv
FN:11,write
FN:34,read
FN:39,remove
FN:46,nonStandardBrowserEnv
FN:48,write
FN:49,read
FN:50,remove
FNF:8
FNH:0
FNDA:0,standardBrowserEnv
FNDA:0,write
FNDA:0,read
FNDA:0,remove
FNDA:0,nonStandardBrowserEnv
FNDA:0,write
FNDA:0,read
FNDA:0,remove
DA:3,0
DA:5,0
DA:10,0
DA:12,0
DA:13,0
DA:15,0
DA:16,0
DA:19,0
DA:20,0
DA:23,0
DA:24,0
DA:27,0
DA:28,0
DA:31,0
DA:35,0
DA:36,0
DA:40,0
DA:47,0
DA:49,0
LF:19
LH:0
BRDA:9,0,0,0
BRDA:9,0,1,0
BRDA:15,1,0,0
BRDA:15,1,1,0
BRDA:19,2,0,0
BRDA:19,2,1,0
BRDA:23,3,0,0
BRDA:23,3,1,0
BRDA:27,4,0,0
BRDA:27,4,1,0
BRDA:36,5,0,0
BRDA:36,5,1,0
BRF:12
BRH:0
end_of_record
TN:
SF:client/public/webpack:/node_modules/axios/lib/helpers/isAbsoluteURL.js
FN:9,isAbsoluteURL
FNF:1
FNH:0
FNDA:0,isAbsoluteURL
DA:9,0
DA:13,0
LF:2
LH:0
BRF:0
BRH:0
end_of_record
TN:
SF:client/public/webpack:/node_modules/axios/lib/helpers/isURLSameOrigin.js
FN:10,standardBrowserEnv
FN:21,resolveURL
FN:55,isURLSameOrigin
FN:63,nonStandardBrowserEnv
FN:64,isURLSameOrigin
FNF:5
FNH:0
FNDA:0,standardBrowserEnv
FNDA:0,resolveURL
FNDA:0,isURLSameOrigin
FNDA:0,nonStandardBrowserEnv
FNDA:0,isURLSameOrigin
DA:3,0
DA:5,0
DA:11,0
DA:12,0
DA:22,0
DA:24,0
DA:26,0
DA:27,0
DA:30,0
DA:33,0
DA:47,0
DA:55,0
DA:56,0
DA:57,0
DA:64,0
DA:65,0
LF:16
LH:0
BRDA:10,0,0,0
BRDA:10,0,1,0
BRDA:24,1,0,0
BRDA:24,1,1,0
BRDA:35,2,0,0
BRDA:35,2,1,0
BRDA:37,3,0,0
BRDA:37,3,1,0
BRDA:38,4,0,0
BRDA:38,4,1,0
BRDA:42,5,0,0
BRDA:42,5,1,0
BRDA:56,6,0,0
BRDA:56,6,1,0
BRDA:57,7,0,0
BRDA:57,7,1,0
BRF:16
BRH:0
end_of_record
TN:
SF:client/public/webpack:/node_modules/axios/lib/helpers/normalizeHeaderName.js
FN:5,normalizeHeaderName
FN:6,processHeader
FNF:2
FNH:0
FNDA:0,normalizeHeaderName
FNDA:0,processHeader
DA:3,0
DA:5,0
DA:6,0
DA:7,0
DA:8,0
DA:9,0
LF:6
LH:0
BRDA:7,0,0,0
BRDA:7,0,1,0
BRDA:7,1,0,0
BRDA:7,1,1,0
BRF:4
BRH:0
end_of_record
TN:
SF:client/public/webpack:/node_modules/axios/lib/helpers/parseHeaders.js
FN:27,parseHeaders
FN:35,parser
FNF:2
FNH:0
FNDA:0,parseHeaders
FNDA:0,parser
DA:3,0
DA:7,0
DA:27,0
DA:28,0
DA:33,0
DA:35,0
DA:36,0
DA:37,0
DA:38,0
DA:40,0
DA:41,0
DA:42,0
DA:44,0
DA:45,0
DA:47,0
DA:52,0
LF:16
LH:0
BRDA:33,0,0,0
BRDA:33,0,1,0
BRDA:40,1,0,0
BRDA:40,1,1,0
BRDA:41,2,0,0
BRDA:41,2,1,0
BRDA:41,3,0,0
BRDA:41,3,1,0
BRDA:44,4,0,0
BRDA:44,4,1,0
BRDA:45,5,0,0
BRDA:45,5,1,0
BRDA:47,6,0,0
BRDA:47,6,1,0
BRF:14
BRH:0
end_of_record
TN:
SF:client/public/webpack:/node_modules/axios/lib/helpers/spread.js
FN:23,spread
FN:24,wrap
FNF:2
FNH:0
FNDA:0,spread
FNDA:0,wrap
DA:23,0
DA:24,0
DA:25,0
LF:3
LH:0
BRF:0
BRH:0
end_of_record
TN:
SF:client/public/webpack:/node_modules/css-loader/dist/runtime/api.js
FN:9,(anonymous_249)
FN:12,toString
FN:13,(anonymous_251)
FN:26,(anonymous_252)
FN:68,cssWithMappingToString
FN:79,(anonymous_254)
FN:89,toComment
FNF:7
FNH:0
FNDA:0,(anonymous_249)
FNDA:0,toString
FNDA:0,(anonymous_251)
FNDA:0,(anonymous_252)
FNDA:0,cssWithMappingToString
FNDA:0,(anonymous_254)
FNDA:0,toComment
DA:9,0
DA:10,0
DA:12,0
DA:13,0
DA:14,0
DA:16,0
DA:17,0
DA:20,0
DA:26,0
DA:27,0
DA:29,0
DA:32,0
DA:34,0
DA:35,0
DA:37,0
DA:39,0
DA:40,0
DA:45,0
DA:46,0
DA:48,0
DA:50,0
DA:53,0
DA:54,0
DA:55,0
DA:57,0
DA:61,0
DA:65,0
DA:69,0
DA:71,0
DA:73,0
DA:74,0
DA:77,0
DA:78,0
DA:79,0
DA:80,0
DA:82,0
DA:85,0
DA:91,0
DA:92,0
DA:93,0
LF:40
LH:0
BRDA:16,0,0,0
BRDA:16,0,1,0
BRDA:27,1,0,0
BRDA:27,1,1,0
BRDA:34,2,0,0
BRDA:34,2,1,0
BRDA:39,3,0,0
BRDA:39,3,1,0
BRDA:48,4,0,0
BRDA:48,4,1,0
BRDA:48,5,0,0
BRDA:48,5,1,0
BRDA:53,6,0,0
BRDA:53,6,1,0
BRDA:54,7,0,0
BRDA:54,7,1,0
BRDA:69,8,0,0
BRDA:69,8,1,0
BRDA:73,9,0,0
BRDA:73,9,1,0
BRDA:77,10,0,0
BRDA:77,10,1,0
BRDA:77,11,0,0
BRDA:77,11,1,0
BRDA:80,12,0,0
BRDA:80,12,1,0
BRF:26
BRH:0
end_of_record
TN:
SF:client/public/webpack:/node_modules/object-assign/index.js
FN:13,toObject
FN:21,shouldUseNative
FN:41,(anonymous_259)
FN:50,(anonymous_260)
FN:65,(anonymous_261)
FNF:5
FNH:0
FNDA:0,toObject
FNDA:0,shouldUseNative
FNDA:0,(anonymous_259)
FNDA:0,(anonymous_260)
FNDA:0,(anonymous_261)
DA:9,0
DA:10,0
DA:11,0
DA:14,0
DA:15,0
DA:18,0
DA:22,0
DA:23,0
DA:24,0
DA:30,0
DA:31,0
DA:32,0
DA:33,0
DA:37,0
DA:38,0
DA:39,0
DA:41,0
DA:42,0
DA:44,0
DA:45,0
DA:49,0
DA:50,0
DA:51,0
DA:53,0
DA:55,0
DA:58,0
DA:61,0
DA:65,0
DA:67,0
DA:70,0
DA:71,0
DA:73,0
DA:74,0
DA:75,0
DA:79,0
DA:80,0
DA:81,0
DA:82,0
DA:83,0
DA:89,0
LF:40
LH:0
BRDA:14,0,0,0
BRDA:14,0,1,0
BRDA:14,1,0,0
BRDA:14,1,1,0
BRDA:23,2,0,0
BRDA:23,2,1,0
BRDA:32,3,0,0
BRDA:32,3,1,0
BRDA:44,4,0,0
BRDA:44,4,1,0
BRDA:53,5,0,0
BRDA:53,5,1,0
BRDA:65,6,0,0
BRDA:65,6,1,0
BRDA:74,7,0,0
BRDA:74,7,1,0
BRDA:79,8,0,0
BRDA:79,8,1,0
BRDA:82,9,0,0
BRDA:82,9,1,0
BRF:20
BRH:0
end_of_record
TN:
SF:client/public/webpack:/node_modules/process/browser.js
FN:12,defaultSetTimout
FN:15,defaultClearTimeout
FN:18,(anonymous_265)
FN:38,runTimeout
FN:63,runClearTimeout
FN:95,cleanUpNextTick
FN:110,drainQueue
FN:134,(anonymous_270)
FN:148,Item
FN:152,(anonymous_272)
FN:162,noop
FN:174,(anonymous_274)
FN:176,(anonymous_275)
FN:180,(anonymous_276)
FN:181,(anonymous_277)
FN:184,(anonymous_278)
FNF:16
FNH:0
FNDA:0,defaultSetTimout
FNDA:0,defaultClearTimeout
FNDA:0,(anonymous_265)
FNDA:0,runTimeout
FNDA:0,runClearTimeout
FNDA:0,cleanUpNextTick
FNDA:0,drainQueue
FNDA:0,(anonymous_270)
FNDA:0,Item
FNDA:0,(anonymous_272)
FNDA:0,noop
FNDA:0,(anonymous_274)
FNDA:0,(anonymous_275)
FNDA:0,(anonymous_276)
FNDA:0,(anonymous_277)
FNDA:0,(anonymous_278)
DA:2,0
DA:13,0
DA:16,0
DA:18,0
DA:19,0
DA:20,0
DA:21,0
DA:23,0
DA:26,0
DA:28,0
DA:29,0
DA:30,0
DA:32,0
DA:35,0
DA:39,0
DA:41,0
DA:44,0
DA:45,0
DA:46,0
DA:48,0
DA:50,0
DA:52,0
DA:54,0
DA:57,0
DA:64,0
DA:66,0
DA:69,0
DA:70,0
DA:71,0
DA:73,0
DA:75,0
DA:77,0
DA:79,0
DA:83,0
DA:90,0
DA:91,0
DA:93,0
DA:96,0
DA:97,0
DA:99,0
DA:100,0
DA:101,0
DA:103,0
DA:105,0
DA:106,0
DA:111,0
DA:112,0
DA:114,0
DA:115,0
DA:117,0
DA:118,0
DA:119,0
DA:120,0
DA:121,0
DA:122,0
DA:123,0
DA:126,0
DA:127,0
DA:129,0
DA:130,0
DA:131,0
DA:134,0
DA:135,0
DA:136,0
DA:137,0
DA:138,0
DA:141,0
DA:142,0
DA:143,0
DA:149,0
DA:150,0
DA:152,0
DA:153,0
DA:155,0
DA:156,0
DA:157,0
DA:158,0
DA:159,0
DA:160,0
DA:164,0
DA:165,0
DA:166,0
DA:167,0
DA:168,0
DA:169,0
DA:170,0
DA:171,0
DA:172,0
DA:174,0
DA:176,0
DA:177,0
DA:180,0
DA:181,0
DA:182,0
DA:184,0
LF:95
LH:0
BRDA:20,0,0,0
BRDA:20,0,1,0
BRDA:29,1,0,0
BRDA:29,1,1,0
BRDA:39,2,0,0
BRDA:39,2,1,0
BRDA:44,3,0,0
BRDA:44,3,1,0
BRDA:44,4,0,0
BRDA:44,4,1,0
BRDA:44,4,2,0
BRDA:64,5,0,0
BRDA:64,5,1,0
BRDA:69,6,0,0
BRDA:69,6,1,0
BRDA:69,7,0,0
BRDA:69,7,1,0
BRDA:69,7,2,0
BRDA:96,8,0,0
BRDA:96,8,1,0
BRDA:96,9,0,0
BRDA:96,9,1,0
BRDA:100,10,0,0
BRDA:100,10,1,0
BRDA:105,11,0,0
BRDA:105,11,1,0
BRDA:111,12,0,0
BRDA:111,12,1,0
BRDA:122,13,0,0
BRDA:122,13,1,0
BRDA:136,14,0,0
BRDA:136,14,1,0
BRDA:142,15,0,0
BRDA:142,15,1,0
BRDA:142,16,0,0
BRDA:142,16,1,0
BRF:36
BRH:0
end_of_record
TN:
SF:client/public/webpack:/node_modules/prop-types/checkPropTypes.js
FN:10,(anonymous_280)
FN:17,(anonymous_281)
FN:42,checkPropTypes
FN:96,(anonymous_283)
FNF:4
FNH:0
FNDA:0,(anonymous_280)
FNDA:0,(anonymous_281)
FNDA:0,checkPropTypes
FNDA:0,(anonymous_283)
DA:10,0
DA:12,0
DA:13,0
DA:14,0
DA:15,0
DA:17,0
DA:18,0
DA:19,0
DA:20,0
DA:22,0
DA:26,0
DA:43,0
DA:44,0
DA:45,0
DA:50,0
DA:53,0
DA:54,0
DA:58,0
DA:59,0
DA:61,0
DA:63,0
DA:65,0
DA:66,0
DA:75,0
DA:78,0
DA:80,0
DA:82,0
DA:96,0
DA:97,0
DA:98,0
DA:102,0
LF:31
LH:0
BRDA:12,0,0,0
BRDA:12,0,1,0
BRDA:19,1,0,0
BRDA:19,1,1,0
BRDA:43,2,0,0
BRDA:43,2,1,0
BRDA:45,3,0,0
BRDA:45,3,1,0
BRDA:53,4,0,0
BRDA:53,4,1,0
BRDA:55,5,0,0
BRDA:55,5,1,0
BRDA:65,6,0,0
BRDA:65,6,1,0
BRDA:65,7,0,0
BRDA:65,7,1,0
BRDA:67,8,0,0
BRDA:67,8,1,0
BRDA:75,9,0,0
BRDA:75,9,1,0
BRDA:75,10,0,0
BRDA:75,10,1,0
BRDA:80,11,0,0
BRDA:80,11,1,0
BRDA:83,12,0,0
BRDA:83,12,1,0
BRDA:97,13,0,0
BRDA:97,13,1,0
BRF:28
BRH:0
end_of_record
TN:
SF:client/public/webpack:/node_modules/prop-types/factoryWithTypeCheckers.js
FN:17,(anonymous_285)
FN:20,(anonymous_286)
FN:34,emptyFunctionThatReturnsNull
FN:38,(anonymous_288)
FN:57,getIteratorFn
FN:142,is
FN:162,PropTypeError
FN:169,createChainableTypeChecker
FN:174,checkType
FN:227,createPrimitiveTypeChecker
FN:228,validate
FN:244,createAnyTypeChecker
FN:248,createArrayOfTypeChecker
FN:249,validate
FN:269,createElementTypeChecker
FN:270,validate
FN:281,createElementTypeTypeChecker
FN:282,validate
FN:293,createInstanceTypeChecker
FN:294,validate
FN:305,createEnumTypeChecker
FN:320,validate
FN:328,replacer
FN:340,createObjectOfTypeChecker
FN:341,validate
FN:363,createUnionTypeChecker
FN:380,validate
FN:393,createNodeChecker
FN:394,validate
FN:403,createShapeTypeChecker
FN:404,validate
FN:425,createStrictShapeTypeChecker
FN:426,validate
FN:455,isNode
FN:502,isSymbol
FN:527,getPropType
FN:546,getPreciseType
FN:563,getPostfixForTypeWarning
FN:579,getClassName
FNF:39
FNH:0
FNDA:0,(anonymous_285)
FNDA:0,(anonymous_286)
FNDA:0,emptyFunctionThatReturnsNull
FNDA:0,(anonymous_288)
FNDA:0,getIteratorFn
FNDA:0,is
FNDA:0,PropTypeError
FNDA:0,createChainableTypeChecker
FNDA:0,checkType
FNDA:0,createPrimitiveTypeChecker
FNDA:0,validate
FNDA:0,createAnyTypeChecker
FNDA:0,createArrayOfTypeChecker
FNDA:0,validate
FNDA:0,createElementTypeChecker
FNDA:0,validate
FNDA:0,createElementTypeTypeChecker
FNDA:0,validate
FNDA:0,createInstanceTypeChecker
FNDA:0,validate
FNDA:0,createEnumTypeChecker
FNDA:0,validate
FNDA:0,replacer
FNDA:0,createObjectOfTypeChecker
FNDA:0,validate
FNDA:0,createUnionTypeChecker
FNDA:0,validate
FNDA:0,createNodeChecker
FNDA:0,validate
FNDA:0,createShapeTypeChecker
FNDA:0,validate
FNDA:0,createStrictShapeTypeChecker
FNDA:0,validate
FNDA:0,isNode
FNDA:0,isSymbol
FNDA:0,getPropType
FNDA:0,getPreciseType
FNDA:0,getPostfixForTypeWarning
FNDA:0,getClassName
DA:10,0
DA:11,0
DA:13,0
DA:14,0
DA:16,0
DA:17,0
DA:19,0
DA:20,0
DA:21,0
DA:22,0
DA:23,0
DA:25,0
DA:29,0
DA:35,0
DA:38,0
DA:40,0
DA:41,0
DA:58,0
DA:59,0
DA:60,0
DA:111,0
DA:115,0
DA:144,0
DA:147,0
DA:150,0
DA:163,0
DA:164,0
DA:167,0
DA:170,0
DA:171,0
DA:172,0
DA:175,0
DA:176,0
DA:178,0
DA:179,0
DA:181,0
DA:186,0
DA:187,0
DA:188,0
DA:190,0
DA:191,0
DA:196,0
DA:203,0
DA:204,0
DA:208,0
DA:209,0
DA:210,0
DA:211,0
DA:213,0
DA:215,0
DA:217,0
DA:221,0
DA:222,0
DA:224,0
DA:229,0
DA:230,0
DA:231,0
DA:235,0
DA:237,0
DA:239,0
DA:241,0
DA:245,0
DA:250,0
DA:251,0
DA:253,0
DA:254,0
DA:255,0
DA:256,0
DA:258,0
DA:259,0
DA:260,0
DA:261,0
DA:264,0
DA:266,0
DA:271,0
DA:272,0
DA:273,0
DA:274,0
DA:276,0
DA:278,0
DA:283,0
DA:284,0
DA:285,0
DA:286,0
DA:288,0
DA:290,0
DA:295,0
DA:296,0
DA:297,0
DA:298,0
DA:300,0
DA:302,0
DA:306,0
DA:307,0
DA:308,0
DA:309,0
DA:314,0
DA:317,0
DA:321,0
DA:322,0
DA:323,0
DA:324,0
DA:328,0
DA:329,0
DA:330,0
DA:331,0
DA:333,0
DA:335,0
DA:337,0
DA:342,0
DA:343,0
DA:345,0
DA:346,0
DA:347,0
DA:348,0
DA:350,0
DA:351,0
DA:352,0
DA:353,0
DA:354,0
DA:358,0
DA:360,0
DA:364,0
DA:365,0
DA:366,0
DA:369,0
DA:370,0
DA:371,0
DA:372,0
DA:376,0
DA:381,0
DA:382,0
DA:383,0
DA:384,0
DA:388,0
DA:390,0
DA:395,0
DA:396,0
DA:398,0
DA:400,0
DA:405,0
DA:406,0
DA:407,0
DA:408,0
DA:410,0
DA:411,0
DA:412,0
DA:413,0
DA:415,0
DA:416,0
DA:417,0
DA:420,0
DA:422,0
DA:427,0
DA:428,0
DA:429,0
DA:430,0
DA:434,0
DA:435,0
DA:436,0
DA:437,0
DA:438,0
DA:444,0
DA:445,0
DA:446,0
DA:449,0
DA:452,0
DA:456,0
DA:460,0
DA:462,0
DA:464,0
DA:465,0
DA:467,0
DA:468,0
DA:471,0
DA:472,0
DA:473,0
DA:475,0
DA:476,0
DA:477,0
DA:478,0
DA:483,0
DA:484,0
DA:485,0
DA:486,0
DA:487,0
DA:493,0
DA:496,0
DA:498,0
DA:504,0
DA:505,0
DA:509,0
DA:510,0
DA:514,0
DA:515,0
DA:519,0
DA:520,0
DA:523,0
DA:528,0
DA:529,0
DA:530,0
DA:532,0
DA:536,0
DA:538,0
DA:539,0
DA:541,0
DA:547,0
DA:548,0
DA:550,0
DA:551,0
DA:552,0
DA:553,0
DA:554,0
DA:555,0
DA:558,0
DA:564,0
DA:565,0
DA:568,0
DA:572,0
DA:574,0
DA:580,0
DA:581,0
DA:583,0
DA:586,0
DA:587,0
DA:588,0
DA:590,0
LF:227
LH:0
BRDA:19,0,0,0
BRDA:19,0,1,0
BRDA:22,1,0,0
BRDA:22,1,1,0
BRDA:40,2,0,0
BRDA:40,2,1,0
BRDA:58,3,0,0
BRDA:58,3,1,0
BRDA:58,3,2,0
BRDA:58,3,3,0
BRDA:59,4,0,0
BRDA:59,4,1,0
BRDA:144,5,0,0
BRDA:144,5,1,0
BRDA:147,6,0,0
BRDA:147,6,1,0
BRDA:150,7,0,0
BRDA:150,7,1,0
BRDA:170,8,0,0
BRDA:170,8,1,0
BRDA:175,9,0,0
BRDA:175,9,1,0
BRDA:176,10,0,0
BRDA:176,10,1,0
BRDA:178,11,0,0
BRDA:178,11,1,0
BRDA:179,12,0,0
BRDA:179,12,1,0
BRDA:188,13,0,0
BRDA:188,13,1,0
BRDA:188,14,0,0
BRDA:188,14,1,0
BRDA:191,15,0,0
BRDA:191,15,1,0
BRDA:192,16,0,0
BRDA:192,16,1,0
BRDA:208,17,0,0
BRDA:208,17,1,0
BRDA:209,18,0,0
BRDA:209,18,1,0
BRDA:210,19,0,0
BRDA:210,19,1,0
BRDA:231,20,0,0
BRDA:231,20,1,0
BRDA:250,21,0,0
BRDA:250,21,1,0
BRDA:254,22,0,0
BRDA:254,22,1,0
BRDA:260,23,0,0
BRDA:260,23,1,0
BRDA:272,24,0,0
BRDA:272,24,1,0
BRDA:284,25,0,0
BRDA:284,25,1,0
BRDA:295,26,0,0
BRDA:295,26,1,0
BRDA:296,27,0,0
BRDA:296,27,1,0
BRDA:306,28,0,0
BRDA:306,28,1,0
BRDA:307,29,0,0
BRDA:307,29,1,0
BRDA:308,30,0,0
BRDA:308,30,1,0
BRDA:323,31,0,0
BRDA:323,31,1,0
BRDA:330,32,0,0
BRDA:330,32,1,0
BRDA:342,33,0,0
BRDA:342,33,1,0
BRDA:347,34,0,0
BRDA:347,34,1,0
BRDA:351,35,0,0
BRDA:351,35,1,0
BRDA:353,36,0,0
BRDA:353,36,1,0
BRDA:364,37,0,0
BRDA:364,37,1,0
BRDA:365,38,0,0
BRDA:365,38,1,0
BRDA:371,39,0,0
BRDA:371,39,1,0
BRDA:383,40,0,0
BRDA:383,40,1,0
BRDA:395,41,0,0
BRDA:395,41,1,0
BRDA:407,42,0,0
BRDA:407,42,1,0
BRDA:412,43,0,0
BRDA:412,43,1,0
BRDA:416,44,0,0
BRDA:416,44,1,0
BRDA:429,45,0,0
BRDA:429,45,1,0
BRDA:437,46,0,0
BRDA:437,46,1,0
BRDA:445,47,0,0
BRDA:445,47,1,0
BRDA:457,48,0,0
BRDA:457,48,1,0
BRDA:457,48,2,0
BRDA:457,48,3,0
BRDA:457,48,4,0
BRDA:457,48,5,0
BRDA:464,49,0,0
BRDA:464,49,1,0
BRDA:467,50,0,0
BRDA:467,50,1,0
BRDA:467,51,0,0
BRDA:467,51,1,0
BRDA:472,52,0,0
BRDA:472,52,1,0
BRDA:475,53,0,0
BRDA:475,53,1,0
BRDA:477,54,0,0
BRDA:477,54,1,0
BRDA:485,55,0,0
BRDA:485,55,1,0
BRDA:486,56,0,0
BRDA:486,56,1,0
BRDA:504,57,0,0
BRDA:504,57,1,0
BRDA:509,58,0,0
BRDA:509,58,1,0
BRDA:514,59,0,0
BRDA:514,59,1,0
BRDA:519,60,0,0
BRDA:519,60,1,0
BRDA:519,61,0,0
BRDA:519,61,1,0
BRDA:529,62,0,0
BRDA:529,62,1,0
BRDA:532,63,0,0
BRDA:532,63,1,0
BRDA:538,64,0,0
BRDA:538,64,1,0
BRDA:547,65,0,0
BRDA:547,65,1,0
BRDA:547,66,0,0
BRDA:547,66,1,0
BRDA:551,67,0,0
BRDA:551,67,1,0
BRDA:552,68,0,0
BRDA:552,68,1,0
BRDA:554,69,0,0
BRDA:554,69,1,0
BRDA:566,70,0,0
BRDA:566,70,1,0
BRDA:566,70,2,0
BRDA:566,70,3,0
BRDA:566,70,4,0
BRDA:566,70,5,0
BRDA:580,71,0,0
BRDA:580,71,1,0
BRDA:580,72,0,0
BRDA:580,72,1,0
BRF:156
BRH:0
end_of_record
TN:
SF:client/public/webpack:/node_modules/prop-types/index.js
FNF:0
FNH:0
DA:8,0
DA:9,0
DA:13,0
DA:14,0
LF:4
LH:0
BRDA:8,0,0,0
BRDA:8,0,1,0
BRF:2
BRH:0
end_of_record
TN:
SF:client/public/webpack:/node_modules/prop-types/lib/ReactPropTypesSecret.js
FNF:0
FNH:0
DA:10,0
DA:12,0
LF:2
LH:0
BRF:0
BRH:0
end_of_record
TN:
SF:client/public/webpack:/node_modules/react/index.js
FNF:0
FNH:0
DA:3,0
DA:6,0
LF:2
LH:0
BRDA:3,0,0,0
BRDA:3,0,1,0
BRF:2
BRH:0
end_of_record
TN:
SF:client/public/webpack:/node_modules/react-dom/index.js
FN:3,checkDCE
FNF:1
FNH:0
FNDA:0,checkDCE
DA:5,0
DA:9,0
DA:11,0
DA:19,0
DA:21,0
DA:23,0
DA:27,0
DA:31,0
DA:37,0
LF:9
LH:0
BRDA:5,0,0,0
BRDA:5,0,1,0
BRDA:6,1,0,0
BRDA:6,1,1,0
BRDA:11,2,0,0
BRDA:11,2,1,0
BRDA:31,3,0,0
BRDA:31,3,1,0
BRF:8
BRH:0
end_of_record
TN:
SF:client/public/webpack:/node_modules/react-dom/cjs/react-dom.development.js
FN:15,(anonymous_327)
FN:45,warn
FN:54,error
FN:64,printWarning
FN:80,(anonymous_331)
FN:95,(anonymous_332)
FN:109,(anonymous_333)
FN:143,(anonymous_334)
FN:174,callCallback
FN:208,handleWindowError
FN:270,(anonymous_337)
FN:289,invokeGuardedCallback
FN:305,invokeGuardedCallbackAndCatchFirstError
FN:322,rethrowCaughtError
FN:330,hasCaughtError
FN:333,clearCaughtError
FN:351,setComponentTree
FN:365,(anonymous_344)
FN:386,executeDispatch
FN:396,executeDispatchesInOrder
FN:463,recomputePluginOrdering
FN:511,publishEventForPlugin
FN:546,publishRegistrationName
FN:608,injectEventPluginOrder
FN:629,injectEventPluginsByName
FN:666,restoreStateOfTarget
FN:691,setRestoreImplementation
FN:694,enqueueStateRestore
FN:705,needsStateRestore
FN:708,restoreStateIfNeeded
FN:739,(anonymous_357)
FN:743,(anonymous_358)
FN:747,(anonymous_359)
FN:753,finishEventHandler
FN:769,batchedUpdates
FN:785,batchedEventUpdates
FN:801,discreteUpdates
FN:815,flushDiscreteUpdatesIfNeeded
FN:832,setBatchingImplementation
FN:880,isAttributeNameSafe
FN:902,shouldIgnoreAttribute
FN:917,shouldRemoveAttributeWithWarning
FN:947,shouldRemoveAttribute
FN:978,getPropertyInfo
FN:982,PropertyInfoRecord
FN:1002,(anonymous_372)
FN:1010,(anonymous_373)
FN:1021,(anonymous_374)
FN:1031,(anonymous_375)
FN:1041,(anonymous_376)
FN:1054,(anonymous_377)
FN:1065,(anonymous_378)
FN:1075,(anonymous_379)
FN:1082,(anonymous_380)
FN:1090,(anonymous_381)
FN:1102,(anonymous_382)
FN:1112,(anonymous_383)
FN:1121,(anonymous_384)
FN:1129,(anonymous_385)
FN:1140,(anonymous_386)
FN:1166,sanitizeURL
FN:1181,getValueForProperty
FN:1251,getValueForAttribute
FN:1278,setValueForProperty
FN:1356,describeComponentFrame
FN:1407,getIteratorFn
FN:1425,refineResolvedLazyComponent
FN:1428,initializeLazyComponentType
FN:1434,(anonymous_395)
FN:1447,(anonymous_396)
FN:1456,getWrappedName
FN:1461,getComponentName
FN:1537,describeFiber
FN:1561,getStackByFiberInDevAndProd
FN:1574,getCurrentFiberOwnerNameInDevOrNull
FN:1589,getCurrentFiberStackInDev
FN:1600,resetCurrentFiber
FN:1607,setCurrentFiber
FN:1614,setIsRendering
FN:1623,toString
FN:1626,getToStringValue
FN:1658,(anonymous_408)
FN:1665,(anonymous_409)
FN:1678,(anonymous_410)
FN:1683,isCheckable
FN:1689,getTracker
FN:1693,detachTracker
FN:1697,getValueFromNode
FN:1713,trackValueOnNode
FN:1729,(anonymous_416)
FN:1732,(anonymous_417)
FN:1745,(anonymous_418)
FN:1748,(anonymous_419)
FN:1751,(anonymous_420)
FN:1759,track
FN:1767,updateValueIfChanged
FN:1795,isControlled
FN:1817,getHostProps
FN:1830,initWrapperState
FN:1855,updateChecked
FN:1863,updateWrapper
FN:1924,postMountWrapper
FN:1988,restoreControlledState
FN:1994,updateNamedCousins
FN:2051,setDefaultValue
FN:2065,flattenChildren
FN:2072,(anonymous_433)
FN:2088,validateProps
FN:2095,(anonymous_435)
FN:2124,postMountWrapper$1
FN:2130,getHostProps$1
FN:2150,getDeclarationErrorAddendum
FN:2165,checkSelectPropTypes
FN:2187,updateOptions
FN:2255,getHostProps$2
FN:2260,initWrapperState$1
FN:2279,postMountWrapper$2
FN:2290,postUpdateWrapper
FN:2308,restoreControlledState$1
FN:2334,getHostProps$3
FN:2357,initWrapperState$2
FN:2413,updateWrapper$1
FN:2436,postMountWrapper$3
FN:2451,restoreControlledState$2
FN:2465,getIntrinsicNamespace
FN:2477,getChildNamespace
FN:2497,(anonymous_453)
FN:2499,(anonymous_454)
FN:2500,(anonymous_455)
FN:2518,(anonymous_456)
FN:2563,(anonymous_457)
FN:2579,unsafeCastStringToDOMTopLevelType
FN:2582,unsafeCastDOMTopLevelTypeToString
FN:2594,makePrefixMap
FN:2651,getVendorPrefixedEventName
FN:2761,getRawEventName
FN:2768,getListenerMapForElement
FN:2788,get
FN:2791,has
FN:2794,set
FN:2858,getNearestMountedFiber
FN:2895,getSuspenseInstanceFromFiber
FN:2914,getContainerFromFiber
FN:2917,isFiberMounted
FN:2920,isMounted
FN:2945,assertIsMounted
FN:2953,findCurrentFiberUsingSlowPath
FN:3123,findCurrentHostFiber
FN:3162,findCurrentHostFiberWithNoPortals
FN:3215,accumulateInto
FN:3255,forEachAccumulated
FN:3276,(anonymous_478)
FN:3286,(anonymous_479)
FN:3290,runEventsInBatch
FN:3324,getEventTarget
FN:3352,isEventSupported
FN:3428,releaseTopLevelCallbackBookKeeping
FN:3440,getTopLevelCallbackBookKeeping
FN:3465,findRootContainerNode
FN:3493,extractPluginEvents
FN:3512,runExtractedPluginEventsInBatch
FN:3517,handleTopLevel
FN:3562,dispatchEventForLegacyPluginEventSystem
FN:3595,legacyListenToEvent
FN:3604,legacyListenToTopLevelEvent
FN:3651,isListeningToAllDependencies
FN:3667,setAttemptUserBlockingHydration
FN:3671,setAttemptContinuousHydration
FN:3675,setAttemptHydrationAtCurrentPriority
FN:3691,hasQueuedDiscreteEvents
FN:3696,isReplayableDiscreteEvent
FN:3700,trapReplayableEventForDocument
FN:3704,eagerlyTrapReplayableEvents
FN:3707,(anonymous_500)
FN:3711,(anonymous_501)
FN:3716,createQueuedReplayableEvent
FN:3726,queueDiscreteEvent
FN:3731,clearIfContinuousEvent
FN:3766,accumulateOrCreateContinuousQueuedReplayableEvent
FN:3790,queueIfContinuousEvent
FN:3836,attemptExplicitHydrationTarget
FN:3855,(anonymous_508)
FN:3876,attemptReplayContinuousQueuedEvent
FN:3898,attemptReplayContinuousQueuedEventInMap
FN:3904,replayUnblockedEvents
FN:3951,scheduleCallbackIfUnblocked
FN:3965,retryIfBlockedOn
FN:3994,(anonymous_514)
FN:4026,addEventBubbleListener
FN:4029,addEventCaptureListener
FN:4075,processSimpleEventPluginPairsByPriority
FN:4101,processTopEventPairsByPriority
FN:4113,getEventPriorityForPluginSystem
FN:4126,setEnabled
FN:4129,isEnabled
FN:4132,trapBubbledEvent
FN:4135,trapCapturedEvent
FN:4139,trapEventForPluginEventSystem
FN:4166,dispatchDiscreteEvent
FN:4171,dispatchUserBlockingUpdate
FN:4175,dispatchEvent
FN:4217,attemptToDispatchEvent
FN:4381,prefixKey
FN:4393,(anonymous_530)
FN:4394,(anonymous_531)
FN:4409,dangerousStyleValue
FN:4448,hyphenateStyleName
FN:4452,(anonymous_534)
FN:4466,(anonymous_535)
FN:4467,(anonymous_536)
FN:4472,(anonymous_537)
FN:4485,(anonymous_538)
FN:4495,(anonymous_539)
FN:4505,(anonymous_540)
FN:4515,(anonymous_541)
FN:4525,(anonymous_542)
FN:4557,createDangerousStringForStyles
FN:4588,setValueForStyles
FN:4618,isValueEmpty
FN:4631,expandShorthandMap
FN:4660,validateShorthandPropertyCollisionInDev
FN:4724,assertValidProps
FN:4765,isCustomComponent
FN:5343,validateProperty
FN:5393,warnInvalidARIAProps
FN:5405,(anonymous_552)
FN:5417,validateProperties
FN:5426,validateProperties$1
FN:5444,(anonymous_555)
FN:5454,(anonymous_556)
FN:5590,(anonymous_557)
FN:5602,(anonymous_558)
FN:5614,validateProperties$2
FN:5659,(anonymous_560)
FN:5684,(anonymous_561)
FN:5689,(anonymous_562)
FN:5706,(anonymous_563)
FN:5723,(anonymous_564)
FN:5730,(anonymous_565)
FN:5737,(anonymous_566)
FN:5747,(anonymous_567)
FN:5758,ensureListeningTo
FN:5764,getOwnerDocumentFromRootContainer
FN:5768,noop
FN:5770,trapClickOnNonInteractiveElement
FN:5783,setInitialDOMProperties
FN:5836,updateDOMProperties
FN:5854,createElement
FN:5934,createTextNode
FN:5937,setInitialProperties
FN:6061,diffProperties
FN:6241,updateProperties
FN:6275,getPossibleStandardName
FN:6287,diffHydratedProperties
FN:6564,diffHydratedText
FN:6568,warnForUnmatchedText
FN:6573,warnForDeletedHydratableElement
FN:6584,warnForDeletedHydratableText
FN:6595,warnForInsertedHydratedElement
FN:6606,warnForInsertedHydratedText
FN:6625,restoreControlledState$3
FN:6641,getActiveElement
FN:6662,getLeafNode
FN:6678,getSiblingNode
FN:6696,getNodeForCharacterOffset
FN:6724,getOffsets
FN:6765,getModernOffsetsFromPoints
FN:6852,setOffsets
FN:6896,isTextNode
FN:6900,containsNode
FN:6918,isInDocument
FN:6922,isSameOriginFrame
FN:6937,getActiveElementDeep
FN:6967,hasSelectionCapabilities
FN:6971,getSelectionInformation
FN:6986,restoreSelection
FN:7028,getSelection
FN:7054,setSelection
FN:7070,(anonymous_605)
FN:7072,(anonymous_606)
FN:7107,(anonymous_607)
FN:7168,(anonymous_608)
FN:7264,(anonymous_609)
FN:7330,(anonymous_610)
FN:7402,shouldAutoFocusHostComponent
FN:7413,getRootHostContext
FN:7447,getChildHostContext
FN:7458,getPublicInstance
FN:7461,prepareForCommit
FN:7466,resetAfterCommit
FN:7473,createInstance
FN:7495,appendInitialChild
FN:7498,finalizeInitialChildren
FN:7502,prepareUpdate
FN:7515,shouldSetTextContent
FN:7518,shouldDeprioritizeSubtree
FN:7521,createTextInstance
FN:7537,commitMount
FN:7548,commitUpdate
FN:7555,resetTextContent
FN:7558,commitTextUpdate
FN:7561,appendChild
FN:7564,appendChildToContainer
FN:7590,insertBefore
FN:7593,insertInContainerBefore
FN:7600,removeChild
FN:7603,removeChildFromContainer
FN:7611,hideInstance
FN:7624,hideTextInstance
FN:7627,unhideInstance
FN:7633,unhideTextInstance
FN:7636,canHydrateInstance
FN:7644,canHydrateTextInstance
FN:7653,isSuspenseInstancePending
FN:7656,isSuspenseInstanceFallback
FN:7660,getNextHydratable
FN:7673,getNextHydratableSibling
FN:7676,getFirstHydratableChild
FN:7679,hydrateInstance
FN:7693,hydrateTextInstance
FN:7697,getNextHydratableInstanceAfterSuspenseInstance
FN:7728,getParentSuspenseInstance
FN:7755,commitHydratedContainer
FN:7759,commitHydratedSuspenseInstance
FN:7763,didNotMatchHydratedContainerTextInstance
FN:7768,didNotMatchHydratedTextInstance
FN:7773,didNotHydrateContainerInstance
FN:7782,didNotHydrateInstance
FN:7791,didNotFindHydratableContainerInstance
FN:7796,didNotFindHydratableContainerTextInstance
FN:7801,didNotFindHydratableInstance
FN:7806,didNotFindHydratableTextInstance
FN:7811,didNotFindHydratableSuspenseInstance
FN:7819,precacheFiberNode
FN:7822,markContainerAsRoot
FN:7825,unmarkContainerAsRoot
FN:7828,isContainerMarkedAsRoot
FN:7838,getClosestInstanceFromNode
FN:7921,getInstanceFromNode$1
FN:7939,getNodeFromInstance$1
FN:7954,getFiberCurrentPropsFromNode$1
FN:7957,updateFiberProps
FN:7961,getParent
FN:7982,getLowestCommonAncestor
FN:8025,traverseTwoPhase
FN:8051,traverseEnterLeave
FN:8104,isInteractive
FN:8108,shouldPreventMouseEvent
FN:8134,getListener
FN:8171,listenerAtPhase
FN:8193,accumulateDirectionalDispatches
FN:8216,accumulateTwoPhaseDispatchesSingle
FN:8228,accumulateDispatches
FN:8246,accumulateDirectDispatchesSingle
FN:8252,accumulateTwoPhaseDispatches
FN:8255,accumulateEnterLeaveDispatches
FN:8258,accumulateDirectDispatches
FN:8276,initialize
FN:8281,reset
FN:8286,getData
FN:8316,getText
FN:8334,(anonymous_688)
FN:8340,(anonymous_689)
FN:8347,functionThatReturnsTrue
FN:8351,functionThatReturnsFalse
FN:8374,SyntheticEvent
FN:8424,(anonymous_693)
FN:8440,(anonymous_694)
FN:8466,(anonymous_695)
FN:8480,(anonymous_696)
FN:8501,(anonymous_697)
FN:8502,(anonymous_698)
FN:8512,(anonymous_699)
FN:8515,(anonymous_700)
FN:8520,Class
FN:8543,getPooledWarningPropertyDefinition
FN:8551,set
FN:8557,get
FN:8564,warn
FN:8571,getPooledEvent
FN:8583,releasePooledEvent
FN:8599,addEventPoolingTo
FN:8683,isKeypressCommand
FN:8695,getCompositionEventType
FN:8717,isFallbackCompositionStart
FN:8729,isFallbackCompositionEnd
FN:8761,getDataFromCustomEvent
FN:8782,isUsingKoreanIME
FN:8792,extractCompositionEvent
FN:8846,getNativeBeforeInputChars
FN:8902,getFallbackBeforeInputChars
FN:8972,extractBeforeInputEvent
FN:9014,(anonymous_719)
FN:9051,isTextInputElement
FN:9075,createAndAccumulateChangeEvent
FN:9094,shouldUseChangeEvent
FN:9099,manualDispatchChangeEvent
FN:9115,runEventInBatch
FN:9119,getInstIfValueChanged
FN:9127,getTargetInstForChangeEvent
FN:9151,startWatchingForValueChange
FN:9162,stopWatchingForValueChange
FN:9177,handlePropertyChange
FN:9187,handleEventsForInputEventPolyfill
FN:9207,getTargetInstForInputEventPolyfill
FN:9227,shouldUseClickEvent
FN:9235,getTargetInstForClickEvent
FN:9241,getTargetInstForInputOrChangeEvent
FN:9247,handleControlledInputBlur
FN:9274,(anonymous_736)
FN:9329,modifierStateGetter
FN:9341,getEventModifierState
FN:9369,(anonymous_739)
FN:9372,(anonymous_740)
FN:9387,(anonymous_741)
FN:9450,(anonymous_742)
FN:9549,is
FN:9563,shallowEqual
FN:9613,getSelection$1
FN:9638,getEventTargetDocument
FN:9650,constructSelectEvent
FN:9693,(anonymous_748)
FN:9775,(anonymous_749)
FN:9799,getEventCharCode
FN:9897,getEventKey
FN:9943,(anonymous_752)
FN:9954,(anonymous_753)
FN:9967,(anonymous_754)
FN:10025,(anonymous_755)
FN:10029,(anonymous_756)
FN:10047,(anonymous_757)
FN:10227,(anonymous_758)
FN:10231,(anonymous_759)
FN:10237,(anonymous_760)
FN:10241,(anonymous_761)
FN:10245,(anonymous_762)
FN:10261,(anonymous_763)
FN:10265,(anonymous_764)
FN:10275,(anonymous_765)
FN:10294,(anonymous_766)
FN:10303,(anonymous_767)
FN:10312,(anonymous_768)
FN:10331,(anonymous_769)
FN:10341,(anonymous_770)
FN:10355,(anonymous_771)
FN:10365,(anonymous_772)
FN:10372,recordEffect
FN:10377,recordScheduleUpdate
FN:10388,startWorkTimer
FN:10404,cancelWorkTimer
FN:10416,stopWorkTimer
FN:10433,stopFailedWorkTimer
FN:10451,startPhaseTimer
FN:10467,stopPhaseTimer
FN:10482,startWorkLoopTimer
FN:10498,stopWorkLoopTimer
FN:10524,startCommitTimer
FN:10536,stopCommitTimer
FN:10557,startCommitSnapshotEffectsTimer
FN:10567,stopCommitSnapshotEffectsTimer
FN:10578,startCommitHostEffectsTimer
FN:10588,stopCommitHostEffectsTimer
FN:10599,startCommitLifeCyclesTimer
FN:10609,stopCommitLifeCyclesTimer
FN:10630,createCursor
FN:10636,pop
FN:10661,push
FN:10693,getUnmaskedContext
FN:10707,cacheContext
FN:10715,getMaskedContext
FN:10754,hasContextChanged
FN:10760,isContextProvider
FN:10767,popContext
FN:10774,popTopLevelContextObject
FN:10781,pushTopLevelContextObject
FN:10794,processChildContext
FN:10841,pushContextProvider
FN:10857,invalidateContextProvider
FN:10887,findCurrentUnmaskedContext
FN:10968,(anonymous_806)
FN:10980,(anonymous_807)
FN:10983,getCurrentPriorityLevel
FN:11010,reactPriorityToSchedulerPriority
FN:11037,runWithPriority$1
FN:11041,scheduleCallback
FN:11045,scheduleSyncCallback
FN:11060,cancelCallback
FN:11065,flushSyncCallbackQueue
FN:11075,flushSyncCallbackQueueImpl
FN:11084,(anonymous_816)
FN:11142,msToExpirationTime
FN:11146,expirationTimeToMs
FN:11150,ceiling
FN:11154,computeExpirationBucket
FN:11162,computeAsyncExpiration
FN:11165,computeSuspenseExpiration
FN:11182,computeInteractiveExpiration
FN:11185,inferPriorityFromExpirationTime
FN:11214,(anonymous_825)
FN:11215,(anonymous_826)
FN:11216,(anonymous_827)
FN:11217,(anonymous_828)
FN:11218,(anonymous_829)
FN:11222,(anonymous_830)
FN:11237,(anonymous_831)
FN:11239,(anonymous_832)
FN:11254,(anonymous_833)
FN:11286,(anonymous_834)
FN:11291,(anonymous_835)
FN:11301,(anonymous_836)
FN:11311,(anonymous_837)
FN:11321,(anonymous_838)
FN:11331,(anonymous_839)
FN:11341,(anonymous_840)
FN:11391,(anonymous_841)
FN:11417,(anonymous_842)
FN:11418,(anonymous_843)
FN:11425,(anonymous_844)
FN:11436,(anonymous_845)
FN:11450,(anonymous_846)
FN:11455,resolveFunctionForHotReloading
FN:11472,resolveClassForHotReloading
FN:11476,resolveForwardRefForHotReloading
FN:11514,isCompatibleFamilyForHotReloading
FN:11598,markFailedErrorBoundaryForHotReloading
FN:11616,(anonymous_852)
FN:11626,(anonymous_853)
FN:11631,(anonymous_854)
FN:11641,(anonymous_855)
FN:11647,scheduleFibersWithFamiliesRecursively
FN:11715,(anonymous_857)
FN:11718,(anonymous_858)
FN:11726,findHostInstancesForMatchingFibersRecursively
FN:11772,findHostInstancesForFiberShallowly
FN:11807,findChildHostInstancesForFiberShallowly
FN:11843,resolveDefaultProps
FN:11861,readLazyComponentType
FN:11883,resetContextDependencies
FN:11894,enterDisallowedContextReadInDEV
FN:11899,exitDisallowedContextReadInDEV
FN:11904,pushProvider
FN:11920,popProvider
FN:11929,calculateChangedBits
FN:11945,scheduleWorkOnParentPath
FN:11970,propagateContextChange
FN:12064,prepareToReadContext
FN:12084,readContext
FN:12149,initializeUpdateQueue
FN:12160,cloneUpdateQueue
FN:12175,createUpdate
FN:12192,enqueueUpdate
FN:12221,enqueueCapturedUpdate
FN:12243,getStateFromUpdate
FN:12322,processUpdateQueue
FN:12483,callCallback
FN:12493,resetHasForceUpdateBeforeProcessing
FN:12496,checkHasForceUpdateAfterProcessing
FN:12499,commitUpdateQueue
FN:12518,requestCurrentSuspenseConfig
FN:12549,(anonymous_886)
FN:12563,(anonymous_887)
FN:12582,(anonymous_888)
FN:12593,applyDerivedStateFromProps
FN:12622,(anonymous_890)
FN:12641,(anonymous_891)
FN:12661,(anonymous_892)
FN:12682,checkShouldComponentUpdate
FN:12713,checkClassInstance
FN:12820,adoptClassInstance
FN:12831,constructClassInstance
FN:12944,callComponentWillMount
FN:12967,callComponentWillReceiveProps
FN:12997,mountClassInstance
FN:13060,resumeMountClassInstance
FN:13153,updateClassInstance
FN:13272,(anonymous_902)
FN:13287,(anonymous_903)
FN:13317,coerceRef
FN:13368,(anonymous_905)
FN:13403,throwOnInvalidObjectType
FN:13419,warnOnFunctionType
FN:13437,ChildReconciler
FN:13438,deleteChild
FN:13462,deleteRemainingChildren
FN:13480,mapRemainingChildren
FN:13500,useFiber
FN:13509,placeChild
FN:13537,placeSingleChild
FN:13547,updateTextNode
FN:13561,updateElement
FN:13586,updatePortal
FN:13600,updateFragment
FN:13614,createChild
FN:13663,updateSlot
FN:13723,updateFromMap
FN:13774,warnOnInvalidKey
FN:13810,reconcileChildrenArray
FN:13953,(anonymous_924)
FN:13961,reconcileChildrenIterator
FN:14135,(anonymous_926)
FN:14143,reconcileSingleTextNode
FN:14163,reconcileSingleElement
FN:14241,reconcileSinglePortal
FN:14273,reconcileChildFibers
FN:14364,cloneChildFibers
FN:14389,resetChildFibers
FN:14403,requiredContext
FN:14413,getRootHostContainer
FN:14418,pushHostContainer
FN:14437,popHostContainer
FN:14443,getHostContext
FN:14448,pushHostContext
FN:14463,popHostContext
FN:14493,hasSuspenseContext
FN:14496,setDefaultShallowSuspenseContext
FN:14499,setShallowSuspenseContext
FN:14502,addSubtreeSuspenseContext
FN:14505,pushSuspenseContext
FN:14508,popSuspenseContext
FN:14512,shouldCaptureSuspense
FN:14546,findFirstSuspended
FN:14593,createDeprecatedResponderListener
FN:14654,mountHookTypesDev
FN:14666,updateHookTypesDev
FN:14680,checkDepsAreArrayDev
FN:14690,warnOnHookMismatchInDev
FN:14721,throwInvalidHookError
FN:14729,areHookInputsEqual
FN:14764,renderWithHooks
FN:14874,bailoutHooks
FN:14882,resetHooksAfterThrow
FN:14923,mountWorkInProgressHook
FN:14943,updateWorkInProgressHook
FN:15005,createFunctionComponentUpdateQueue
FN:15011,basicStateReducer
FN:15016,mountReducer
FN:15037,updateReducer
FN:15164,rerenderReducer
FN:15217,mountState
FN:15236,updateState
FN:15240,rerenderState
FN:15244,pushEffect
FN:15275,mountRef
FN:15289,updateRef
FN:15294,mountEffectImpl
FN:15301,updateEffectImpl
FN:15324,mountEffect
FN:15335,updateEffect
FN:15346,mountLayoutEffect
FN:15350,updateLayoutEffect
FN:15354,imperativeHandleEffect
FN:15361,(anonymous_978)
FN:15376,(anonymous_979)
FN:15382,mountImperativeHandle
FN:15394,updateImperativeHandle
FN:15406,mountDebugValue
FN:15413,mountCallback
FN:15420,updateCallback
FN:15439,mountMemo
FN:15447,updateMemo
FN:15468,mountDeferredValue
FN:15473,(anonymous_988)
FN:15486,updateDeferredValue
FN:15491,(anonymous_990)
FN:15504,rerenderDeferredValue
FN:15509,(anonymous_992)
FN:15522,startTransition
FN:15524,(anonymous_994)
FN:15527,(anonymous_995)
FN:15540,mountTransition
FN:15549,updateTransition
FN:15558,rerenderTransition
FN:15567,dispatchAction
FN:15689,(anonymous_1000)
FN:15693,(anonymous_1001)
FN:15698,(anonymous_1002)
FN:15701,(anonymous_1003)
FN:15707,(anonymous_1004)
FN:15712,(anonymous_1005)
FN:15718,(anonymous_1006)
FN:15724,(anonymous_1007)
FN:15730,(anonymous_1008)
FN:15743,(anonymous_1009)
FN:15755,(anonymous_1010)
FN:15760,(anonymous_1011)
FN:15772,(anonymous_1012)
FN:15777,(anonymous_1013)
FN:15782,(anonymous_1014)
FN:15787,(anonymous_1015)
FN:15794,(anonymous_1016)
FN:15797,(anonymous_1017)
FN:15802,(anonymous_1018)
FN:15807,(anonymous_1019)
FN:15812,(anonymous_1020)
FN:15817,(anonymous_1021)
FN:15822,(anonymous_1022)
FN:15834,(anonymous_1023)
FN:15846,(anonymous_1024)
FN:15851,(anonymous_1025)
FN:15863,(anonymous_1026)
FN:15868,(anonymous_1027)
FN:15873,(anonymous_1028)
FN:15878,(anonymous_1029)
FN:15885,(anonymous_1030)
FN:15888,(anonymous_1031)
FN:15893,(anonymous_1032)
FN:15898,(anonymous_1033)
FN:15903,(anonymous_1034)
FN:15908,(anonymous_1035)
FN:15913,(anonymous_1036)
FN:15925,(anonymous_1037)
FN:15937,(anonymous_1038)
FN:15942,(anonymous_1039)
FN:15954,(anonymous_1040)
FN:15959,(anonymous_1041)
FN:15964,(anonymous_1042)
FN:15969,(anonymous_1043)
FN:15976,(anonymous_1044)
FN:15979,(anonymous_1045)
FN:15984,(anonymous_1046)
FN:15989,(anonymous_1047)
FN:15994,(anonymous_1048)
FN:15999,(anonymous_1049)
FN:16004,(anonymous_1050)
FN:16016,(anonymous_1051)
FN:16028,(anonymous_1052)
FN:16033,(anonymous_1053)
FN:16045,(anonymous_1054)
FN:16050,(anonymous_1055)
FN:16055,(anonymous_1056)
FN:16060,(anonymous_1057)
FN:16067,(anonymous_1058)
FN:16071,(anonymous_1059)
FN:16077,(anonymous_1060)
FN:16083,(anonymous_1061)
FN:16089,(anonymous_1062)
FN:16095,(anonymous_1063)
FN:16101,(anonymous_1064)
FN:16114,(anonymous_1065)
FN:16127,(anonymous_1066)
FN:16133,(anonymous_1067)
FN:16146,(anonymous_1068)
FN:16152,(anonymous_1069)
FN:16158,(anonymous_1070)
FN:16164,(anonymous_1071)
FN:16172,(anonymous_1072)
FN:16176,(anonymous_1073)
FN:16182,(anonymous_1074)
FN:16188,(anonymous_1075)
FN:16194,(anonymous_1076)
FN:16200,(anonymous_1077)
FN:16206,(anonymous_1078)
FN:16219,(anonymous_1079)
FN:16232,(anonymous_1080)
FN:16238,(anonymous_1081)
FN:16251,(anonymous_1082)
FN:16257,(anonymous_1083)
FN:16263,(anonymous_1084)
FN:16269,(anonymous_1085)
FN:16277,(anonymous_1086)
FN:16281,(anonymous_1087)
FN:16287,(anonymous_1088)
FN:16293,(anonymous_1089)
FN:16299,(anonymous_1090)
FN:16305,(anonymous_1091)
FN:16311,(anonymous_1092)
FN:16324,(anonymous_1093)
FN:16337,(anonymous_1094)
FN:16343,(anonymous_1095)
FN:16356,(anonymous_1096)
FN:16362,(anonymous_1097)
FN:16368,(anonymous_1098)
FN:16374,(anonymous_1099)
FN:16387,getCommitTime
FN:16391,recordCommitTime
FN:16396,startProfilerTimer
FN:16405,stopProfilerTimerIfRunning
FN:16410,stopProfilerTimerIfRunningAndRecordDelta
FN:16430,enterHydrationState
FN:16439,deleteHydratableInstance
FN:16469,insertNonHydratedInstance
FN:16526,tryHydrate
FN:16566,tryToClaimNextHydratableInstance
FN:16608,prepareToHydrateHostInstance
FN:16623,prepareToHydrateHostTextInstance
FN:16660,skipPastDehydratedSuspenseInstance
FN:16674,popToNextHostParent
FN:16684,popHydrationState
FN:16727,resetHydrationState
FN:16756,reconcileChildren
FN:16773,forceUnmountCurrentAndReconcile
FN:16790,updateForwardRef
FN:16839,updateMemoComponent
FN:16918,updateSimpleMemoComponent
FN:16975,updateFragment
FN:16981,updateMode
FN:16987,updateProfiler
FN:16998,markRef
FN:17007,updateFunctionComponent
FN:17057,updateClassComponent
FN:17127,finishClassComponent
FN:17194,pushHostRootContext
FN:17207,updateHostRoot
FN:17265,updateHostComponent
FN:17306,updateHostText
FN:17316,mountLazyComponent
FN:17409,mountIncompleteClassComponent
FN:17442,mountIndeterminateComponent
FN:17552,validateFunctionComponentInDev
FN:17609,shouldRemainOnFallback
FN:17615,updateSuspenseComponent
FN:17874,scheduleWorkOnFiber
FN:17888,propagateSuspenseContextChange
FN:17931,findLastContentRow
FN:17955,validateRevealOrder
FN:17991,validateTailOptions
FN:18007,validateSuspenseListNestedChild
FN:18024,validateSuspenseListChildren
FN:18059,initSuspenseListRenderState
FN:18093,updateSuspenseListComponent
FN:18204,updatePortalComponent
FN:18222,updateContextProvider
FN:18262,updateContextConsumer
FN:18314,markWorkInProgressReceivedUpdate
FN:18318,bailoutOnAlreadyFinishedWork
FN:18353,remountFiber
FN:18410,beginWork
FN:18713,markUpdate
FN:18719,markRef$1
FN:18730,(anonymous_1156)
FN:18761,(anonymous_1157)
FN:18764,(anonymous_1158)
FN:18794,(anonymous_1159)
FN:18802,cutOffTailIfNeeded
FN:18876,completeWork
FN:19346,unwindWork
FN:19425,unwindInterruptedWork
FN:19469,createCapturedValue
FN:19479,logCapturedError
FN:19538,logError
FN:19570,(anonymous_1167)
FN:19576,(anonymous_1168)
FN:19585,safelyCallComponentWillUnmount
FN:19596,safelyDetachRef
FN:19615,safelyCallDestroy
FN:19626,commitBeforeMutationLifeCycles
FN:19695,commitHookEffectListUnmount
FN:19719,commitHookEffectListMount
FN:19757,commitPassiveHookEffects
FN:19776,commitLifeCycles
FN:19952,hideOrUnhideAllChildren
FN:20006,commitAttachRef
FN:20036,commitDetachRef
FN:20051,commitUnmount
FN:20083,(anonymous_1181)
FN:20154,commitNestedUnmounts
FN:20191,detachFiber
FN:20215,getHostParentFiber
FN:20233,isHostParent
FN:20237,getHostSibling
FN:20285,commitPlacement
FN:20340,insertOrAppendPlacementNodeIntoContainer
FN:20367,insertOrAppendPlacementNode
FN:20394,unmountHostComponents
FN:20496,commitDeletion
FN:20506,commitWork
FN:20617,commitSuspenseComponent
FN:20635,commitSuspenseHydrationCallbacks
FN:20656,attachSuspenseRetryListeners
FN:20670,(anonymous_1196)
FN:20688,commitResetTextContent
FN:20695,createRootErrorUpdate
FN:20706,(anonymous_1199)
FN:20714,createClassErrorUpdate
FN:20722,(anonymous_1201)
FN:20731,callback
FN:20765,(anonymous_1203)
FN:20773,attachPingListener
FN:20801,throwException
FN:21075,requestCurrentTimeForUpdate
FN:21091,getCurrentTime
FN:21094,computeExpirationForFiber
FN:21163,scheduleUpdateOnFiber
FN:21228,markUpdateTimeFromFiberToRoot
FN:21300,getNextRootExpirationTimeToWorkOn
FN:21339,ensureRootIsScheduled
FN:21407,performConcurrentWorkOnRoot
FN:21503,finishConcurrentRender
FN:21726,performSyncWorkOnRoot
FN:21804,finishSyncRender
FN:21809,flushDiscreteUpdates
FN:21832,syncUpdates
FN:21836,flushPendingDiscreteUpdates
FN:21842,(anonymous_1220)
FN:21851,batchedUpdates$1
FN:21866,batchedEventUpdates$1
FN:21881,discreteUpdates$1
FN:21897,unbatchedUpdates
FN:21913,flushSync
FN:21936,prepareFreshStack
FN:21978,handleError
FN:22023,pushDispatcher
FN:22037,popDispatcher
FN:22041,pushInteractions
FN:22049,popInteractions
FN:22055,markCommitTimeOfFallback
FN:22058,markRenderEventTimeAndConfig
FN:22071,markUnprocessedUpdateTime
FN:22076,renderDidSuspend
FN:22081,renderDidSuspendDelayIfPossible
FN:22096,renderDidError
FN:22103,renderHasNotSuspendedYet
FN:22109,inferTimeFromExpirationTime
FN:22116,inferTimeFromExpirationTimeWithSuspenseConfig
FN:22127,workLoopSync
FN:22136,workLoopConcurrent
FN:22143,performUnitOfWork
FN:22172,completeUnitOfWork
FN:22305,getRemainingExpirationTime
FN:22311,resetChildExpirationTime
FN:22379,commitRoot
FN:22385,commitRootImpl
FN:22681,commitBeforeMutationEffects
FN:22698,(anonymous_1250)
FN:22709,commitMutationEffects
FN:22794,commitLayoutEffects
FN:22816,flushPassiveEffects
FN:22824,flushPassiveEffectsImpl
FN:22890,isAlreadyFailedLegacyErrorBoundary
FN:22893,markLegacyErrorBoundaryAsFailed
FN:22901,prepareToThrowUncaughtError
FN:22910,captureCommitPhaseErrorOnRoot
FN:22922,captureCommitPhaseError
FN:22959,pingSuspendedRoot
FN:23012,retryTimedOutBoundary
FN:23032,resolveRetryThenable
FN:23058,jnd
FN:23062,computeMsUntilSuspenseLoadingDelay
FN:23086,checkForNestedUpdates
FN:23107,flushRenderPhaseStrictModeWarningsInDEV
FN:23117,stopFinishedWorkLoopTimer
FN:23123,stopInterruptedWorkLoopTimer
FN:23130,checkForInterruption
FN:23138,warnAboutUpdateOnUnmountedFiberInDEV
FN:23170,(anonymous_1271)
FN:23225,warnAboutRenderPhaseUpdatesInDEV
FN:23266,warnIfNotScopedWithMatchingAct
FN:23273,warnIfNotCurrentlyActingEffectsInDEV
FN:23281,warnIfNotCurrentlyActingUpdatesInDEV
FN:23296,warnIfUnmockedScheduler
FN:23308,computeThreadID
FN:23313,markSpawnedWork
FN:23322,scheduleInteractions
FN:23329,(anonymous_1280)
FN:23340,(anonymous_1281)
FN:23354,schedulePendingInteractions
FN:23359,startWorkOnPendingInteractions
FN:23365,(anonymous_1284)
FN:23367,(anonymous_1285)
FN:23389,(anonymous_1286)
FN:23397,finishPendingInteractions
FN:23411,(anonymous_1288)
FN:23419,(anonymous_1289)
FN:23425,(anonymous_1290)
FN:23433,(anonymous_1291)
FN:23449,injectInternals
FN:23479,(anonymous_1293)
FN:23493,(anonymous_1294)
FN:23515,(anonymous_1295)
FN:23538,onScheduleRoot
FN:23543,onCommitRoot
FN:23548,onCommitUnmount
FN:23576,FiberNode
FN:23662,(anonymous_1300)
FN:23667,shouldConstruct
FN:23672,isSimpleFunctionComponent
FN:23675,resolveLazyComponentTag
FN:23693,createWorkInProgress
FN:23787,resetWorkInProgress
FN:23846,createHostRootFiber
FN:23866,createFiberFromTypeAndProps
FN:23978,createFiberFromElement
FN:23997,createFiberFromFragment
FN:24003,createFiberFromProfiler
FN:24018,createFiberFromSuspense
FN:24028,createFiberFromSuspenseList
FN:24042,createFiberFromText
FN:24047,createFiberFromHostInstanceForDeletion
FN:24054,createFiberFromPortal
FN:24067,assignFiberPropertiesInDEV
FN:24122,FiberRootNode
FN:24150,createFiberRoot
FN:24161,isRootSuspendedAtTime
FN:24166,markRootSuspendedAtTime
FN:24186,markRootUpdatedAtTime
FN:24213,markRootFinishedAtTime
FN:24238,markRootExpiredAtTime
FN:24254,getContextForSubtree
FN:24273,findHostInstanceWithWarning
FN:24317,createContainer
FN:24320,updateContainer
FN:24376,getPublicRootInstance
FN:24392,markRetryTimeImpl
FN:24403,markRetryTimeIfNotHydrated
FN:24412,attemptUserBlockingHydration$1
FN:24425,attemptContinuousHydration$1
FN:24437,attemptHydrationAtCurrentPriority$1
FN:24449,findHostInstanceWithNoPortals
FN:24463,(anonymous_1335)
FN:24467,shouldSuspend
FN:24476,(anonymous_1337)
FN:24488,(anonymous_1338)
FN:24493,(anonymous_1339)
FN:24518,(anonymous_1340)
FN:24528,(anonymous_1341)
FN:24532,(anonymous_1342)
FN:24537,injectIntoDevTools
FN:24546,(anonymous_1344)
FN:24555,(anonymous_1345)
FN:24569,(anonymous_1346)
FN:24576,ReactDOMRoot
FN:24580,ReactDOMBlockingRoot
FN:24584,(anonymous_1349)
FN:24608,(anonymous_1350)
FN:24617,(anonymous_1351)
FN:24622,createRootImpl
FN:24636,createLegacyRoot
FN:24639,isValidContainer
FN:24648,(anonymous_1355)
FN:24673,getReactRootElementInContainer
FN:24685,shouldHydrateDueToLegacyHeuristic
FN:24690,legacyCreateRootFromDOMContainer
FN:24723,warnOnInvalidCallback$1
FN:24731,legacyRenderSubtreeIntoContainer
FN:24750,(anonymous_1361)
FN:24757,(anonymous_1362)
FN:24766,(anonymous_1363)
FN:24780,findDOMNode
FN:24807,hydrate
FN:24825,render
FN:24842,unstable_renderSubtreeIntoContainer
FN:24857,unmountComponentAtNode
FN:24883,(anonymous_1369)
FN:24884,(anonymous_1370)
FN:24910,createPortal
FN:24941,createPortal$1
FN:24955,renderSubtreeIntoContainer
FN:24960,unstable_createPortal
FNF:1048
FNH:0
FNDA:0,(anonymous_327)
FNDA:0,warn
FNDA:0,error
FNDA:0,printWarning
FNDA:0,(anonymous_331)
FNDA:0,(anonymous_332)
FNDA:0,(anonymous_333)
FNDA:0,(anonymous_334)
FNDA:0,callCallback
FNDA:0,handleWindowError
FNDA:0,(anonymous_337)
FNDA:0,invokeGuardedCallback
FNDA:0,invokeGuardedCallbackAndCatchFirstError
FNDA:0,rethrowCaughtError
FNDA:0,hasCaughtError
FNDA:0,clearCaughtError
FNDA:0,setComponentTree
FNDA:0,(anonymous_344)
FNDA:0,executeDispatch
FNDA:0,executeDispatchesInOrder
FNDA:0,recomputePluginOrdering
FNDA:0,publishEventForPlugin
FNDA:0,publishRegistrationName
FNDA:0,injectEventPluginOrder
FNDA:0,injectEventPluginsByName
FNDA:0,restoreStateOfTarget
FNDA:0,setRestoreImplementation
FNDA:0,enqueueStateRestore
FNDA:0,needsStateRestore
FNDA:0,restoreStateIfNeeded
FNDA:0,(anonymous_357)
FNDA:0,(anonymous_358)
FNDA:0,(anonymous_359)
FNDA:0,finishEventHandler
FNDA:0,batchedUpdates
FNDA:0,batchedEventUpdates
FNDA:0,discreteUpdates
FNDA:0,flushDiscreteUpdatesIfNeeded
FNDA:0,setBatchingImplementation
FNDA:0,isAttributeNameSafe
FNDA:0,shouldIgnoreAttribute
FNDA:0,shouldRemoveAttributeWithWarning
FNDA:0,shouldRemoveAttribute
FNDA:0,getPropertyInfo
FNDA:0,PropertyInfoRecord
FNDA:0,(anonymous_372)
FNDA:0,(anonymous_373)
FNDA:0,(anonymous_374)
FNDA:0,(anonymous_375)
FNDA:0,(anonymous_376)
FNDA:0,(anonymous_377)
FNDA:0,(anonymous_378)
FNDA:0,(anonymous_379)
FNDA:0,(anonymous_380)
FNDA:0,(anonymous_381)
FNDA:0,(anonymous_382)
FNDA:0,(anonymous_383)
FNDA:0,(anonymous_384)
FNDA:0,(anonymous_385)
FNDA:0,(anonymous_386)
FNDA:0,sanitizeURL
FNDA:0,getValueForProperty
FNDA:0,getValueForAttribute
FNDA:0,setValueForProperty
FNDA:0,describeComponentFrame
FNDA:0,getIteratorFn
FNDA:0,refineResolvedLazyComponent
FNDA:0,initializeLazyComponentType
FNDA:0,(anonymous_395)
FNDA:0,(anonymous_396)
FNDA:0,getWrappedName
FNDA:0,getComponentName
FNDA:0,describeFiber
FNDA:0,getStackByFiberInDevAndProd
FNDA:0,getCurrentFiberOwnerNameInDevOrNull
FNDA:0,getCurrentFiberStackInDev
FNDA:0,resetCurrentFiber
FNDA:0,setCurrentFiber
FNDA:0,setIsRendering
FNDA:0,toString
FNDA:0,getToStringValue
FNDA:0,(anonymous_408)
FNDA:0,(anonymous_409)
FNDA:0,(anonymous_410)
FNDA:0,isCheckable
FNDA:0,getTracker
FNDA:0,detachTracker
FNDA:0,getValueFromNode
FNDA:0,trackValueOnNode
FNDA:0,(anonymous_416)
FNDA:0,(anonymous_417)
FNDA:0,(anonymous_418)
FNDA:0,(anonymous_419)
FNDA:0,(anonymous_420)
FNDA:0,track
FNDA:0,updateValueIfChanged
FNDA:0,isControlled
FNDA:0,getHostProps
FNDA:0,initWrapperState
FNDA:0,updateChecked
FNDA:0,updateWrapper
FNDA:0,postMountWrapper
FNDA:0,restoreControlledState
FNDA:0,updateNamedCousins
FNDA:0,setDefaultValue
FNDA:0,flattenChildren
FNDA:0,(anonymous_433)
FNDA:0,validateProps
FNDA:0,(anonymous_435)
FNDA:0,postMountWrapper$1
FNDA:0,getHostProps$1
FNDA:0,getDeclarationErrorAddendum
FNDA:0,checkSelectPropTypes
FNDA:0,updateOptions
FNDA:0,getHostProps$2
FNDA:0,initWrapperState$1
FNDA:0,postMountWrapper$2
FNDA:0,postUpdateWrapper
FNDA:0,restoreControlledState$1
FNDA:0,getHostProps$3
FNDA:0,initWrapperState$2
FNDA:0,updateWrapper$1
FNDA:0,postMountWrapper$3
FNDA:0,restoreControlledState$2
FNDA:0,getIntrinsicNamespace
FNDA:0,getChildNamespace
FNDA:0,(anonymous_453)
FNDA:0,(anonymous_454)
FNDA:0,(anonymous_455)
FNDA:0,(anonymous_456)
FNDA:0,(anonymous_457)
FNDA:0,unsafeCastStringToDOMTopLevelType
FNDA:0,unsafeCastDOMTopLevelTypeToString
FNDA:0,makePrefixMap
FNDA:0,getVendorPrefixedEventName
FNDA:0,getRawEventName
FNDA:0,getListenerMapForElement
FNDA:0,get
FNDA:0,has
FNDA:0,set
FNDA:0,getNearestMountedFiber
FNDA:0,getSuspenseInstanceFromFiber
FNDA:0,getContainerFromFiber
FNDA:0,isFiberMounted
FNDA:0,isMounted
FNDA:0,assertIsMounted
FNDA:0,findCurrentFiberUsingSlowPath
FNDA:0,findCurrentHostFiber
FNDA:0,findCurrentHostFiberWithNoPortals
FNDA:0,accumulateInto
FNDA:0,forEachAccumulated
FNDA:0,(anonymous_478)
FNDA:0,(anonymous_479)
FNDA:0,runEventsInBatch
FNDA:0,getEventTarget
FNDA:0,isEventSupported
FNDA:0,releaseTopLevelCallbackBookKeeping
FNDA:0,getTopLevelCallbackBookKeeping
FNDA:0,findRootContainerNode
FNDA:0,extractPluginEvents
FNDA:0,runExtractedPluginEventsInBatch
FNDA:0,handleTopLevel
FNDA:0,dispatchEventForLegacyPluginEventSystem
FNDA:0,legacyListenToEvent
FNDA:0,legacyListenToTopLevelEvent
FNDA:0,isListeningToAllDependencies
FNDA:0,setAttemptUserBlockingHydration
FNDA:0,setAttemptContinuousHydration
FNDA:0,setAttemptHydrationAtCurrentPriority
FNDA:0,hasQueuedDiscreteEvents
FNDA:0,isReplayableDiscreteEvent
FNDA:0,trapReplayableEventForDocument
FNDA:0,eagerlyTrapReplayableEvents
FNDA:0,(anonymous_500)
FNDA:0,(anonymous_501)
FNDA:0,createQueuedReplayableEvent
FNDA:0,queueDiscreteEvent
FNDA:0,clearIfContinuousEvent
FNDA:0,accumulateOrCreateContinuousQueuedReplayableEvent
FNDA:0,queueIfContinuousEvent
FNDA:0,attemptExplicitHydrationTarget
FNDA:0,(anonymous_508)
FNDA:0,attemptReplayContinuousQueuedEvent
FNDA:0,attemptReplayContinuousQueuedEventInMap
FNDA:0,replayUnblockedEvents
FNDA:0,scheduleCallbackIfUnblocked
FNDA:0,retryIfBlockedOn
FNDA:0,(anonymous_514)
FNDA:0,addEventBubbleListener
FNDA:0,addEventCaptureListener
FNDA:0,processSimpleEventPluginPairsByPriority
FNDA:0,processTopEventPairsByPriority
FNDA:0,getEventPriorityForPluginSystem
FNDA:0,setEnabled
FNDA:0,isEnabled
FNDA:0,trapBubbledEvent
FNDA:0,trapCapturedEvent
FNDA:0,trapEventForPluginEventSystem
FNDA:0,dispatchDiscreteEvent
FNDA:0,dispatchUserBlockingUpdate
FNDA:0,dispatchEvent
FNDA:0,attemptToDispatchEvent
FNDA:0,prefixKey
FNDA:0,(anonymous_530)
FNDA:0,(anonymous_531)
FNDA:0,dangerousStyleValue
FNDA:0,hyphenateStyleName
FNDA:0,(anonymous_534)
FNDA:0,(anonymous_535)
FNDA:0,(anonymous_536)
FNDA:0,(anonymous_537)
FNDA:0,(anonymous_538)
FNDA:0,(anonymous_539)
FNDA:0,(anonymous_540)
FNDA:0,(anonymous_541)
FNDA:0,(anonymous_542)
FNDA:0,createDangerousStringForStyles
FNDA:0,setValueForStyles
FNDA:0,isValueEmpty
FNDA:0,expandShorthandMap
FNDA:0,validateShorthandPropertyCollisionInDev
FNDA:0,assertValidProps
FNDA:0,isCustomComponent
FNDA:0,validateProperty
FNDA:0,warnInvalidARIAProps
FNDA:0,(anonymous_552)
FNDA:0,validateProperties
FNDA:0,validateProperties$1
FNDA:0,(anonymous_555)
FNDA:0,(anonymous_556)
FNDA:0,(anonymous_557)
FNDA:0,(anonymous_558)
FNDA:0,validateProperties$2
FNDA:0,(anonymous_560)
FNDA:0,(anonymous_561)
FNDA:0,(anonymous_562)
FNDA:0,(anonymous_563)
FNDA:0,(anonymous_564)
FNDA:0,(anonymous_565)
FNDA:0,(anonymous_566)
FNDA:0,(anonymous_567)
FNDA:0,ensureListeningTo
FNDA:0,getOwnerDocumentFromRootContainer
FNDA:0,noop
FNDA:0,trapClickOnNonInteractiveElement
FNDA:0,setInitialDOMProperties
FNDA:0,updateDOMProperties
FNDA:0,createElement
FNDA:0,createTextNode
FNDA:0,setInitialProperties
FNDA:0,diffProperties
FNDA:0,updateProperties
FNDA:0,getPossibleStandardName
FNDA:0,diffHydratedProperties
FNDA:0,diffHydratedText
FNDA:0,warnForUnmatchedText
FNDA:0,warnForDeletedHydratableElement
FNDA:0,warnForDeletedHydratableText
FNDA:0,warnForInsertedHydratedElement
FNDA:0,warnForInsertedHydratedText
FNDA:0,restoreControlledState$3
FNDA:0,getActiveElement
FNDA:0,getLeafNode
FNDA:0,getSiblingNode
FNDA:0,getNodeForCharacterOffset
FNDA:0,getOffsets
FNDA:0,getModernOffsetsFromPoints
FNDA:0,setOffsets
FNDA:0,isTextNode
FNDA:0,containsNode
FNDA:0,isInDocument
FNDA:0,isSameOriginFrame
FNDA:0,getActiveElementDeep
FNDA:0,hasSelectionCapabilities
FNDA:0,getSelectionInformation
FNDA:0,restoreSelection
FNDA:0,getSelection
FNDA:0,setSelection
FNDA:0,(anonymous_605)
FNDA:0,(anonymous_606)
FNDA:0,(anonymous_607)
FNDA:0,(anonymous_608)
FNDA:0,(anonymous_609)
FNDA:0,(anonymous_610)
FNDA:0,shouldAutoFocusHostComponent
FNDA:0,getRootHostContext
FNDA:0,getChildHostContext
FNDA:0,getPublicInstance
FNDA:0,prepareForCommit
FNDA:0,resetAfterCommit
FNDA:0,createInstance
FNDA:0,appendInitialChild
FNDA:0,finalizeInitialChildren
FNDA:0,prepareUpdate
FNDA:0,shouldSetTextContent
FNDA:0,shouldDeprioritizeSubtree
FNDA:0,createTextInstance
FNDA:0,commitMount
FNDA:0,commitUpdate
FNDA:0,resetTextContent
FNDA:0,commitTextUpdate
FNDA:0,appendChild
FNDA:0,appendChildToContainer
FNDA:0,insertBefore
FNDA:0,insertInContainerBefore
FNDA:0,removeChild
FNDA:0,removeChildFromContainer
FNDA:0,hideInstance
FNDA:0,hideTextInstance
FNDA:0,unhideInstance
FNDA:0,unhideTextInstance
FNDA:0,canHydrateInstance
FNDA:0,canHydrateTextInstance
FNDA:0,isSuspenseInstancePending
FNDA:0,isSuspenseInstanceFallback
FNDA:0,getNextHydratable
FNDA:0,getNextHydratableSibling
FNDA:0,getFirstHydratableChild
FNDA:0,hydrateInstance
FNDA:0,hydrateTextInstance
FNDA:0,getNextHydratableInstanceAfterSuspenseInstance
FNDA:0,getParentSuspenseInstance
FNDA:0,commitHydratedContainer
FNDA:0,commitHydratedSuspenseInstance
FNDA:0,didNotMatchHydratedContainerTextInstance
FNDA:0,didNotMatchHydratedTextInstance
FNDA:0,didNotHydrateContainerInstance
FNDA:0,didNotHydrateInstance
FNDA:0,didNotFindHydratableContainerInstance
FNDA:0,didNotFindHydratableContainerTextInstance
FNDA:0,didNotFindHydratableInstance
FNDA:0,didNotFindHydratableTextInstance
FNDA:0,didNotFindHydratableSuspenseInstance
FNDA:0,precacheFiberNode
FNDA:0,markContainerAsRoot
FNDA:0,unmarkContainerAsRoot
FNDA:0,isContainerMarkedAsRoot
FNDA:0,getClosestInstanceFromNode
FNDA:0,getInstanceFromNode$1
FNDA:0,getNodeFromInstance$1
FNDA:0,getFiberCurrentPropsFromNode$1
FNDA:0,updateFiberProps
FNDA:0,getParent
FNDA:0,getLowestCommonAncestor
FNDA:0,traverseTwoPhase
FNDA:0,traverseEnterLeave
FNDA:0,isInteractive
FNDA:0,shouldPreventMouseEvent
FNDA:0,getListener
FNDA:0,listenerAtPhase
FNDA:0,accumulateDirectionalDispatches
FNDA:0,accumulateTwoPhaseDispatchesSingle
FNDA:0,accumulateDispatches
FNDA:0,accumulateDirectDispatchesSingle
FNDA:0,accumulateTwoPhaseDispatches
FNDA:0,accumulateEnterLeaveDispatches
FNDA:0,accumulateDirectDispatches
FNDA:0,initialize
FNDA:0,reset
FNDA:0,getData
FNDA:0,getText
FNDA:0,(anonymous_688)
FNDA:0,(anonymous_689)
FNDA:0,functionThatReturnsTrue
FNDA:0,functionThatReturnsFalse
FNDA:0,SyntheticEvent
FNDA:0,(anonymous_693)
FNDA:0,(anonymous_694)
FNDA:0,(anonymous_695)
FNDA:0,(anonymous_696)
FNDA:0,(anonymous_697)
FNDA:0,(anonymous_698)
FNDA:0,(anonymous_699)
FNDA:0,(anonymous_700)
FNDA:0,Class
FNDA:0,getPooledWarningPropertyDefinition
FNDA:0,set
FNDA:0,get
FNDA:0,warn
FNDA:0,getPooledEvent
FNDA:0,releasePooledEvent
FNDA:0,addEventPoolingTo
FNDA:0,isKeypressCommand
FNDA:0,getCompositionEventType
FNDA:0,isFallbackCompositionStart
FNDA:0,isFallbackCompositionEnd
FNDA:0,getDataFromCustomEvent
FNDA:0,isUsingKoreanIME
FNDA:0,extractCompositionEvent
FNDA:0,getNativeBeforeInputChars
FNDA:0,getFallbackBeforeInputChars
FNDA:0,extractBeforeInputEvent
FNDA:0,(anonymous_719)
FNDA:0,isTextInputElement
FNDA:0,createAndAccumulateChangeEvent
FNDA:0,shouldUseChangeEvent
FNDA:0,manualDispatchChangeEvent
FNDA:0,runEventInBatch
FNDA:0,getInstIfValueChanged
FNDA:0,getTargetInstForChangeEvent
FNDA:0,startWatchingForValueChange
FNDA:0,stopWatchingForValueChange
FNDA:0,handlePropertyChange
FNDA:0,handleEventsForInputEventPolyfill
FNDA:0,getTargetInstForInputEventPolyfill
FNDA:0,shouldUseClickEvent
FNDA:0,getTargetInstForClickEvent
FNDA:0,getTargetInstForInputOrChangeEvent
FNDA:0,handleControlledInputBlur
FNDA:0,(anonymous_736)
FNDA:0,modifierStateGetter
FNDA:0,getEventModifierState
FNDA:0,(anonymous_739)
FNDA:0,(anonymous_740)
FNDA:0,(anonymous_741)
FNDA:0,(anonymous_742)
FNDA:0,is
FNDA:0,shallowEqual
FNDA:0,getSelection$1
FNDA:0,getEventTargetDocument
FNDA:0,constructSelectEvent
FNDA:0,(anonymous_748)
FNDA:0,(anonymous_749)
FNDA:0,getEventCharCode
FNDA:0,getEventKey
FNDA:0,(anonymous_752)
FNDA:0,(anonymous_753)
FNDA:0,(anonymous_754)
FNDA:0,(anonymous_755)
FNDA:0,(anonymous_756)
FNDA:0,(anonymous_757)
FNDA:0,(anonymous_758)
FNDA:0,(anonymous_759)
FNDA:0,(anonymous_760)
FNDA:0,(anonymous_761)
FNDA:0,(anonymous_762)
FNDA:0,(anonymous_763)
FNDA:0,(anonymous_764)
FNDA:0,(anonymous_765)
FNDA:0,(anonymous_766)
FNDA:0,(anonymous_767)
FNDA:0,(anonymous_768)
FNDA:0,(anonymous_769)
FNDA:0,(anonymous_770)
FNDA:0,(anonymous_771)
FNDA:0,(anonymous_772)
FNDA:0,recordEffect
FNDA:0,recordScheduleUpdate
FNDA:0,startWorkTimer
FNDA:0,cancelWorkTimer
FNDA:0,stopWorkTimer
FNDA:0,stopFailedWorkTimer
FNDA:0,startPhaseTimer
FNDA:0,stopPhaseTimer
FNDA:0,startWorkLoopTimer
FNDA:0,stopWorkLoopTimer
FNDA:0,startCommitTimer
FNDA:0,stopCommitTimer
FNDA:0,startCommitSnapshotEffectsTimer
FNDA:0,stopCommitSnapshotEffectsTimer
FNDA:0,startCommitHostEffectsTimer
FNDA:0,stopCommitHostEffectsTimer
FNDA:0,startCommitLifeCyclesTimer
FNDA:0,stopCommitLifeCyclesTimer
FNDA:0,createCursor
FNDA:0,pop
FNDA:0,push
FNDA:0,getUnmaskedContext
FNDA:0,cacheContext
FNDA:0,getMaskedContext
FNDA:0,hasContextChanged
FNDA:0,isContextProvider
FNDA:0,popContext
FNDA:0,popTopLevelContextObject
FNDA:0,pushTopLevelContextObject
FNDA:0,processChildContext
FNDA:0,pushContextProvider
FNDA:0,invalidateContextProvider
FNDA:0,findCurrentUnmaskedContext
FNDA:0,(anonymous_806)
FNDA:0,(anonymous_807)
FNDA:0,getCurrentPriorityLevel
FNDA:0,reactPriorityToSchedulerPriority
FNDA:0,runWithPriority$1
FNDA:0,scheduleCallback
FNDA:0,scheduleSyncCallback
FNDA:0,cancelCallback
FNDA:0,flushSyncCallbackQueue
FNDA:0,flushSyncCallbackQueueImpl
FNDA:0,(anonymous_816)
FNDA:0,msToExpirationTime
FNDA:0,expirationTimeToMs
FNDA:0,ceiling
FNDA:0,computeExpirationBucket
FNDA:0,computeAsyncExpiration
FNDA:0,computeSuspenseExpiration
FNDA:0,computeInteractiveExpiration
FNDA:0,inferPriorityFromExpirationTime
FNDA:0,(anonymous_825)
FNDA:0,(anonymous_826)
FNDA:0,(anonymous_827)
FNDA:0,(anonymous_828)
FNDA:0,(anonymous_829)
FNDA:0,(anonymous_830)
FNDA:0,(anonymous_831)
FNDA:0,(anonymous_832)
FNDA:0,(anonymous_833)
FNDA:0,(anonymous_834)
FNDA:0,(anonymous_835)
FNDA:0,(anonymous_836)
FNDA:0,(anonymous_837)
FNDA:0,(anonymous_838)
FNDA:0,(anonymous_839)
FNDA:0,(anonymous_840)
FNDA:0,(anonymous_841)
FNDA:0,(anonymous_842)
FNDA:0,(anonymous_843)
FNDA:0,(anonymous_844)
FNDA:0,(anonymous_845)
FNDA:0,(anonymous_846)
FNDA:0,resolveFunctionForHotReloading
FNDA:0,resolveClassForHotReloading
FNDA:0,resolveForwardRefForHotReloading
FNDA:0,isCompatibleFamilyForHotReloading
FNDA:0,markFailedErrorBoundaryForHotReloading
FNDA:0,(anonymous_852)
FNDA:0,(anonymous_853)
FNDA:0,(anonymous_854)
FNDA:0,(anonymous_855)
FNDA:0,scheduleFibersWithFamiliesRecursively
FNDA:0,(anonymous_857)
FNDA:0,(anonymous_858)
FNDA:0,findHostInstancesForMatchingFibersRecursively
FNDA:0,findHostInstancesForFiberShallowly
FNDA:0,findChildHostInstancesForFiberShallowly
FNDA:0,resolveDefaultProps
FNDA:0,readLazyComponentType
FNDA:0,resetContextDependencies
FNDA:0,enterDisallowedContextReadInDEV
FNDA:0,exitDisallowedContextReadInDEV
FNDA:0,pushProvider
FNDA:0,popProvider
FNDA:0,calculateChangedBits
FNDA:0,scheduleWorkOnParentPath
FNDA:0,propagateContextChange
FNDA:0,prepareToReadContext
FNDA:0,readContext
FNDA:0,initializeUpdateQueue
FNDA:0,cloneUpdateQueue
FNDA:0,createUpdate
FNDA:0,enqueueUpdate
FNDA:0,enqueueCapturedUpdate
FNDA:0,getStateFromUpdate
FNDA:0,processUpdateQueue
FNDA:0,callCallback
FNDA:0,resetHasForceUpdateBeforeProcessing
FNDA:0,checkHasForceUpdateAfterProcessing
FNDA:0,commitUpdateQueue
FNDA:0,requestCurrentSuspenseConfig
FNDA:0,(anonymous_886)
FNDA:0,(anonymous_887)
FNDA:0,(anonymous_888)
FNDA:0,applyDerivedStateFromProps
FNDA:0,(anonymous_890)
FNDA:0,(anonymous_891)
FNDA:0,(anonymous_892)
FNDA:0,checkShouldComponentUpdate
FNDA:0,checkClassInstance
FNDA:0,adoptClassInstance
FNDA:0,constructClassInstance
FNDA:0,callComponentWillMount
FNDA:0,callComponentWillReceiveProps
FNDA:0,mountClassInstance
FNDA:0,resumeMountClassInstance
FNDA:0,updateClassInstance
FNDA:0,(anonymous_902)
FNDA:0,(anonymous_903)
FNDA:0,coerceRef
FNDA:0,(anonymous_905)
FNDA:0,throwOnInvalidObjectType
FNDA:0,warnOnFunctionType
FNDA:0,ChildReconciler
FNDA:0,deleteChild
FNDA:0,deleteRemainingChildren
FNDA:0,mapRemainingChildren
FNDA:0,useFiber
FNDA:0,placeChild
FNDA:0,placeSingleChild
FNDA:0,updateTextNode
FNDA:0,updateElement
FNDA:0,updatePortal
FNDA:0,updateFragment
FNDA:0,createChild
FNDA:0,updateSlot
FNDA:0,updateFromMap
FNDA:0,warnOnInvalidKey
FNDA:0,reconcileChildrenArray
FNDA:0,(anonymous_924)
FNDA:0,reconcileChildrenIterator
FNDA:0,(anonymous_926)
FNDA:0,reconcileSingleTextNode
FNDA:0,reconcileSingleElement
FNDA:0,reconcileSinglePortal
FNDA:0,reconcileChildFibers
FNDA:0,cloneChildFibers
FNDA:0,resetChildFibers
FNDA:0,requiredContext
FNDA:0,getRootHostContainer
FNDA:0,pushHostContainer
FNDA:0,popHostContainer
FNDA:0,getHostContext
FNDA:0,pushHostContext
FNDA:0,popHostContext
FNDA:0,hasSuspenseContext
FNDA:0,setDefaultShallowSuspenseContext
FNDA:0,setShallowSuspenseContext
FNDA:0,addSubtreeSuspenseContext
FNDA:0,pushSuspenseContext
FNDA:0,popSuspenseContext
FNDA:0,shouldCaptureSuspense
FNDA:0,findFirstSuspended
FNDA:0,createDeprecatedResponderListener
FNDA:0,mountHookTypesDev
FNDA:0,updateHookTypesDev
FNDA:0,checkDepsAreArrayDev
FNDA:0,warnOnHookMismatchInDev
FNDA:0,throwInvalidHookError
FNDA:0,areHookInputsEqual
FNDA:0,renderWithHooks
FNDA:0,bailoutHooks
FNDA:0,resetHooksAfterThrow
FNDA:0,mountWorkInProgressHook
FNDA:0,updateWorkInProgressHook
FNDA:0,createFunctionComponentUpdateQueue
FNDA:0,basicStateReducer
FNDA:0,mountReducer
FNDA:0,updateReducer
FNDA:0,rerenderReducer
FNDA:0,mountState
FNDA:0,updateState
FNDA:0,rerenderState
FNDA:0,pushEffect
FNDA:0,mountRef
FNDA:0,updateRef
FNDA:0,mountEffectImpl
FNDA:0,updateEffectImpl
FNDA:0,mountEffect
FNDA:0,updateEffect
FNDA:0,mountLayoutEffect
FNDA:0,updateLayoutEffect
FNDA:0,imperativeHandleEffect
FNDA:0,(anonymous_978)
FNDA:0,(anonymous_979)
FNDA:0,mountImperativeHandle
FNDA:0,updateImperativeHandle
FNDA:0,mountDebugValue
FNDA:0,mountCallback
FNDA:0,updateCallback
FNDA:0,mountMemo
FNDA:0,updateMemo
FNDA:0,mountDeferredValue
FNDA:0,(anonymous_988)
FNDA:0,updateDeferredValue
FNDA:0,(anonymous_990)
FNDA:0,rerenderDeferredValue
FNDA:0,(anonymous_992)
FNDA:0,startTransition
FNDA:0,(anonymous_994)
FNDA:0,(anonymous_995)
FNDA:0,mountTransition
FNDA:0,updateTransition
FNDA:0,rerenderTransition
FNDA:0,dispatchAction
FNDA:0,(anonymous_1000)
FNDA:0,(anonymous_1001)
FNDA:0,(anonymous_1002)
FNDA:0,(anonymous_1003)
FNDA:0,(anonymous_1004)
FNDA:0,(anonymous_1005)
FNDA:0,(anonymous_1006)
FNDA:0,(anonymous_1007)
FNDA:0,(anonymous_1008)
FNDA:0,(anonymous_1009)
FNDA:0,(anonymous_1010)
FNDA:0,(anonymous_1011)
FNDA:0,(anonymous_1012)
FNDA:0,(anonymous_1013)
FNDA:0,(anonymous_1014)
FNDA:0,(anonymous_1015)
FNDA:0,(anonymous_1016)
FNDA:0,(anonymous_1017)
FNDA:0,(anonymous_1018)
FNDA:0,(anonymous_1019)
FNDA:0,(anonymous_1020)
FNDA:0,(anonymous_1021)
FNDA:0,(anonymous_1022)
FNDA:0,(anonymous_1023)
FNDA:0,(anonymous_1024)
FNDA:0,(anonymous_1025)
FNDA:0,(anonymous_1026)
FNDA:0,(anonymous_1027)
FNDA:0,(anonymous_1028)
FNDA:0,(anonymous_1029)
FNDA:0,(anonymous_1030)
FNDA:0,(anonymous_1031)
FNDA:0,(anonymous_1032)
FNDA:0,(anonymous_1033)
FNDA:0,(anonymous_1034)
FNDA:0,(anonymous_1035)
FNDA:0,(anonymous_1036)
FNDA:0,(anonymous_1037)
FNDA:0,(anonymous_1038)
FNDA:0,(anonymous_1039)
FNDA:0,(anonymous_1040)
FNDA:0,(anonymous_1041)
FNDA:0,(anonymous_1042)
FNDA:0,(anonymous_1043)
FNDA:0,(anonymous_1044)
FNDA:0,(anonymous_1045)
FNDA:0,(anonymous_1046)
FNDA:0,(anonymous_1047)
FNDA:0,(anonymous_1048)
FNDA:0,(anonymous_1049)
FNDA:0,(anonymous_1050)
FNDA:0,(anonymous_1051)
FNDA:0,(anonymous_1052)
FNDA:0,(anonymous_1053)
FNDA:0,(anonymous_1054)
FNDA:0,(anonymous_1055)
FNDA:0,(anonymous_1056)
FNDA:0,(anonymous_1057)
FNDA:0,(anonymous_1058)
FNDA:0,(anonymous_1059)
[...]
DA:662,0
DA:667,0
DA:668,0
DA:672,0
DA:673,0
DA:676,0
DA:677,0
DA:679,0
DA:680,0
DA:682,0
DA:687,0
DA:688,0
DA:690,0
DA:691,0
DA:693,0
DA:694,0
DA:696,0
DA:702,0
DA:704,0
DA:707,0
DA:710,0
DA:713,0
DA:717,0
DA:722,0
DA:726,0
DA:727,0
DA:729,0
DA:730,0
DA:732,0
DA:735,0
DA:737,0
DA:738,0
DA:741,0
DA:742,0
DA:752,0
DA:755,0
DA:757,0
DA:758,0
DA:760,0
DA:762,0
DA:764,0
DA:766,0
DA:770,0
DA:773,0
DA:774,0
DA:777,0
DA:778,0
DA:783,0
DA:784,0
DA:785,0
DA:789,0
DA:797,0
DA:798,0
DA:799,0
DA:804,0
DA:809,0
DA:810,0
DA:811,0
DA:812,0
DA:819,0
DA:823,0
DA:827,0
DA:828,0
DA:829,0
DA:830,0
DA:833,0
DA:834,0
DA:840,0
DA:841,0
DA:842,0
DA:843,0
DA:844,0
DA:845,0
DA:846,0
DA:847,0
DA:848,0
DA:849,0
DA:850,0
DA:851,0
DA:852,0
DA:853,0
DA:854,0
DA:855,0
DA:856,0
LF:402
LH:0
BRDA:14,0,0,0
BRDA:14,0,1,0
BRDA:27,1,0,0
BRDA:27,1,1,0
BRDA:29,2,0,0
BRDA:29,2,1,0
BRDA:37,3,0,0
BRDA:37,3,1,0
BRDA:59,4,0,0
BRDA:59,4,1,0
BRDA:88,5,0,0
BRDA:88,5,1,0
BRDA:95,6,0,0
BRDA:95,6,1,0
BRDA:100,7,0,0
BRDA:100,7,1,0
BRDA:106,8,0,0
BRDA:106,8,1,0
BRDA:106,9,0,0
BRDA:106,9,1,0
BRDA:140,10,0,0
BRDA:140,10,1,0
BRDA:140,11,0,0
BRDA:140,11,1,0
BRDA:146,12,0,0
BRDA:146,12,1,0
BRDA:155,13,0,0
BRDA:155,13,1,0
BRDA:166,14,0,0
BRDA:166,14,1,0
BRDA:192,15,0,0
BRDA:192,15,1,0
BRDA:218,16,0,0
BRDA:218,16,1,0
BRDA:223,17,0,0
BRDA:223,17,1,0
BRDA:226,18,0,0
BRDA:226,18,1,0
BRDA:244,19,0,0
BRDA:244,19,1,0
BRDA:244,20,0,0
BRDA:244,20,1,0
BRDA:266,21,0,0
BRDA:266,21,1,0
BRDA:266,22,0,0
BRDA:266,22,1,0
BRDA:267,23,0,0
BRDA:267,23,1,0
BRDA:267,24,0,0
BRDA:267,24,1,0
BRDA:276,25,0,0
BRDA:276,25,1,0
BRDA:276,26,0,0
BRDA:276,26,1,0
BRDA:290,27,0,0
BRDA:290,27,1,0
BRDA:305,28,0,0
BRDA:305,28,1,0
BRDA:306,29,0,0
BRDA:306,29,1,0
BRDA:308,30,0,0
BRDA:308,30,1,0
BRDA:341,31,0,0
BRDA:341,31,1,0
BRDA:345,32,0,0
BRDA:345,32,1,0
BRDA:348,33,0,0
BRDA:348,33,1,0
BRDA:383,34,0,0
BRDA:383,34,1,0
BRDA:397,35,0,0
BRDA:397,35,1,0
BRDA:406,36,0,0
BRDA:406,36,1,0
BRDA:417,37,0,0
BRDA:417,37,1,0
BRDA:429,38,0,0
BRDA:429,38,1,0
BRDA:440,39,0,0
BRDA:440,39,1,0
BRDA:449,40,0,0
BRDA:449,40,1,0
BRDA:456,41,0,0
BRDA:456,41,1,0
BRDA:492,42,0,0
BRDA:492,42,1,0
BRDA:495,43,0,0
BRDA:495,43,1,0
BRDA:518,44,0,0
BRDA:518,44,1,0
BRDA:519,45,0,0
BRDA:519,45,1,0
BRDA:525,46,0,0
BRDA:525,46,1,0
BRDA:540,47,0,0
BRDA:540,47,1,0
BRDA:550,48,0,0
BRDA:550,48,1,0
BRDA:554,49,0,0
BRDA:554,49,1,0
BRDA:584,50,0,0
BRDA:584,50,1,0
BRDA:585,51,0,0
BRDA:585,51,1,0
BRDA:585,52,0,0
BRDA:585,52,1,0
BRDA:585,52,2,0
BRDA:592,53,0,0
BRDA:592,53,1,0
BRDA:600,54,0,0
BRDA:600,54,1,0
BRDA:609,55,0,0
BRDA:609,55,1,0
BRDA:623,56,0,0
BRDA:623,56,1,0
BRDA:628,57,0,0
BRDA:628,57,1,0
BRDA:638,58,0,0
BRDA:638,58,1,0
BRDA:638,58,2,0
BRDA:638,58,3,0
BRDA:638,58,4,0
BRDA:638,58,5,0
BRDA:663,59,0,0
BRDA:663,59,1,0
BRDA:663,59,2,0
BRDA:663,59,3,0
BRDA:703,60,0,0
BRDA:703,60,1,0
BRDA:703,60,2,0
BRDA:703,60,3,0
BRDA:703,60,4,0
BRDA:703,60,5,0
BRDA:726,61,0,0
BRDA:726,61,1,0
BRDA:726,62,0,0
BRDA:726,62,1,0
BRDA:729,63,0,0
BRDA:729,63,1,0
BRDA:729,64,0,0
BRDA:729,64,1,0
BRDA:735,65,0,0
BRDA:735,65,1,0
BRDA:755,66,0,0
BRDA:755,66,1,0
BRDA:760,67,0,0
BRDA:760,67,1,0
BRDA:760,68,0,0
BRDA:760,68,1,0
BRDA:762,69,0,0
BRDA:762,69,1,0
BRDA:783,70,0,0
BRDA:783,70,1,0
BRDA:783,71,0,0
BRDA:783,71,1,0
BRDA:797,72,0,0
BRDA:797,72,1,0
BRDA:797,73,0,0
BRDA:797,73,1,0
BRDA:809,74,0,0
BRDA:809,74,1,0
BRDA:830,75,0,0
BRDA:830,75,1,0
BRDA:830,75,2,0
BRDA:830,75,3,0
BRDA:830,75,4,0
BRDA:830,75,5,0
BRDA:830,75,6,0
BRF:168
BRH:0
end_of_record
TN:
SF:client/public/webpack:/node_modules/style-loader/dist/runtime/injectStylesIntoStyleTag.js
FN:3,isOldIE
FN:5,memorize
FN:19,getTarget
FN:21,memorize
FN:45,getIndexByIdentifier
FN:58,modulesToDom
FN:92,insertStyleElement
FN:104,(anonymous_1583)
FN:123,removeStyleElement
FN:142,applyToSingletonTag
FN:165,applyToTag
FN:197,addStyle
FN:211,remove
FN:217,updateStyle
FN:230,(anonymous_1590)
FN:240,update
FNF:16
FNH:0
FNDA:0,isOldIE
FNDA:0,memorize
FNDA:0,getTarget
FNDA:0,memorize
FNDA:0,getIndexByIdentifier
FNDA:0,modulesToDom
FNDA:0,insertStyleElement
FNDA:0,(anonymous_1583)
FNDA:0,removeStyleElement
FNDA:0,applyToSingletonTag
FNDA:0,applyToTag
FNDA:0,addStyle
FNDA:0,remove
FNDA:0,updateStyle
FNDA:0,(anonymous_1590)
FNDA:0,update
DA:3,0
DA:5,0
DA:6,0
DA:12,0
DA:15,0
DA:19,0
DA:20,0
DA:21,0
DA:22,0
DA:23,0
DA:25,0
DA:26,0
DA:29,0
DA:36,0
DA:39,0
DA:43,0
DA:46,0
DA:48,0
DA:49,0
DA:50,0
DA:51,0
DA:55,0
DA:59,0
DA:60,0
DA:62,0
DA:63,0
DA:64,0
DA:65,0
DA:66,0
DA:67,0
DA:68,0
DA:69,0
DA:75,0
DA:76,0
DA:77,0
DA:79,0
DA:86,0
DA:89,0
DA:93,0
DA:94,0
DA:96,0
DA:97,0
DA:99,0
DA:100,0
DA:104,0
DA:105,0
DA:108,0
DA:109,0
DA:111,0
DA:113,0
DA:114,0
DA:117,0
DA:120,0
DA:125,0
DA:129,0
DA:143,0
DA:147,0
DA:150,0
DA:151,0
DA:153,0
DA:154,0
DA:157,0
DA:158,0
DA:160,0
DA:166,0
DA:167,0
DA:168,0
DA:170,0
DA:171,0
DA:173,0
DA:176,0
DA:177,0
DA:183,0
DA:186,0
DA:187,0
DA:190,0
DA:194,0
DA:195,0
DA:202,0
DA:203,0
DA:204,0
DA:205,0
DA:206,0
DA:208,0
DA:209,0
DA:211,0
DA:212,0
DA:216,0
DA:217,0
DA:218,0
DA:219,0
DA:220,0
DA:223,0
DA:225,0
DA:230,0
DA:231,0
DA:234,0
DA:235,0
DA:238,0
DA:239,0
DA:240,0
DA:241,0
DA:243,0
DA:244,0
DA:247,0
DA:248,0
DA:249,0
DA:250,0
DA:253,0
DA:255,0
DA:256,0
DA:258,0
DA:260,0
DA:261,0
DA:263,0
DA:267,0
LF:116
LH:0
BRDA:6,0,0,0
BRDA:6,0,1,0
BRDA:12,1,0,0
BRDA:12,1,1,0
BRDA:12,1,2,0
BRDA:12,1,3,0
BRDA:22,2,0,0
BRDA:22,2,1,0
BRDA:25,3,0,0
BRDA:25,3,1,0
BRDA:25,4,0,0
BRDA:25,4,1,0
BRDA:49,5,0,0
BRDA:49,5,1,0
BRDA:64,6,0,0
BRDA:64,6,1,0
BRDA:65,7,0,0
BRDA:65,7,1,0
BRDA:75,8,0,0
BRDA:75,8,1,0
BRDA:94,9,0,0
BRDA:94,9,1,0
BRDA:96,10,0,0
BRDA:96,10,1,0
BRDA:97,11,0,0
BRDA:97,11,1,0
BRDA:99,12,0,0
BRDA:99,12,1,0
BRDA:108,13,0,0
BRDA:108,13,1,0
BRDA:111,14,0,0
BRDA:111,14,1,0
BRDA:113,15,0,0
BRDA:113,15,1,0
BRDA:125,16,0,0
BRDA:143,17,0,0
BRDA:143,17,1,0
BRDA:143,18,0,0
BRDA:143,18,1,0
BRDA:147,19,0,0
BRDA:153,20,0,0
BRDA:153,20,1,0
BRDA:157,21,0,0
BRDA:157,21,1,0
BRDA:170,22,0,0
BRDA:170,22,1,0
BRDA:176,23,0,0
BRDA:176,23,1,0
BRDA:176,24,0,0
BRDA:176,24,1,0
BRDA:183,25,0,0
BRDA:202,26,0,0
BRDA:202,26,1,0
BRDA:204,27,0,0
BRDA:204,27,1,0
BRDA:218,28,0,0
BRDA:218,28,1,0
BRDA:219,29,0,0
BRDA:219,29,1,0
BRDA:219,30,0,0
BRDA:219,30,1,0
BRDA:219,30,2,0
BRDA:231,31,0,0
BRDA:231,31,1,0
BRDA:234,32,0,0
BRDA:234,32,1,0
BRDA:234,33,0,0
BRDA:234,33,1,0
BRDA:238,34,0,0
BRDA:238,34,1,0
BRDA:241,35,0,0
BRDA:241,35,1,0
BRDA:243,36,0,0
BRDA:243,36,1,0
BRDA:260,37,0,0
BRDA:260,37,1,0
BRF:76
BRH:0
end_of_record
TN:
SF:client/public/webpack:/webpack/bootstrap
FN:5,__webpack_require__
FN:36,(anonymous_2)
FN:43,(anonymous_3)
FN:55,(anonymous_4)
FN:62,(anonymous_5)
FN:67,(anonymous_6)
FN:69,getDefault
FN:70,getModuleExports
FN:76,(anonymous_9)
FNF:9
FNH:0
FNDA:0,__webpack_require__
FNDA:0,(anonymous_2)
FNDA:0,(anonymous_3)
FNDA:0,(anonymous_4)
FNDA:0,(anonymous_5)
FNDA:0,(anonymous_6)
FNDA:0,getDefault
FNDA:0,getModuleExports
FNDA:0,(anonymous_9)
DA:2,0
DA:8,0
DA:9,0
DA:12,0
DA:19,0
DA:22,0
DA:25,0
DA:30,0
DA:33,0
DA:36,0
DA:37,0
DA:38,0
DA:43,0
DA:44,0
DA:45,0
DA:47,0
DA:55,0
DA:56,0
DA:57,0
DA:58,0
DA:59,0
DA:60,0
DA:61,0
DA:62,0
DA:63,0
DA:67,0
DA:68,0
DA:69,0
DA:70,0
DA:71,0
DA:72,0
DA:76,0
DA:79,0
DA:83,0
LF:34
LH:0
BRDA:8,0,0,0
BRDA:8,0,1,0
BRDA:37,1,0,0
BRDA:37,1,1,0
BRDA:44,2,0,0
BRDA:44,2,1,0
BRDA:44,3,0,0
BRDA:44,3,1,0
BRDA:56,4,0,0
BRDA:56,4,1,0
BRDA:57,5,0,0
BRDA:57,5,1,0
BRDA:58,6,0,0
BRDA:58,6,1,0
BRDA:58,7,0,0
BRDA:58,7,1,0
BRDA:58,7,2,0
BRDA:58,7,3,0
BRDA:62,8,0,0
BRDA:62,8,1,0
BRDA:62,9,0,0
BRDA:62,9,1,0
BRDA:69,10,0,0
BRDA:69,10,1,0
BRDA:68,11,0,0
BRDA:68,11,1,0
BRF:26
BRH:0
end_of_record
TN:
SF:client/src/index.jsx
FN:6,(anonymous_0)
FNF:1
FNH:0
FNDA:0,(anonymous_0)
DA:6,0
DA:7,0
DA:8,0
DA:9,0
DA:10,0
DA:11,0
DA:14,0
DA:16,0
LF:8
LH:0
BRF:0
BRH:0
end_of_record
TN:
SF:client/src/components/App.jsx
FN:15,(anonymous_0)
FN:33,(anonymous_1)
FN:36,(anonymous_2)
FN:45,(anonymous_3)
FN:50,(anonymous_4)
FN:79,(anonymous_5)
FN:108,(anonymous_6)
FNF:7
FNH:0
FNDA:0,(anonymous_0)
FNDA:0,(anonymous_1)
FNDA:0,(anonymous_2)
FNDA:0,(anonymous_3)
FNDA:0,(anonymous_4)
FNDA:0,(anonymous_5)
FNDA:0,(anonymous_6)
DA:16,0
DA:17,0
DA:29,0
DA:30,0
DA:34,0
DA:35,0
DA:37,0
DA:46,0
DA:55,0
DA:57,0
DA:59,0
DA:60,0
DA:76,0
DA:86,0
DA:88,0
DA:89,0
DA:91,0
DA:92,0
DA:94,0
DA:97,0
DA:98,0
DA:109,0
DA:110,0
DA:126,1
LF:24
LH:1
BRDA:59,0,0,0
BRDA:59,0,1,0
BRDA:91,1,0,0
BRDA:91,1,1,0
BRDA:97,2,0,0
BRDA:97,2,1,0
BRF:6
BRH:0
end_of_record
TN:
SF:client/src/components/Checklist.jsx
FN:4,(anonymous_0)
FNF:1
FNH:0
FNDA:0,(anonymous_0)
DA:4,1
DA:5,0
DA:10,1
LF:3
LH:2
BRF:0
BRH:0
end_of_record
TN:
SF:client/src/components/Header.jsx
FN:4,(anonymous_0)
FNF:1
FNH:0
FNDA:0,(anonymous_0)
DA:4,1
DA:11,0
DA:18,1
LF:3
LH:2
BRF:0
BRH:0
end_of_record
TN:
SF:client/src/components/Mentions.jsx
FN:3,(anonymous_0)
FNF:1
FNH:0
FNDA:0,(anonymous_0)
DA:3,1
DA:4,0
LF:2
LH:1
BRF:0
BRH:0
end_of_record
TN:
SF:client/src/components/NavBar.jsx
FN:3,(anonymous_0)
FNF:1
FNH:0
FNDA:0,(anonymous_0)
DA:3,1
DA:4,0
LF:2
LH:1
BRF:0
BRH:0
end_of_record
TN:
SF:client/src/components/RadioList.jsx
FN:4,(anonymous_0)
FNF:1
FNH:0
FNDA:0,(anonymous_0)
DA:4,1
DA:5,0
DA:10,1
LF:3
LH:2
BRF:0
BRH:0
end_of_record
TN:
SF:client/src/components/RateBar.jsx
FN:4,(anonymous_0)
FNF:1
FNH:0
FNDA:0,(anonymous_0)
DA:4,1
DA:5,0
DA:8,1
LF:3
LH:2
BRF:0
BRH:0
end_of_record
TN:
SF:client/src/components/Ratings.jsx
FN:5,(anonymous_0)
FN:8,(anonymous_1)
FNF:2
FNH:0
FNDA:0,(anonymous_0)
FNDA:0,(anonymous_1)
DA:5,1
DA:6,0
DA:8,0
DA:12,1
LF:4
LH:2
BRF:0
BRH:0
end_of_record
TN:
SF:client/src/components/Review.jsx
FN:5,(anonymous_0)
FN:12,(anonymous_1)
FNF:2
FNH:0
FNDA:0,(anonymous_0)
FNDA:0,(anonymous_1)
DA:6,0
DA:7,0
DA:13,0
DA:14,0
DA:23,1
LF:5
LH:1
BRF:0
BRH:0
end_of_record
TN:
SF:client/src/components/ReviewPage.jsx
FN:5,(anonymous_0)
FN:7,(anonymous_1)
FNF:2
FNH:0
FNDA:0,(anonymous_0)
FNDA:0,(anonymous_1)
DA:5,1
DA:6,0
DA:7,0
DA:11,1
LF:4
LH:2
BRF:0
BRH:0
end_of_record
TN:
SF:client/src/components/Search.jsx
FN:4,(anonymous_0)
FN:11,(anonymous_1)
FNF:2
FNH:0
FNDA:0,(anonymous_0)
FNDA:0,(anonymous_1)
DA:5,0
DA:6,0
DA:12,0
DA:13,0
LF:4
LH:0
BRF:0
BRH:0
end_of_record
TN:
SF:client/src/components/Tab.jsx
FN:4,(anonymous_0)
FNF:1
FNH:0
FNDA:0,(anonymous_0)
DA:4,1
DA:10,0
DA:17,1
LF:3
LH:2
BRF:0
BRH:0
end_of_record
TN:
SF:database/Reviews.js
FNF:0
FNH:0
DA:1,1
DA:3,1
DA:4,1
DA:6,1
DA:27,1
DA:29,1
LF:6
LH:6
BRF:0
BRH:0
end_of_record
TN:
SF:database/getImages.js
FN:14,(anonymous_0)
FN:17,(anonymous_1)
FN:28,(anonymous_2)
FN:31,(anonymous_3)
FNF:4
FNH:0
FNDA:0,(anonymous_0)
FNDA:0,(anonymous_1)
FNDA:0,(anonymous_2)
FNDA:0,(anonymous_3)
DA:1,0
DA:2,0
DA:3,0
DA:5,0
DA:6,0
DA:8,0
DA:9,0
DA:15,0
DA:18,0
DA:22,0
DA:23,0
DA:29,0
DA:32,0
LF:13
LH:0
BRF:0
BRH:0
end_of_record
TN:
SF:database/seed.js
FN:6,(anonymous_0)
FN:8,(anonymous_1)
FN:85,(anonymous_2)
FN:139,(anonymous_3)
FN:142,(anonymous_4)
FNF:5
FNH:0
FNDA:0,(anonymous_0)
FNDA:0,(anonymous_1)
FNDA:0,(anonymous_2)
FNDA:0,(anonymous_3)
FNDA:0,(anonymous_4)
DA:1,0
DA:2,0
DA:4,0
DA:6,0
DA:8,0
DA:9,0
DA:10,0
DA:11,0
DA:13,0
DA:14,0
DA:17,0
DA:29,0
DA:41,0
DA:53,0
DA:54,0
DA:56,0
DA:57,0
DA:58,0
DA:61,0
DA:62,0
DA:63,0
DA:66,0
DA:68,0
DA:70,0
DA:71,0
DA:73,0
DA:74,0
DA:75,0
DA:76,0
DA:78,0
DA:80,0
DA:83,0
DA:85,0
DA:86,0
DA:88,0
DA:89,0
DA:90,0
DA:91,0
DA:92,0
DA:93,0
DA:94,0
DA:95,0
DA:96,0
DA:97,0
DA:98,0
DA:99,0
DA:101,0
DA:122,0
DA:123,0
DA:134,0
DA:138,0
DA:140,0
DA:143,0
LF:53
LH:0
BRDA:10,0,0,0
BRDA:10,0,1,0
BRDA:73,1,0,0
BRDA:73,1,1,0
BRDA:75,2,0,0
BRDA:75,2,1,0
BRF:6
BRH:0
end_of_record
TN:
SF:server/index.js
FN:19,(anonymous_0)
FNF:1
FNH:0
FNDA:0,(anonymous_0)
DA:1,0
DA:2,0
DA:3,0
DA:4,0
DA:5,0
DA:7,0
DA:9,0
DA:11,0
DA:12,0
DA:13,0
DA:15,0
DA:16,0
DA:17,0
DA:19,0
DA:20,0
LF:15
LH:0
BRF:0
BRH:0
end_of_record
TN:
SF:server/routeHandlers.js
FN:3,(anonymous_0)
FN:3,(anonymous_1)
FN:4,(anonymous_2)
FN:16,(anonymous_3)
FN:16,(anonymous_4)
FN:17,(anonymous_5)
FN:24,(anonymous_6)
FN:28,(anonymous_7)
FN:36,(anonymous_8)
FN:36,(anonymous_9)
FN:42,(anonymous_10)
FN:46,(anonymous_11)
FNF:12
FNH:7
FNDA:1,(anonymous_0)
FNDA:0,(anonymous_1)
FNDA:1,(anonymous_2)
FNDA:1,(anonymous_3)
FNDA:0,(anonymous_4)
FNDA:1,(anonymous_5)
FNDA:1,(anonymous_6)
FNDA:0,(anonymous_7)
FNDA:1,(anonymous_8)
FNDA:0,(anonymous_9)
FNDA:1,(anonymous_10)
FNDA:0,(anonymous_11)
DA:1,1
DA:3,1
DA:4,1
DA:5,1
DA:6,0
DA:7,0
DA:9,1
DA:10,1
DA:11,1
DA:16,1
DA:17,1
DA:18,1
DA:19,0
DA:20,0
DA:22,1
DA:23,1
DA:25,1
DA:26,1
DA:29,0
DA:30,0
DA:36,1
DA:37,1
DA:43,1
DA:44,1
DA:47,0
DA:48,0
LF:26
LH:18
BRDA:3,0,0,0
BRDA:5,1,0,0
BRDA:5,1,1,1
BRDA:16,2,0,0
BRDA:18,3,0,0
BRDA:18,3,1,1
BRDA:36,4,0,0
BRF:7
BRH:2
end_of_record
TN:
SF:specs/coverage/lcov-report/block-navigation.js
FN:2,init
FN:24,toggleClass
FN:31,makeCurrent
FN:41,goToPrevious
FN:52,goToNext
FN:65,jump
FNF:6
FNH:0
FNDA:0,init
FNDA:0,toggleClass
FNDA:0,makeCurrent
FNDA:0,goToPrevious
FNDA:0,goToNext
FNDA:0,jump
DA:2,0
DA:4,0
DA:7,0
DA:10,0
DA:14,0
DA:20,0
DA:25,0
DA:28,0
DA:32,0
DA:33,0
DA:34,0
DA:42,0
DA:43,0
DA:44,0
DA:45,0
DA:46,0
DA:49,0
DA:53,0
DA:55,0
DA:59,0
DA:62,0
DA:65,0
DA:66,0
DA:69,0
DA:70,0
DA:74,0
DA:75,0
DA:79,0
LF:28
LH:0
BRDA:43,0,0,0
BRDA:43,0,1,0
BRDA:43,1,0,0
BRDA:43,1,1,0
BRDA:45,2,0,0
BRDA:45,2,1,0
BRDA:55,3,0,0
BRDA:55,3,1,0
BRDA:56,4,0,0
BRDA:56,4,1,0
BRDA:66,5,0,0
BRDA:66,5,1,0
BRDA:66,5,2,0
BRDA:66,5,3,0
BRDA:66,5,4,0
BRF:15
BRH:0
end_of_record
TN:
SF:specs/coverage/lcov-report/prettify.js
FN:2,(anonymous_0)
FN:2,k
FN:2,ab
FN:2,T
FN:2,X
FN:2,(anonymous_5)
FN:2,W
FN:2,(anonymous_7)
FN:2,a
FN:2,aa
FN:2,B
FN:2,o
FN:2,g
FN:2,(anonymous_13)
FN:2,(anonymous_14)
FN:2,i
FN:2,Q
FN:2,ae
FN:2,ad
FN:2,ai
FN:2,D
FN:2,c
FN:2,q
FN:2,d
FN:2,y
FN:2,b
FN:2,Y
FN:2,(anonymous_27)
FN:2,U
FNF:29
FNH:0
FNDA:0,(anonymous_0)
FNDA:0,k
FNDA:0,ab
FNDA:0,T
FNDA:0,X
FNDA:0,(anonymous_5)
FNDA:0,W
FNDA:0,(anonymous_7)
FNDA:0,a
FNDA:0,aa
FNDA:0,B
FNDA:0,o
FNDA:0,g
FNDA:0,(anonymous_13)
FNDA:0,(anonymous_14)
FNDA:0,i
FNDA:0,Q
FNDA:0,ae
FNDA:0,ad
FNDA:0,ai
FNDA:0,D
FNDA:0,c
FNDA:0,q
FNDA:0,d
FNDA:0,y
FNDA:0,b
FNDA:0,Y
FNDA:0,(anonymous_27)
FNDA:0,U
DA:2,0
LF:1
LH:0
BRDA:2,0,0,0
BRDA:2,0,1,0
BRDA:2,1,0,0
BRDA:2,1,1,0
BRDA:2,2,0,0
BRDA:2,2,1,0
BRDA:2,3,0,0
BRDA:2,3,1,0
BRDA:2,4,0,0
BRDA:2,4,1,0
BRDA:2,5,0,0
BRDA:2,5,1,0
BRDA:2,6,0,0
BRDA:2,6,1,0
BRDA:2,7,0,0
BRDA:2,7,1,0
BRDA:2,8,0,0
BRDA:2,8,1,0
BRDA:2,9,0,0
BRDA:2,9,1,0
BRDA:2,10,0,0
BRDA:2,10,1,0
BRDA:2,11,0,0
BRDA:2,11,1,0
BRDA:2,11,2,0
BRDA:2,11,3,0
BRDA:2,12,0,0
BRDA:2,12,1,0
BRDA:2,13,0,0
BRDA:2,13,1,0
BRDA:2,14,0,0
BRDA:2,14,1,0
BRDA:2,15,0,0
BRDA:2,15,1,0
BRDA:2,16,0,0
BRDA:2,16,1,0
BRDA:2,17,0,0
BRDA:2,17,1,0
BRDA:2,18,0,0
BRDA:2,18,1,0
BRDA:2,19,0,0
BRDA:2,19,1,0
BRDA:2,20,0,0
BRDA:2,20,1,0
BRDA:2,21,0,0
BRDA:2,21,1,0
BRDA:2,22,0,0
BRDA:2,22,1,0
BRDA:2,23,0,0
BRDA:2,23,1,0
BRDA:2,24,0,0
BRDA:2,24,1,0
BRDA:2,25,0,0
BRDA:2,25,1,0
BRDA:2,26,0,0
BRDA:2,26,1,0
BRDA:2,27,0,0
BRDA:2,27,1,0
BRDA:2,28,0,0
BRDA:2,28,1,0
BRDA:2,29,0,0
BRDA:2,29,1,0
BRDA:2,30,0,0
BRDA:2,30,1,0
BRDA:2,31,0,0
BRDA:2,31,1,0
BRDA:2,32,0,0
BRDA:2,32,1,0
BRDA:2,33,0,0
BRDA:2,33,1,0
BRDA:2,34,0,0
BRDA:2,34,1,0
BRDA:2,35,0,0
BRDA:2,35,1,0
BRDA:2,36,0,0
BRDA:2,36,1,0
BRDA:2,37,0,0
BRDA:2,37,1,0
BRDA:2,38,0,0
BRDA:2,38,1,0
BRDA:2,39,0,0
BRDA:2,39,1,0
BRDA:2,40,0,0
BRDA:2,40,1,0
BRDA:2,41,0,0
BRDA:2,41,1,0
BRDA:2,42,0,0
BRDA:2,42,1,0
BRDA:2,43,0,0
BRDA:2,43,1,0
BRDA:2,44,0,0
BRDA:2,44,1,0
BRDA:2,45,0,0
BRDA:2,45,1,0
BRDA:2,46,0,0
BRDA:2,46,1,0
BRDA:2,47,0,0
BRDA:2,47,1,0
BRDA:2,48,0,0
BRDA:2,48,1,0
BRDA:2,49,0,0
BRDA:2,49,1,0
BRDA:2,50,0,0
BRDA:2,50,1,0
BRDA:2,50,2,0
BRDA:2,51,0,0
BRDA:2,51,1,0
BRDA:2,52,0,0
BRDA:2,52,1,0
BRDA:2,53,0,0
BRDA:2,53,1,0
BRDA:2,54,0,0
BRDA:2,54,1,0
BRDA:2,55,0,0
BRDA:2,55,1,0
BRDA:2,56,0,0
BRDA:2,56,1,0
BRDA:2,57,0,0
BRDA:2,57,1,0
BRDA:2,58,0,0
BRDA:2,58,1,0
BRDA:2,59,0,0
BRDA:2,59,1,0
BRDA:2,60,0,0
BRDA:2,60,1,0
BRDA:2,61,0,0
BRDA:2,61,1,0
BRDA:2,62,0,0
BRDA:2,62,1,0
BRDA:2,63,0,0
BRDA:2,63,1,0
BRDA:2,64,0,0
BRDA:2,64,1,0
BRDA:2,65,0,0
BRDA:2,65,1,0
BRDA:2,66,0,0
BRDA:2,66,1,0
BRDA:2,67,0,0
BRDA:2,67,1,0
BRDA:2,68,0,0
BRDA:2,68,1,0
BRDA:2,69,0,0
BRDA:2,69,1,0
BRDA:2,70,0,0
BRDA:2,70,1,0
BRDA:2,71,0,0
BRDA:2,71,1,0
BRDA:2,72,0,0
BRDA:2,72,1,0
BRDA:2,73,0,0
BRDA:2,73,1,0
BRDA:2,74,0,0
BRDA:2,74,1,0
BRDA:2,75,0,0
BRDA:2,75,1,0
BRDA:2,76,0,0
BRDA:2,76,1,0
BRDA:2,77,0,0
BRDA:2,77,1,0
BRDA:2,78,0,0
BRDA:2,78,1,0
BRDA:2,79,0,0
BRDA:2,79,1,0
BRDA:2,80,0,0
BRDA:2,80,1,0
BRDA:2,81,0,0
BRDA:2,81,1,0
BRDA:2,82,0,0
BRDA:2,82,1,0
BRDA:2,83,0,0
BRDA:2,83,1,0
BRDA:2,84,0,0
BRDA:2,84,1,0
BRDA:2,85,0,0
BRDA:2,85,1,0
BRDA:2,86,0,0
BRDA:2,86,1,0
BRDA:2,87,0,0
BRDA:2,87,1,0
BRDA:2,88,0,0
BRDA:2,88,1,0
BRDA:2,89,0,0
BRDA:2,89,1,0
BRDA:2,89,2,0
BRDA:2,90,0,0
BRDA:2,90,1,0
BRDA:2,91,0,0
BRDA:2,91,1,0
BRDA:2,92,0,0
BRDA:2,92,1,0
BRDA:2,93,0,0
BRDA:2,93,1,0
BRDA:2,94,0,0
BRDA:2,94,1,0
BRDA:2,95,0,0
BRDA:2,95,1,0
BRDA:2,96,0,0
BRDA:2,96,1,0
BRDA:2,97,0,0
BRDA:2,97,1,0
BRDA:2,98,0,0
BRDA:2,98,1,0
BRDA:2,99,0,0
BRDA:2,99,1,0
BRDA:2,100,0,0
BRDA:2,100,1,0
BRDA:2,101,0,0
BRDA:2,101,1,0
BRDA:2,102,0,0
BRDA:2,102,1,0
BRDA:2,103,0,0
BRDA:2,103,1,0
BRDA:2,104,0,0
BRDA:2,104,1,0
BRDA:2,105,0,0
BRDA:2,105,1,0
BRDA:2,106,0,0
BRDA:2,106,1,0
BRDA:2,107,0,0
BRDA:2,107,1,0
BRDA:2,108,0,0
BRDA:2,108,1,0
BRDA:2,109,0,0
BRDA:2,109,1,0
BRDA:2,110,0,0
BRDA:2,110,1,0
BRDA:2,111,0,0
BRDA:2,111,1,0
BRDA:2,112,0,0
BRDA:2,112,1,0
BRDA:2,113,0,0
BRDA:2,113,1,0
BRDA:2,114,0,0
BRDA:2,114,1,0
BRDA:2,115,0,0
BRDA:2,115,1,0
BRDA:2,116,0,0
BRDA:2,116,1,0
BRDA:2,117,0,0
BRDA:2,117,1,0
BRDA:2,118,0,0
BRDA:2,118,1,0
BRDA:2,119,0,0
BRDA:2,119,1,0
BRDA:2,120,0,0
BRDA:2,120,1,0
BRDA:2,121,0,0
BRDA:2,121,1,0
BRDA:2,122,0,0
BRDA:2,122,1,0
BRDA:2,123,0,0
BRDA:2,123,1,0
BRDA:2,124,0,0
BRDA:2,124,1,0
BRDA:2,125,0,0
BRDA:2,125,1,0
BRDA:2,126,0,0
BRDA:2,126,1,0
BRDA:2,127,0,0
BRDA:2,127,1,0
BRDA:2,128,0,0
BRDA:2,128,1,0
BRDA:2,128,2,0
BRDA:2,129,0,0
BRDA:2,129,1,0
BRDA:2,130,0,0
BRDA:2,130,1,0
BRDA:2,131,0,0
BRDA:2,131,1,0
BRDA:2,131,2,0
BRDA:2,131,3,0
BRDA:2,131,4,0
BRDA:2,132,0,0
BRDA:2,132,1,0
BRDA:2,133,0,0
BRDA:2,133,1,0
BRDA:2,134,0,0
BRDA:2,134,1,0
BRDA:2,135,0,0
BRDA:2,135,1,0
BRDA:2,136,0,0
BRDA:2,136,1,0
BRDA:2,137,0,0
BRDA:2,137,1,0
BRDA:2,138,0,0
BRDA:2,138,1,0
BRF:286
BRH:0
end_of_record
TN:
SF:specs/coverage/lcov-report/sorter.js
FN:2,(anonymous_0)
FN:11,getTable
FN:15,getTableHeader
FN:19,getTableBody
FN:23,getNthColumn
FN:28,loadColumns
FN:53,loadRowData
FN:72,loadData
FN:81,sortByIndex
FN:83,(anonymous_9)
FN:95,(anonymous_10)
FN:112,removeSortIndicators
FN:120,addSortIndicators
FN:126,enableUI
FN:129,ithSorter
FN:132,(anonymous_15)
FN:159,(anonymous_16)
FNF:17
FNH:0
FNDA:0,(anonymous_0)
FNDA:0,getTable
FNDA:0,getTableHeader
FNDA:0,getTableBody
FNDA:0,getNthColumn
FNDA:0,loadColumns
FNDA:0,loadRowData
FNDA:0,loadData
FNDA:0,sortByIndex
FNDA:0,(anonymous_9)
FNDA:0,(anonymous_10)
FNDA:0,removeSortIndicators
FNDA:0,addSortIndicators
FNDA:0,enableUI
FNDA:0,ithSorter
FNDA:0,(anonymous_15)
FNDA:0,(anonymous_16)
DA:2,0
DA:5,0
DA:12,0
DA:16,0
DA:20,0
DA:24,0
DA:29,0
DA:31,0
DA:35,0
DA:36,0
DA:37,0
DA:42,0
DA:43,0
DA:44,0
DA:45,0
DA:49,0
DA:54,0
DA:57,0
DA:60,0
DA:61,0
DA:62,0
DA:63,0
DA:64,0
DA:65,0
DA:67,0
DA:69,0
DA:73,0
DA:76,0
DA:77,0
DA:82,0
DA:83,0
DA:84,0
DA:85,0
DA:86,0
DA:88,0
DA:89,0
DA:90,0
DA:91,0
DA:94,0
DA:95,0
DA:96,0
DA:100,0
DA:101,0
DA:102,0
DA:105,0
DA:107,0
DA:108,0
DA:113,0
DA:114,0
DA:116,0
DA:117,0
DA:121,0
DA:129,0
DA:130,0
DA:132,0
DA:133,0
DA:135,0
DA:136,0
DA:138,0
DA:139,0
DA:140,0
DA:141,0
DA:142,0
DA:145,0
DA:146,0
DA:149,0
DA:150,0
DA:151,0
DA:153,0
DA:159,0
DA:160,0
DA:161,0
DA:163,0
DA:164,0
DA:165,0
DA:166,0
DA:170,0
LF:77
LH:0
BRDA:40,0,0,0
BRDA:40,0,1,0
BRDA:43,1,0,0
BRDA:43,1,1,0
BRDA:64,2,0,0
BRDA:64,2,1,0
BRDA:86,3,0,0
BRDA:86,3,1,0
BRDA:86,4,0,0
BRDA:86,4,1,0
BRDA:94,5,0,0
BRDA:94,5,1,0
BRDA:121,6,0,0
BRDA:121,6,1,0
BRDA:135,7,0,0
BRDA:135,7,1,0
BRDA:146,8,0,0
BRDA:146,8,1,0
BRDA:150,9,0,0
BRDA:150,9,1,0
BRDA:160,10,0,0
BRDA:160,10,1,0
BRF:22
BRH:0
end_of_record
TN:
SF:specs/nodeTests/jest.config.js
FNF:0
FNH:0
DA:1,0
DA:3,0
DA:5,0
LF:3
LH:0
BRF:0
BRH:0
end_of_record
TN:
SF:specs/reactTests/jest.config.js
FNF:0
FNH:0
DA:1,0
DA:3,0
DA:5,0
LF:3
LH:0
BRF:0
BRH:0
end_of_record
